{"C:\\GitHub\\aj2425_team406\\src\\backend\\jest.setup.js": {"path":"C:\\GitHub\\aj2425_team406\\src\\backend\\jest.setup.js","statementMap":{"0":{"start":{"line":5,"column":0},"end":{"line":5,"column":79}}},"fnMap":{},"branchMap":{},"s":{"0":0},"f":{},"b":{}}
,"C:\\GitHub\\aj2425_team406\\src\\backend\\server.js": {"path":"C:\\GitHub\\aj2425_team406\\src\\backend\\server.js","statementMap":{"0":{"start":{"line":8,"column":0},"end":{"line":8,"column":79}},"1":{"start":{"line":10,"column":16},"end":{"line":10,"column":34}},"2":{"start":{"line":12,"column":21},"end":{"line":12,"column":53}},"3":{"start":{"line":13,"column":22},"end":{"line":13,"column":55}},"4":{"start":{"line":14,"column":13},"end":{"line":14,"column":28}},"5":{"start":{"line":15,"column":19},"end":{"line":15,"column":49}},"6":{"start":{"line":16,"column":26},"end":{"line":16,"column":63}},"7":{"start":{"line":19,"column":20},"end":{"line":19,"column":51}},"8":{"start":{"line":20,"column":22},"end":{"line":20,"column":55}},"9":{"start":{"line":22,"column":0},"end":{"line":24,"column":1}},"10":{"start":{"line":23,"column":4},"end":{"line":23,"column":79}},"11":{"start":{"line":26,"column":12},"end":{"line":26,"column":21}},"12":{"start":{"line":28,"column":16},"end":{"line":28,"column":42}},"13":{"start":{"line":31,"column":0},"end":{"line":43,"column":4}},"14":{"start":{"line":48,"column":0},"end":{"line":55,"column":4}},"15":{"start":{"line":58,"column":0},"end":{"line":58,"column":41}},"16":{"start":{"line":59,"column":0},"end":{"line":59,"column":63}},"17":{"start":{"line":62,"column":0},"end":{"line":65,"column":3}},"18":{"start":{"line":63,"column":4},"end":{"line":63,"column":74}},"19":{"start":{"line":64,"column":4},"end":{"line":64,"column":11}},"20":{"start":{"line":68,"column":0},"end":{"line":68,"column":33}},"21":{"start":{"line":69,"column":0},"end":{"line":69,"column":30}},"22":{"start":{"line":70,"column":0},"end":{"line":70,"column":31}},"23":{"start":{"line":71,"column":0},"end":{"line":71,"column":35}},"24":{"start":{"line":72,"column":0},"end":{"line":72,"column":35}},"25":{"start":{"line":73,"column":0},"end":{"line":73,"column":39}},"26":{"start":{"line":76,"column":0},"end":{"line":79,"column":3}},"27":{"start":{"line":77,"column":4},"end":{"line":77,"column":48}},"28":{"start":{"line":78,"column":4},"end":{"line":78,"column":83}},"29":{"start":{"line":82,"column":0},"end":{"line":88,"column":3}},"30":{"start":{"line":83,"column":23},"end":{"line":83,"column":31}},"31":{"start":{"line":85,"column":4},"end":{"line":85,"column":45}},"32":{"start":{"line":87,"column":4},"end":{"line":87,"column":39}},"33":{"start":{"line":95,"column":0},"end":{"line":98,"column":1}},"34":{"start":{"line":96,"column":17},"end":{"line":96,"column":41}},"35":{"start":{"line":97,"column":4},"end":{"line":97,"column":76}},"36":{"start":{"line":97,"column":27},"end":{"line":97,"column":74}},"37":{"start":{"line":101,"column":0},"end":{"line":101,"column":21}}},"fnMap":{"0":{"name":"(anonymous_0)","decl":{"start":{"line":62,"column":8},"end":{"line":62,"column":9}},"loc":{"start":{"line":62,"column":28},"end":{"line":65,"column":1}},"line":62},"1":{"name":"(anonymous_1)","decl":{"start":{"line":76,"column":8},"end":{"line":76,"column":9}},"loc":{"start":{"line":76,"column":33},"end":{"line":79,"column":1}},"line":76},"2":{"name":"(anonymous_2)","decl":{"start":{"line":82,"column":31},"end":{"line":82,"column":32}},"loc":{"start":{"line":82,"column":45},"end":{"line":88,"column":1}},"line":82},"3":{"name":"(anonymous_3)","decl":{"start":{"line":97,"column":21},"end":{"line":97,"column":22}},"loc":{"start":{"line":97,"column":27},"end":{"line":97,"column":74}},"line":97}},"branchMap":{"0":{"loc":{"start":{"line":22,"column":0},"end":{"line":24,"column":1}},"type":"if","locations":[{"start":{"line":22,"column":0},"end":{"line":24,"column":1}},{"start":{},"end":{}}],"line":22},"1":{"loc":{"start":{"line":95,"column":0},"end":{"line":98,"column":1}},"type":"if","locations":[{"start":{"line":95,"column":0},"end":{"line":98,"column":1}},{"start":{},"end":{}}],"line":95},"2":{"loc":{"start":{"line":96,"column":17},"end":{"line":96,"column":41}},"type":"binary-expr","locations":[{"start":{"line":96,"column":17},"end":{"line":96,"column":33}},{"start":{"line":96,"column":37},"end":{"line":96,"column":41}}],"line":96}},"s":{"0":5,"1":5,"2":5,"3":5,"4":5,"5":5,"6":5,"7":5,"8":5,"9":5,"10":0,"11":5,"12":5,"13":5,"14":5,"15":5,"16":5,"17":5,"18":36,"19":36,"20":5,"21":5,"22":5,"23":5,"24":5,"25":5,"26":5,"27":0,"28":0,"29":5,"30":0,"31":0,"32":0,"33":5,"34":0,"35":0,"36":0,"37":5},"f":{"0":36,"1":0,"2":0,"3":0},"b":{"0":[0,5],"1":[0,5],"2":[0,0]},"_coverageSchema":"1a1c01bbd47fc00a2c39e90264f33305004495a9","hash":"df247a96d58990418b68f8e2b16e1f3a9908a14f"}
,"C:\\GitHub\\aj2425_team406\\src\\backend\\controllers\\authController.js": {"path":"C:\\GitHub\\aj2425_team406\\src\\backend\\controllers\\authController.js","statementMap":{"0":{"start":{"line":15,"column":86},"end":{"line":15,"column":116}},"1":{"start":{"line":16,"column":22},"end":{"line":16,"column":51}},"2":{"start":{"line":17,"column":22},"end":{"line":17,"column":65}},"3":{"start":{"line":18,"column":15},"end":{"line":18,"column":34}},"4":{"start":{"line":19,"column":15},"end":{"line":19,"column":32}},"5":{"start":{"line":23,"column":15},"end":{"line":55,"column":1}},"6":{"start":{"line":24,"column":120},"end":{"line":24,"column":128}},"7":{"start":{"line":26,"column":4},"end":{"line":28,"column":5}},"8":{"start":{"line":27,"column":8},"end":{"line":27,"column":76}},"9":{"start":{"line":29,"column":4},"end":{"line":31,"column":5}},"10":{"start":{"line":30,"column":8},"end":{"line":30,"column":75}},"11":{"start":{"line":33,"column":4},"end":{"line":53,"column":5}},"12":{"start":{"line":35,"column":23},"end":{"line":35,"column":73}},"13":{"start":{"line":38,"column":8},"end":{"line":40,"column":9}},"14":{"start":{"line":39,"column":12},"end":{"line":39,"column":102}},"15":{"start":{"line":42,"column":8},"end":{"line":44,"column":11}},"16":{"start":{"line":47,"column":8},"end":{"line":52,"column":9}},"17":{"start":{"line":48,"column":12},"end":{"line":48,"column":77}},"18":{"start":{"line":50,"column":12},"end":{"line":50,"column":50}},"19":{"start":{"line":51,"column":12},"end":{"line":51,"column":79}},"20":{"start":{"line":59,"column":14},"end":{"line":96,"column":1}},"21":{"start":{"line":60,"column":32},"end":{"line":60,"column":40}},"22":{"start":{"line":62,"column":4},"end":{"line":64,"column":5}},"23":{"start":{"line":63,"column":8},"end":{"line":63,"column":76}},"24":{"start":{"line":66,"column":4},"end":{"line":95,"column":5}},"25":{"start":{"line":67,"column":21},"end":{"line":67,"column":49}},"26":{"start":{"line":68,"column":8},"end":{"line":70,"column":9}},"27":{"start":{"line":69,"column":12},"end":{"line":69,"column":76}},"28":{"start":{"line":73,"column":24},"end":{"line":73,"column":68}},"29":{"start":{"line":74,"column":8},"end":{"line":76,"column":9}},"30":{"start":{"line":75,"column":12},"end":{"line":75,"column":76}},"31":{"start":{"line":79,"column":8},"end":{"line":84,"column":10}},"32":{"start":{"line":89,"column":8},"end":{"line":92,"column":11}},"33":{"start":{"line":94,"column":8},"end":{"line":94,"column":69}},"34":{"start":{"line":99,"column":15},"end":{"line":102,"column":1}},"35":{"start":{"line":100,"column":4},"end":{"line":100,"column":26}},"36":{"start":{"line":101,"column":4},"end":{"line":101,"column":59}},"37":{"start":{"line":105,"column":11},"end":{"line":113,"column":1}},"38":{"start":{"line":106,"column":4},"end":{"line":112,"column":5}},"39":{"start":{"line":108,"column":42},"end":{"line":108,"column":58}},"40":{"start":{"line":109,"column":8},"end":{"line":109,"column":63}},"41":{"start":{"line":111,"column":8},"end":{"line":111,"column":70}},"42":{"start":{"line":116,"column":15},"end":{"line":150,"column":1}},"43":{"start":{"line":117,"column":22},"end":{"line":117,"column":30}},"44":{"start":{"line":118,"column":4},"end":{"line":118,"column":78}},"45":{"start":{"line":118,"column":16},"end":{"line":118,"column":78}},"46":{"start":{"line":120,"column":4},"end":{"line":149,"column":5}},"47":{"start":{"line":121,"column":21},"end":{"line":121,"column":49}},"48":{"start":{"line":123,"column":8},"end":{"line":125,"column":9}},"49":{"start":{"line":124,"column":12},"end":{"line":124,"column":71}},"50":{"start":{"line":127,"column":22},"end":{"line":127,"column":60}},"51":{"start":{"line":128,"column":23},"end":{"line":128,"column":53}},"52":{"start":{"line":130,"column":8},"end":{"line":130,"column":59}},"53":{"start":{"line":132,"column":26},"end":{"line":132,"column":79}},"54":{"start":{"line":135,"column":28},"end":{"line":139,"column":9}},"55":{"start":{"line":141,"column":8},"end":{"line":143,"column":9}},"56":{"start":{"line":142,"column":12},"end":{"line":142,"column":83}},"57":{"start":{"line":145,"column":8},"end":{"line":145,"column":62}},"58":{"start":{"line":147,"column":8},"end":{"line":147,"column":27}},"59":{"start":{"line":148,"column":8},"end":{"line":148,"column":58}},"60":{"start":{"line":155,"column":24},"end":{"line":176,"column":1}},"61":{"start":{"line":156,"column":22},"end":{"line":156,"column":30}},"62":{"start":{"line":158,"column":4},"end":{"line":175,"column":5}},"63":{"start":{"line":159,"column":23},"end":{"line":159,"column":47}},"64":{"start":{"line":161,"column":8},"end":{"line":163,"column":9}},"65":{"start":{"line":162,"column":12},"end":{"line":162,"column":77}},"66":{"start":{"line":165,"column":8},"end":{"line":168,"column":11}},"67":{"start":{"line":170,"column":8},"end":{"line":170,"column":69}},"68":{"start":{"line":171,"column":8},"end":{"line":174,"column":11}},"69":{"start":{"line":179,"column":22},"end":{"line":203,"column":1}},"70":{"start":{"line":180,"column":47},"end":{"line":180,"column":55}},"71":{"start":{"line":182,"column":4},"end":{"line":184,"column":5}},"72":{"start":{"line":183,"column":8},"end":{"line":183,"column":72}},"73":{"start":{"line":185,"column":4},"end":{"line":187,"column":5}},"74":{"start":{"line":186,"column":8},"end":{"line":186,"column":75}},"75":{"start":{"line":188,"column":4},"end":{"line":202,"column":5}},"76":{"start":{"line":189,"column":23},"end":{"line":189,"column":61}},"77":{"start":{"line":192,"column":8},"end":{"line":194,"column":9}},"78":{"start":{"line":193,"column":12},"end":{"line":193,"column":77}},"79":{"start":{"line":195,"column":8},"end":{"line":195,"column":75}},"80":{"start":{"line":197,"column":8},"end":{"line":197,"column":68}},"81":{"start":{"line":198,"column":8},"end":{"line":201,"column":11}},"82":{"start":{"line":210,"column":0},"end":{"line":218,"column":2}}},"fnMap":{"0":{"name":"(anonymous_0)","decl":{"start":{"line":23,"column":15},"end":{"line":23,"column":16}},"loc":{"start":{"line":23,"column":35},"end":{"line":55,"column":1}},"line":23},"1":{"name":"(anonymous_1)","decl":{"start":{"line":59,"column":14},"end":{"line":59,"column":15}},"loc":{"start":{"line":59,"column":34},"end":{"line":96,"column":1}},"line":59},"2":{"name":"(anonymous_2)","decl":{"start":{"line":99,"column":15},"end":{"line":99,"column":16}},"loc":{"start":{"line":99,"column":29},"end":{"line":102,"column":1}},"line":99},"3":{"name":"(anonymous_3)","decl":{"start":{"line":105,"column":11},"end":{"line":105,"column":12}},"loc":{"start":{"line":105,"column":25},"end":{"line":113,"column":1}},"line":105},"4":{"name":"(anonymous_4)","decl":{"start":{"line":116,"column":15},"end":{"line":116,"column":16}},"loc":{"start":{"line":116,"column":35},"end":{"line":150,"column":1}},"line":116},"5":{"name":"(anonymous_5)","decl":{"start":{"line":155,"column":24},"end":{"line":155,"column":25}},"loc":{"start":{"line":155,"column":44},"end":{"line":176,"column":1}},"line":155},"6":{"name":"(anonymous_6)","decl":{"start":{"line":179,"column":22},"end":{"line":179,"column":23}},"loc":{"start":{"line":179,"column":42},"end":{"line":203,"column":1}},"line":179}},"branchMap":{"0":{"loc":{"start":{"line":26,"column":4},"end":{"line":28,"column":5}},"type":"if","locations":[{"start":{"line":26,"column":4},"end":{"line":28,"column":5}},{"start":{},"end":{}}],"line":26},"1":{"loc":{"start":{"line":26,"column":8},"end":{"line":26,"column":44}},"type":"binary-expr","locations":[{"start":{"line":26,"column":8},"end":{"line":26,"column":14}},{"start":{"line":26,"column":18},"end":{"line":26,"column":27}},{"start":{"line":26,"column":31},"end":{"line":26,"column":44}}],"line":26},"2":{"loc":{"start":{"line":29,"column":4},"end":{"line":31,"column":5}},"type":"if","locations":[{"start":{"line":29,"column":4},"end":{"line":31,"column":5}},{"start":{},"end":{}}],"line":29},"3":{"loc":{"start":{"line":38,"column":8},"end":{"line":40,"column":9}},"type":"if","locations":[{"start":{"line":38,"column":8},"end":{"line":40,"column":9}},{"start":{},"end":{}}],"line":38},"4":{"loc":{"start":{"line":43,"column":21},"end":{"line":43,"column":100}},"type":"cond-expr","locations":[{"start":{"line":43,"column":29},"end":{"line":43,"column":67}},{"start":{"line":43,"column":70},"end":{"line":43,"column":100}}],"line":43},"5":{"loc":{"start":{"line":47,"column":8},"end":{"line":52,"column":9}},"type":"if","locations":[{"start":{"line":47,"column":8},"end":{"line":52,"column":9}},{"start":{"line":49,"column":15},"end":{"line":52,"column":9}}],"line":47},"6":{"loc":{"start":{"line":62,"column":4},"end":{"line":64,"column":5}},"type":"if","locations":[{"start":{"line":62,"column":4},"end":{"line":64,"column":5}},{"start":{},"end":{}}],"line":62},"7":{"loc":{"start":{"line":62,"column":8},"end":{"line":62,"column":27}},"type":"binary-expr","locations":[{"start":{"line":62,"column":8},"end":{"line":62,"column":14}},{"start":{"line":62,"column":18},"end":{"line":62,"column":27}}],"line":62},"8":{"loc":{"start":{"line":68,"column":8},"end":{"line":70,"column":9}},"type":"if","locations":[{"start":{"line":68,"column":8},"end":{"line":70,"column":9}},{"start":{},"end":{}}],"line":68},"9":{"loc":{"start":{"line":74,"column":8},"end":{"line":76,"column":9}},"type":"if","locations":[{"start":{"line":74,"column":8},"end":{"line":76,"column":9}},{"start":{},"end":{}}],"line":74},"10":{"loc":{"start":{"line":106,"column":4},"end":{"line":112,"column":5}},"type":"if","locations":[{"start":{"line":106,"column":4},"end":{"line":112,"column":5}},{"start":{"line":110,"column":11},"end":{"line":112,"column":5}}],"line":106},"11":{"loc":{"start":{"line":106,"column":8},"end":{"line":106,"column":39}},"type":"binary-expr","locations":[{"start":{"line":106,"column":8},"end":{"line":106,"column":19}},{"start":{"line":106,"column":23},"end":{"line":106,"column":39}}],"line":106},"12":{"loc":{"start":{"line":118,"column":4},"end":{"line":118,"column":78}},"type":"if","locations":[{"start":{"line":118,"column":4},"end":{"line":118,"column":78}},{"start":{},"end":{}}],"line":118},"13":{"loc":{"start":{"line":123,"column":8},"end":{"line":125,"column":9}},"type":"if","locations":[{"start":{"line":123,"column":8},"end":{"line":125,"column":9}},{"start":{},"end":{}}],"line":123},"14":{"loc":{"start":{"line":141,"column":8},"end":{"line":143,"column":9}},"type":"if","locations":[{"start":{"line":141,"column":8},"end":{"line":143,"column":9}},{"start":{},"end":{}}],"line":141},"15":{"loc":{"start":{"line":161,"column":8},"end":{"line":163,"column":9}},"type":"if","locations":[{"start":{"line":161,"column":8},"end":{"line":163,"column":9}},{"start":{},"end":{}}],"line":161},"16":{"loc":{"start":{"line":182,"column":4},"end":{"line":184,"column":5}},"type":"if","locations":[{"start":{"line":182,"column":4},"end":{"line":184,"column":5}},{"start":{},"end":{}}],"line":182},"17":{"loc":{"start":{"line":182,"column":8},"end":{"line":182,"column":34}},"type":"binary-expr","locations":[{"start":{"line":182,"column":8},"end":{"line":182,"column":17}},{"start":{"line":182,"column":21},"end":{"line":182,"column":34}}],"line":182},"18":{"loc":{"start":{"line":185,"column":4},"end":{"line":187,"column":5}},"type":"if","locations":[{"start":{"line":185,"column":4},"end":{"line":187,"column":5}},{"start":{},"end":{}}],"line":185},"19":{"loc":{"start":{"line":192,"column":8},"end":{"line":194,"column":9}},"type":"if","locations":[{"start":{"line":192,"column":8},"end":{"line":194,"column":9}},{"start":{},"end":{}}],"line":192}},"s":{"0":5,"1":5,"2":5,"3":5,"4":5,"5":5,"6":2,"7":2,"8":0,"9":2,"10":0,"11":2,"12":2,"13":1,"14":0,"15":1,"16":1,"17":1,"18":0,"19":0,"20":5,"21":6,"22":6,"23":0,"24":6,"25":6,"26":6,"27":0,"28":6,"29":6,"30":1,"31":5,"32":5,"33":0,"34":5,"35":0,"36":0,"37":5,"38":0,"39":0,"40":0,"41":0,"42":5,"43":2,"44":2,"45":0,"46":2,"47":2,"48":2,"49":0,"50":2,"51":2,"52":2,"53":2,"54":2,"55":2,"56":0,"57":2,"58":0,"59":0,"60":5,"61":0,"62":0,"63":0,"64":0,"65":0,"66":0,"67":0,"68":0,"69":5,"70":1,"71":1,"72":0,"73":1,"74":0,"75":1,"76":1,"77":1,"78":0,"79":1,"80":0,"81":0,"82":5},"f":{"0":2,"1":6,"2":0,"3":0,"4":2,"5":0,"6":1},"b":{"0":[0,2],"1":[2,2,2],"2":[0,2],"3":[0,1],"4":[0,1],"5":[1,0],"6":[0,6],"7":[6,6],"8":[0,6],"9":[1,5],"10":[0,0],"11":[0,0],"12":[0,2],"13":[0,2],"14":[0,2],"15":[0,0],"16":[0,1],"17":[1,1],"18":[0,1],"19":[0,1]},"_coverageSchema":"1a1c01bbd47fc00a2c39e90264f33305004495a9","hash":"b3936374b473d55b44d6b9b8b28d3f5166ab65d2"}
,"C:\\GitHub\\aj2425_team406\\src\\backend\\controllers\\contactController.js": {"path":"C:\\GitHub\\aj2425_team406\\src\\backend\\controllers\\contactController.js","statementMap":{"0":{"start":{"line":4,"column":19},"end":{"line":4,"column":40}},"1":{"start":{"line":12,"column":18},"end":{"line":34,"column":1}},"2":{"start":{"line":13,"column":4},"end":{"line":33,"column":5}},"3":{"start":{"line":14,"column":28},"end":{"line":20,"column":10}},"4":{"start":{"line":22,"column":23},"end":{"line":27,"column":10}},"5":{"start":{"line":29,"column":8},"end":{"line":29,"column":62}},"6":{"start":{"line":31,"column":8},"end":{"line":31,"column":53}},"7":{"start":{"line":32,"column":8},"end":{"line":32,"column":56}},"8":{"start":{"line":37,"column":25},"end":{"line":72,"column":1}},"9":{"start":{"line":38,"column":37},"end":{"line":38,"column":45}},"10":{"start":{"line":41,"column":4},"end":{"line":43,"column":5}},"11":{"start":{"line":42,"column":8},"end":{"line":42,"column":80}},"12":{"start":{"line":45,"column":4},"end":{"line":47,"column":5}},"13":{"start":{"line":46,"column":8},"end":{"line":46,"column":78}},"14":{"start":{"line":49,"column":4},"end":{"line":71,"column":5}},"15":{"start":{"line":51,"column":28},"end":{"line":57,"column":10}},"16":{"start":{"line":60,"column":8},"end":{"line":65,"column":11}},"17":{"start":{"line":67,"column":8},"end":{"line":67,"column":69}},"18":{"start":{"line":69,"column":8},"end":{"line":69,"column":27}},"19":{"start":{"line":70,"column":8},"end":{"line":70,"column":58}},"20":{"start":{"line":74,"column":0},"end":{"line":77,"column":2}}},"fnMap":{"0":{"name":"(anonymous_0)","decl":{"start":{"line":12,"column":18},"end":{"line":12,"column":19}},"loc":{"start":{"line":12,"column":54},"end":{"line":34,"column":1}},"line":12},"1":{"name":"(anonymous_1)","decl":{"start":{"line":37,"column":25},"end":{"line":37,"column":26}},"loc":{"start":{"line":37,"column":45},"end":{"line":72,"column":1}},"line":37}},"branchMap":{"0":{"loc":{"start":{"line":41,"column":4},"end":{"line":43,"column":5}},"type":"if","locations":[{"start":{"line":41,"column":4},"end":{"line":43,"column":5}},{"start":{},"end":{}}],"line":41},"1":{"loc":{"start":{"line":45,"column":4},"end":{"line":47,"column":5}},"type":"if","locations":[{"start":{"line":45,"column":4},"end":{"line":47,"column":5}},{"start":{},"end":{}}],"line":45},"2":{"loc":{"start":{"line":63,"column":21},"end":{"line":63,"column":49}},"type":"binary-expr","locations":[{"start":{"line":63,"column":21},"end":{"line":63,"column":28}},{"start":{"line":63,"column":32},"end":{"line":63,"column":49}}],"line":63}},"s":{"0":5,"1":5,"2":2,"3":2,"4":2,"5":2,"6":0,"7":0,"8":5,"9":0,"10":0,"11":0,"12":0,"13":0,"14":0,"15":0,"16":0,"17":0,"18":0,"19":0,"20":5},"f":{"0":2,"1":0},"b":{"0":[0,0],"1":[0,0],"2":[0,0]},"_coverageSchema":"1a1c01bbd47fc00a2c39e90264f33305004495a9","hash":"142973fde3a4b2132ed4103d16297a0ad85ef820"}
,"C:\\GitHub\\aj2425_team406\\src\\backend\\controllers\\opportunityController.js": {"path":"C:\\GitHub\\aj2425_team406\\src\\backend\\controllers\\opportunityController.js","statementMap":{"0":{"start":{"line":4,"column":4},"end":{"line":4,"column":41}},"1":{"start":{"line":5,"column":30},"end":{"line":5,"column":59}},"2":{"start":{"line":7,"column":0},"end":{"line":48,"column":2}},"3":{"start":{"line":8,"column":4},"end":{"line":47,"column":5}},"4":{"start":{"line":9,"column":8},"end":{"line":11,"column":9}},"5":{"start":{"line":10,"column":12},"end":{"line":10,"column":67}},"6":{"start":{"line":13,"column":8},"end":{"line":15,"column":9}},"7":{"start":{"line":14,"column":12},"end":{"line":14,"column":87}},"8":{"start":{"line":18,"column":21},"end":{"line":18,"column":65}},"9":{"start":{"line":19,"column":27},"end":{"line":19,"column":34}},"10":{"start":{"line":21,"column":8},"end":{"line":21,"column":62}},"11":{"start":{"line":23,"column":8},"end":{"line":25,"column":9}},"12":{"start":{"line":24,"column":12},"end":{"line":24,"column":88}},"13":{"start":{"line":27,"column":32},"end":{"line":32,"column":9}},"14":{"start":{"line":34,"column":8},"end":{"line":36,"column":9}},"15":{"start":{"line":35,"column":12},"end":{"line":35,"column":78}},"16":{"start":{"line":38,"column":30},"end":{"line":38,"column":68}},"17":{"start":{"line":40,"column":8},"end":{"line":43,"column":11}},"18":{"start":{"line":45,"column":8},"end":{"line":45,"column":56}},"19":{"start":{"line":46,"column":8},"end":{"line":46,"column":56}},"20":{"start":{"line":50,"column":0},"end":{"line":58,"column":2}},"21":{"start":{"line":51,"column":4},"end":{"line":57,"column":5}},"22":{"start":{"line":52,"column":30},"end":{"line":52,"column":57}},"23":{"start":{"line":53,"column":8},"end":{"line":53,"column":32}},"24":{"start":{"line":55,"column":8},"end":{"line":55,"column":62}},"25":{"start":{"line":56,"column":8},"end":{"line":56,"column":56}}},"fnMap":{"0":{"name":"(anonymous_0)","decl":{"start":{"line":7,"column":28},"end":{"line":7,"column":29}},"loc":{"start":{"line":7,"column":48},"end":{"line":48,"column":1}},"line":7},"1":{"name":"(anonymous_1)","decl":{"start":{"line":50,"column":30},"end":{"line":50,"column":31}},"loc":{"start":{"line":50,"column":50},"end":{"line":58,"column":1}},"line":50}},"branchMap":{"0":{"loc":{"start":{"line":9,"column":8},"end":{"line":11,"column":9}},"type":"if","locations":[{"start":{"line":9,"column":8},"end":{"line":11,"column":9}},{"start":{},"end":{}}],"line":9},"1":{"loc":{"start":{"line":13,"column":8},"end":{"line":15,"column":9}},"type":"if","locations":[{"start":{"line":13,"column":8},"end":{"line":15,"column":9}},{"start":{},"end":{}}],"line":13},"2":{"loc":{"start":{"line":23,"column":8},"end":{"line":25,"column":9}},"type":"if","locations":[{"start":{"line":23,"column":8},"end":{"line":25,"column":9}},{"start":{},"end":{}}],"line":23},"3":{"loc":{"start":{"line":23,"column":12},"end":{"line":23,"column":52}},"type":"binary-expr","locations":[{"start":{"line":23,"column":12},"end":{"line":23,"column":23}},{"start":{"line":23,"column":27},"end":{"line":23,"column":52}}],"line":23},"4":{"loc":{"start":{"line":34,"column":8},"end":{"line":36,"column":9}},"type":"if","locations":[{"start":{"line":34,"column":8},"end":{"line":36,"column":9}},{"start":{},"end":{}}],"line":34},"5":{"loc":{"start":{"line":34,"column":12},"end":{"line":34,"column":63}},"type":"binary-expr","locations":[{"start":{"line":34,"column":12},"end":{"line":34,"column":34}},{"start":{"line":34,"column":38},"end":{"line":34,"column":63}}],"line":34}},"s":{"0":5,"1":5,"2":5,"3":3,"4":3,"5":1,"6":2,"7":0,"8":2,"9":2,"10":2,"11":2,"12":0,"13":2,"14":2,"15":1,"16":1,"17":1,"18":0,"19":0,"20":5,"21":0,"22":0,"23":0,"24":0,"25":0},"f":{"0":3,"1":0},"b":{"0":[1,2],"1":[0,2],"2":[0,2],"3":[2,2],"4":[1,1],"5":[2,1]},"_coverageSchema":"1a1c01bbd47fc00a2c39e90264f33305004495a9","hash":"2d19f2e2529f9540eaa200c897e215cefe179f18"}
,"C:\\GitHub\\aj2425_team406\\src\\backend\\controllers\\profileController.js": {"path":"C:\\GitHub\\aj2425_team406\\src\\backend\\controllers\\profileController.js","statementMap":{"0":{"start":{"line":7,"column":4},"end":{"line":7,"column":35}},"1":{"start":{"line":19,"column":4},"end":{"line":19,"column":34}},"2":{"start":{"line":24,"column":4},"end":{"line":24,"column":33}},"3":{"start":{"line":25,"column":21},"end":{"line":25,"column":50}},"4":{"start":{"line":28,"column":27},"end":{"line":81,"column":1}},"5":{"start":{"line":30,"column":24},"end":{"line":30,"column":40}},"6":{"start":{"line":31,"column":4},"end":{"line":33,"column":5}},"7":{"start":{"line":32,"column":8},"end":{"line":32,"column":63}},"8":{"start":{"line":34,"column":15},"end":{"line":34,"column":29}},"9":{"start":{"line":35,"column":4},"end":{"line":35,"column":40}},"10":{"start":{"line":37,"column":4},"end":{"line":80,"column":5}},"11":{"start":{"line":39,"column":21},"end":{"line":39,"column":43}},"12":{"start":{"line":40,"column":8},"end":{"line":40,"column":41}},"13":{"start":{"line":41,"column":8},"end":{"line":43,"column":9}},"14":{"start":{"line":42,"column":12},"end":{"line":42,"column":69}},"15":{"start":{"line":46,"column":28},"end":{"line":46,"column":52}},"16":{"start":{"line":47,"column":27},"end":{"line":47,"column":31}},"17":{"start":{"line":48,"column":8},"end":{"line":51,"column":9}},"18":{"start":{"line":49,"column":24},"end":{"line":49,"column":54}},"19":{"start":{"line":50,"column":12},"end":{"line":50,"column":58}},"20":{"start":{"line":53,"column":8},"end":{"line":77,"column":9}},"21":{"start":{"line":54,"column":31},"end":{"line":54,"column":59}},"22":{"start":{"line":55,"column":34},"end":{"line":55,"column":65}},"23":{"start":{"line":56,"column":30},"end":{"line":56,"column":57}},"24":{"start":{"line":57,"column":12},"end":{"line":57,"column":100}},"25":{"start":{"line":59,"column":15},"end":{"line":77,"column":9}},"26":{"start":{"line":61,"column":28},"end":{"line":61,"column":50}},"27":{"start":{"line":62,"column":37},"end":{"line":62,"column":66}},"28":{"start":{"line":63,"column":33},"end":{"line":63,"column":58}},"29":{"start":{"line":64,"column":28},"end":{"line":64,"column":56}},"30":{"start":{"line":65,"column":25},"end":{"line":65,"column":43}},"31":{"start":{"line":66,"column":34},"end":{"line":66,"column":67}},"32":{"start":{"line":67,"column":12},"end":{"line":67,"column":135}},"33":{"start":{"line":71,"column":28},"end":{"line":71,"column":50}},"34":{"start":{"line":72,"column":30},"end":{"line":72,"column":57}},"35":{"start":{"line":73,"column":31},"end":{"line":73,"column":59}},"36":{"start":{"line":74,"column":30},"end":{"line":74,"column":61}},"37":{"start":{"line":75,"column":32},"end":{"line":75,"column":65}},"38":{"start":{"line":76,"column":12},"end":{"line":76,"column":118}},"39":{"start":{"line":79,"column":8},"end":{"line":79,"column":77}},"40":{"start":{"line":83,"column":25},"end":{"line":116,"column":1}},"41":{"start":{"line":85,"column":24},"end":{"line":85,"column":40}},"42":{"start":{"line":86,"column":4},"end":{"line":88,"column":5}},"43":{"start":{"line":87,"column":8},"end":{"line":87,"column":63}},"44":{"start":{"line":89,"column":19},"end":{"line":89,"column":33}},"45":{"start":{"line":93,"column":4},"end":{"line":100,"column":5}},"46":{"start":{"line":94,"column":23},"end":{"line":94,"column":60}},"47":{"start":{"line":95,"column":8},"end":{"line":95,"column":50}},"48":{"start":{"line":96,"column":11},"end":{"line":100,"column":5}},"49":{"start":{"line":97,"column":8},"end":{"line":97,"column":36}},"50":{"start":{"line":99,"column":8},"end":{"line":99,"column":68}},"51":{"start":{"line":103,"column":4},"end":{"line":115,"column":5}},"52":{"start":{"line":104,"column":23},"end":{"line":104,"column":62}},"53":{"start":{"line":105,"column":8},"end":{"line":108,"column":11}},"54":{"start":{"line":110,"column":8},"end":{"line":110,"column":57}},"55":{"start":{"line":111,"column":8},"end":{"line":114,"column":11}},"56":{"start":{"line":118,"column":24},"end":{"line":132,"column":1}},"57":{"start":{"line":120,"column":19},"end":{"line":120,"column":38}},"58":{"start":{"line":121,"column":20},"end":{"line":121,"column":28}},"59":{"start":{"line":122,"column":4},"end":{"line":124,"column":5}},"60":{"start":{"line":123,"column":8},"end":{"line":123,"column":63}},"61":{"start":{"line":125,"column":4},"end":{"line":131,"column":5}},"62":{"start":{"line":126,"column":8},"end":{"line":126,"column":47}},"63":{"start":{"line":127,"column":8},"end":{"line":127,"column":70}},"64":{"start":{"line":129,"column":8},"end":{"line":129,"column":53}},"65":{"start":{"line":130,"column":8},"end":{"line":130,"column":70}},"66":{"start":{"line":134,"column":19},"end":{"line":149,"column":1}},"67":{"start":{"line":136,"column":19},"end":{"line":136,"column":38}},"68":{"start":{"line":137,"column":29},"end":{"line":137,"column":37}},"69":{"start":{"line":139,"column":4},"end":{"line":141,"column":5}},"70":{"start":{"line":140,"column":8},"end":{"line":140,"column":63}},"71":{"start":{"line":143,"column":4},"end":{"line":148,"column":5}},"72":{"start":{"line":144,"column":8},"end":{"line":144,"column":47}},"73":{"start":{"line":145,"column":8},"end":{"line":145,"column":67}},"74":{"start":{"line":147,"column":8},"end":{"line":147,"column":69}},"75":{"start":{"line":152,"column":27},"end":{"line":168,"column":1}},"76":{"start":{"line":154,"column":19},"end":{"line":154,"column":38}},"77":{"start":{"line":155,"column":20},"end":{"line":155,"column":28}},"78":{"start":{"line":156,"column":4},"end":{"line":158,"column":5}},"79":{"start":{"line":157,"column":8},"end":{"line":157,"column":63}},"80":{"start":{"line":160,"column":4},"end":{"line":166,"column":5}},"81":{"start":{"line":161,"column":8},"end":{"line":161,"column":51}},"82":{"start":{"line":162,"column":8},"end":{"line":162,"column":72}},"83":{"start":{"line":164,"column":8},"end":{"line":164,"column":53}},"84":{"start":{"line":165,"column":8},"end":{"line":165,"column":70}},"85":{"start":{"line":172,"column":0},"end":{"line":172,"column":105}}},"fnMap":{"0":{"name":"(anonymous_0)","decl":{"start":{"line":28,"column":27},"end":{"line":28,"column":28}},"loc":{"start":{"line":28,"column":47},"end":{"line":81,"column":1}},"line":28},"1":{"name":"(anonymous_1)","decl":{"start":{"line":83,"column":25},"end":{"line":83,"column":26}},"loc":{"start":{"line":83,"column":45},"end":{"line":116,"column":1}},"line":83},"2":{"name":"(anonymous_2)","decl":{"start":{"line":118,"column":24},"end":{"line":118,"column":25}},"loc":{"start":{"line":118,"column":44},"end":{"line":132,"column":1}},"line":118},"3":{"name":"(anonymous_3)","decl":{"start":{"line":134,"column":19},"end":{"line":134,"column":20}},"loc":{"start":{"line":134,"column":39},"end":{"line":149,"column":1}},"line":134},"4":{"name":"(anonymous_4)","decl":{"start":{"line":152,"column":27},"end":{"line":152,"column":28}},"loc":{"start":{"line":152,"column":47},"end":{"line":168,"column":1}},"line":152}},"branchMap":{"0":{"loc":{"start":{"line":31,"column":4},"end":{"line":33,"column":5}},"type":"if","locations":[{"start":{"line":31,"column":4},"end":{"line":33,"column":5}},{"start":{},"end":{}}],"line":31},"1":{"loc":{"start":{"line":41,"column":8},"end":{"line":43,"column":9}},"type":"if","locations":[{"start":{"line":41,"column":8},"end":{"line":43,"column":9}},{"start":{},"end":{}}],"line":41},"2":{"loc":{"start":{"line":48,"column":8},"end":{"line":51,"column":9}},"type":"if","locations":[{"start":{"line":48,"column":8},"end":{"line":51,"column":9}},{"start":{},"end":{}}],"line":48},"3":{"loc":{"start":{"line":53,"column":8},"end":{"line":77,"column":9}},"type":"if","locations":[{"start":{"line":53,"column":8},"end":{"line":77,"column":9}},{"start":{"line":59,"column":15},"end":{"line":77,"column":9}}],"line":53},"4":{"loc":{"start":{"line":59,"column":15},"end":{"line":77,"column":9}},"type":"if","locations":[{"start":{"line":59,"column":15},"end":{"line":77,"column":9}},{"start":{"line":70,"column":15},"end":{"line":77,"column":9}}],"line":59},"5":{"loc":{"start":{"line":86,"column":4},"end":{"line":88,"column":5}},"type":"if","locations":[{"start":{"line":86,"column":4},"end":{"line":88,"column":5}},{"start":{},"end":{}}],"line":86},"6":{"loc":{"start":{"line":93,"column":4},"end":{"line":100,"column":5}},"type":"if","locations":[{"start":{"line":93,"column":4},"end":{"line":100,"column":5}},{"start":{"line":96,"column":11},"end":{"line":100,"column":5}}],"line":93},"7":{"loc":{"start":{"line":96,"column":11},"end":{"line":100,"column":5}},"type":"if","locations":[{"start":{"line":96,"column":11},"end":{"line":100,"column":5}},{"start":{"line":98,"column":11},"end":{"line":100,"column":5}}],"line":96},"8":{"loc":{"start":{"line":96,"column":15},"end":{"line":96,"column":42}},"type":"binary-expr","locations":[{"start":{"line":96,"column":15},"end":{"line":96,"column":23}},{"start":{"line":96,"column":27},"end":{"line":96,"column":42}}],"line":96},"9":{"loc":{"start":{"line":122,"column":4},"end":{"line":124,"column":5}},"type":"if","locations":[{"start":{"line":122,"column":4},"end":{"line":124,"column":5}},{"start":{},"end":{}}],"line":122},"10":{"loc":{"start":{"line":139,"column":4},"end":{"line":141,"column":5}},"type":"if","locations":[{"start":{"line":139,"column":4},"end":{"line":141,"column":5}},{"start":{},"end":{}}],"line":139},"11":{"loc":{"start":{"line":156,"column":4},"end":{"line":158,"column":5}},"type":"if","locations":[{"start":{"line":156,"column":4},"end":{"line":158,"column":5}},{"start":{},"end":{}}],"line":156}},"s":{"0":5,"1":5,"2":5,"3":5,"4":5,"5":8,"6":8,"7":1,"8":7,"9":7,"10":7,"11":7,"12":7,"13":7,"14":0,"15":7,"16":7,"17":7,"18":3,"19":3,"20":7,"21":3,"22":3,"23":3,"24":3,"25":4,"26":2,"27":2,"28":2,"29":2,"30":2,"31":2,"32":2,"33":2,"34":2,"35":2,"36":2,"37":2,"38":2,"39":0,"40":5,"41":1,"42":1,"43":0,"44":1,"45":1,"46":1,"47":1,"48":0,"49":0,"50":0,"51":1,"52":1,"53":1,"54":0,"55":0,"56":5,"57":2,"58":2,"59":2,"60":0,"61":2,"62":2,"63":2,"64":0,"65":0,"66":5,"67":0,"68":0,"69":0,"70":0,"71":0,"72":0,"73":0,"74":0,"75":5,"76":1,"77":1,"78":1,"79":0,"80":1,"81":1,"82":1,"83":0,"84":0,"85":5},"f":{"0":8,"1":1,"2":2,"3":0,"4":1},"b":{"0":[1,7],"1":[0,7],"2":[3,4],"3":[3,4],"4":[2,2],"5":[0,1],"6":[1,0],"7":[0,0],"8":[0,0],"9":[0,2],"10":[0,0],"11":[0,1]},"_coverageSchema":"1a1c01bbd47fc00a2c39e90264f33305004495a9","hash":"58d03197468923739f05d3a036b16141745c59bc"}
,"C:\\GitHub\\aj2425_team406\\src\\backend\\controllers\\searchController.js": {"path":"C:\\GitHub\\aj2425_team406\\src\\backend\\controllers\\searchController.js","statementMap":{"0":{"start":{"line":1,"column":17},"end":{"line":1,"column":46}},"1":{"start":{"line":2,"column":17},"end":{"line":2,"column":46}},"2":{"start":{"line":3,"column":25},"end":{"line":3,"column":62}},"3":{"start":{"line":5,"column":0},"end":{"line":38,"column":2}},"4":{"start":{"line":6,"column":4},"end":{"line":37,"column":5}},"5":{"start":{"line":7,"column":27},"end":{"line":7,"column":54}},"6":{"start":{"line":8,"column":27},"end":{"line":8,"column":54}},"7":{"start":{"line":9,"column":27},"end":{"line":9,"column":58}},"8":{"start":{"line":11,"column":23},"end":{"line":11,"column":67}},"9":{"start":{"line":11,"column":48},"end":{"line":11,"column":65}},"10":{"start":{"line":13,"column":21},"end":{"line":29,"column":10}},"11":{"start":{"line":14,"column":29},"end":{"line":16,"column":35}},"12":{"start":{"line":15,"column":29},"end":{"line":15,"column":52}},"13":{"start":{"line":16,"column":26},"end":{"line":16,"column":34}},"14":{"start":{"line":18,"column":27},"end":{"line":20,"column":32}},"15":{"start":{"line":19,"column":27},"end":{"line":19,"column":41}},"16":{"start":{"line":22,"column":12},"end":{"line":27,"column":14}},"17":{"start":{"line":31,"column":8},"end":{"line":34,"column":11}},"18":{"start":{"line":33,"column":35},"end":{"line":33,"column":40}},"19":{"start":{"line":36,"column":8},"end":{"line":36,"column":18}},"20":{"start":{"line":40,"column":0},"end":{"line":68,"column":1}},"21":{"start":{"line":41,"column":4},"end":{"line":67,"column":5}},"22":{"start":{"line":42,"column":36},"end":{"line":42,"column":80}},"23":{"start":{"line":43,"column":27},"end":{"line":43,"column":54}},"24":{"start":{"line":44,"column":27},"end":{"line":44,"column":66}},"25":{"start":{"line":46,"column":23},"end":{"line":46,"column":73}},"26":{"start":{"line":46,"column":50},"end":{"line":46,"column":71}},"27":{"start":{"line":48,"column":30},"end":{"line":59,"column":10}},"28":{"start":{"line":49,"column":29},"end":{"line":51,"column":41}},"29":{"start":{"line":50,"column":32},"end":{"line":50,"column":83}},"30":{"start":{"line":51,"column":29},"end":{"line":51,"column":40}},"31":{"start":{"line":53,"column":27},"end":{"line":55,"column":32}},"32":{"start":{"line":54,"column":27},"end":{"line":54,"column":41}},"33":{"start":{"line":57,"column":12},"end":{"line":57,"column":52}},"34":{"start":{"line":61,"column":8},"end":{"line":64,"column":11}},"35":{"start":{"line":63,"column":37},"end":{"line":63,"column":44}},"36":{"start":{"line":66,"column":8},"end":{"line":66,"column":18}},"37":{"start":{"line":70,"column":0},"end":{"line":121,"column":2}},"38":{"start":{"line":71,"column":22},"end":{"line":71,"column":32}},"39":{"start":{"line":72,"column":19},"end":{"line":72,"column":29}},"40":{"start":{"line":74,"column":4},"end":{"line":74,"column":55}},"41":{"start":{"line":75,"column":4},"end":{"line":75,"column":49}},"42":{"start":{"line":77,"column":4},"end":{"line":120,"column":5}},"43":{"start":{"line":79,"column":8},"end":{"line":82,"column":9}},"44":{"start":{"line":80,"column":12},"end":{"line":80,"column":54}},"45":{"start":{"line":81,"column":12},"end":{"line":81,"column":76}},"46":{"start":{"line":85,"column":25},"end":{"line":85,"column":35}},"47":{"start":{"line":86,"column":24},"end":{"line":86,"column":62}},"48":{"start":{"line":87,"column":8},"end":{"line":87,"column":70}},"49":{"start":{"line":89,"column":8},"end":{"line":92,"column":9}},"50":{"start":{"line":90,"column":12},"end":{"line":90,"column":54}},"51":{"start":{"line":91,"column":12},"end":{"line":91,"column":68}},"52":{"start":{"line":95,"column":26},"end":{"line":95,"column":36}},"53":{"start":{"line":96,"column":47},"end":{"line":100,"column":10}},"54":{"start":{"line":101,"column":8},"end":{"line":101,"column":74}},"55":{"start":{"line":104,"column":30},"end":{"line":107,"column":9}},"56":{"start":{"line":109,"column":8},"end":{"line":109,"column":83}},"57":{"start":{"line":110,"column":8},"end":{"line":110,"column":32}},"58":{"start":{"line":113,"column":8},"end":{"line":113,"column":49}},"59":{"start":{"line":114,"column":8},"end":{"line":114,"column":49}},"60":{"start":{"line":115,"column":8},"end":{"line":119,"column":11}},"61":{"start":{"line":124,"column":20},"end":{"line":130,"column":1}},"62":{"start":{"line":125,"column":19},"end":{"line":125,"column":60}},"63":{"start":{"line":125,"column":41},"end":{"line":125,"column":58}},"64":{"start":{"line":126,"column":4},"end":{"line":129,"column":25}},"65":{"start":{"line":127,"column":21},"end":{"line":127,"column":39}},"66":{"start":{"line":128,"column":18},"end":{"line":128,"column":38}}},"fnMap":{"0":{"name":"(anonymous_0)","decl":{"start":{"line":5,"column":29},"end":{"line":5,"column":30}},"loc":{"start":{"line":5,"column":55},"end":{"line":38,"column":1}},"line":5},"1":{"name":"(anonymous_1)","decl":{"start":{"line":11,"column":43},"end":{"line":11,"column":44}},"loc":{"start":{"line":11,"column":48},"end":{"line":11,"column":65}},"line":11},"2":{"name":"(anonymous_2)","decl":{"start":{"line":13,"column":33},"end":{"line":13,"column":34}},"loc":{"start":{"line":13,"column":40},"end":{"line":29,"column":9}},"line":13},"3":{"name":"(anonymous_3)","decl":{"start":{"line":15,"column":24},"end":{"line":15,"column":25}},"loc":{"start":{"line":15,"column":29},"end":{"line":15,"column":52}},"line":15},"4":{"name":"(anonymous_4)","decl":{"start":{"line":16,"column":21},"end":{"line":16,"column":22}},"loc":{"start":{"line":16,"column":26},"end":{"line":16,"column":34}},"line":16},"5":{"name":"(anonymous_5)","decl":{"start":{"line":19,"column":21},"end":{"line":19,"column":22}},"loc":{"start":{"line":19,"column":27},"end":{"line":19,"column":41}},"line":19},"6":{"name":"(anonymous_6)","decl":{"start":{"line":33,"column":30},"end":{"line":33,"column":31}},"loc":{"start":{"line":33,"column":35},"end":{"line":33,"column":40}},"line":33},"7":{"name":"(anonymous_7)","decl":{"start":{"line":40,"column":38},"end":{"line":40,"column":39}},"loc":{"start":{"line":40,"column":64},"end":{"line":68,"column":1}},"line":40},"8":{"name":"(anonymous_8)","decl":{"start":{"line":46,"column":43},"end":{"line":46,"column":44}},"loc":{"start":{"line":46,"column":50},"end":{"line":46,"column":71}},"line":46},"9":{"name":"(anonymous_9)","decl":{"start":{"line":48,"column":52},"end":{"line":48,"column":53}},"loc":{"start":{"line":48,"column":67},"end":{"line":59,"column":9}},"line":48},"10":{"name":"(anonymous_10)","decl":{"start":{"line":50,"column":24},"end":{"line":50,"column":25}},"loc":{"start":{"line":50,"column":32},"end":{"line":50,"column":83}},"line":50},"11":{"name":"(anonymous_11)","decl":{"start":{"line":51,"column":21},"end":{"line":51,"column":22}},"loc":{"start":{"line":51,"column":29},"end":{"line":51,"column":40}},"line":51},"12":{"name":"(anonymous_12)","decl":{"start":{"line":54,"column":21},"end":{"line":54,"column":22}},"loc":{"start":{"line":54,"column":27},"end":{"line":54,"column":41}},"line":54},"13":{"name":"(anonymous_13)","decl":{"start":{"line":63,"column":30},"end":{"line":63,"column":31}},"loc":{"start":{"line":63,"column":37},"end":{"line":63,"column":44}},"line":63},"14":{"name":"(anonymous_14)","decl":{"start":{"line":70,"column":21},"end":{"line":70,"column":22}},"loc":{"start":{"line":70,"column":41},"end":{"line":121,"column":1}},"line":70},"15":{"name":"(anonymous_15)","decl":{"start":{"line":124,"column":20},"end":{"line":124,"column":21}},"loc":{"start":{"line":124,"column":44},"end":{"line":130,"column":1}},"line":124},"16":{"name":"(anonymous_16)","decl":{"start":{"line":125,"column":36},"end":{"line":125,"column":37}},"loc":{"start":{"line":125,"column":41},"end":{"line":125,"column":58}},"line":125},"17":{"name":"(anonymous_17)","decl":{"start":{"line":127,"column":16},"end":{"line":127,"column":17}},"loc":{"start":{"line":127,"column":21},"end":{"line":127,"column":39}},"line":127},"18":{"name":"(anonymous_18)","decl":{"start":{"line":128,"column":13},"end":{"line":128,"column":14}},"loc":{"start":{"line":128,"column":18},"end":{"line":128,"column":38}},"line":128}},"branchMap":{"0":{"loc":{"start":{"line":79,"column":8},"end":{"line":82,"column":9}},"type":"if","locations":[{"start":{"line":79,"column":8},"end":{"line":82,"column":9}},{"start":{},"end":{}}],"line":79},"1":{"loc":{"start":{"line":89,"column":8},"end":{"line":92,"column":9}},"type":"if","locations":[{"start":{"line":89,"column":8},"end":{"line":92,"column":9}},{"start":{},"end":{}}],"line":89},"2":{"loc":{"start":{"line":89,"column":12},"end":{"line":89,"column":44}},"type":"binary-expr","locations":[{"start":{"line":89,"column":12},"end":{"line":89,"column":20}},{"start":{"line":89,"column":24},"end":{"line":89,"column":44}}],"line":89}},"s":{"0":6,"1":6,"2":6,"3":6,"4":6,"5":6,"6":5,"7":5,"8":5,"9":61,"10":5,"11":44,"12":609,"13":33,"14":44,"15":33,"16":44,"17":5,"18":61,"19":1,"20":6,"21":5,"22":5,"23":5,"24":4,"25":4,"26":61,"27":4,"28":89,"29":3105,"30":75,"31":89,"32":75,"33":89,"34":4,"35":61,"36":1,"37":6,"38":3,"39":3,"40":3,"41":3,"42":3,"43":3,"44":1,"45":1,"46":2,"47":2,"48":2,"49":2,"50":1,"51":1,"52":1,"53":1,"54":1,"55":1,"56":1,"57":1,"58":0,"59":0,"60":0,"61":6,"62":1,"63":2,"64":1,"65":2,"66":0},"f":{"0":6,"1":61,"2":44,"3":609,"4":33,"5":33,"6":61,"7":5,"8":61,"9":89,"10":3105,"11":75,"12":75,"13":61,"14":3,"15":1,"16":2,"17":2,"18":0},"b":{"0":[1,2],"1":[1,1],"2":[2,1]},"_coverageSchema":"1a1c01bbd47fc00a2c39e90264f33305004495a9","hash":"c8d7c4c735f057d261f657e5b2684a4c6bab384e"}
,"C:\\GitHub\\aj2425_team406\\src\\backend\\models\\NGOModel.js": {"path":"C:\\GitHub\\aj2425_team406\\src\\backend\\models\\NGOModel.js","statementMap":{"0":{"start":{"line":1,"column":11},"end":{"line":1,"column":34}},"1":{"start":{"line":5,"column":18},"end":{"line":18,"column":1}},"2":{"start":{"line":6,"column":4},"end":{"line":17,"column":7}},"3":{"start":{"line":7,"column":22},"end":{"line":7,"column":133}},"4":{"start":{"line":8,"column":8},"end":{"line":16,"column":11}},"5":{"start":{"line":9,"column":12},"end":{"line":11,"column":13}},"6":{"start":{"line":10,"column":16},"end":{"line":10,"column":34}},"7":{"start":{"line":12,"column":12},"end":{"line":14,"column":13}},"8":{"start":{"line":13,"column":16},"end":{"line":13,"column":36}},"9":{"start":{"line":15,"column":12},"end":{"line":15,"column":27}},"10":{"start":{"line":20,"column":28},"end":{"line":33,"column":1}},"11":{"start":{"line":21,"column":4},"end":{"line":32,"column":7}},"12":{"start":{"line":22,"column":22},"end":{"line":22,"column":153}},"13":{"start":{"line":23,"column":8},"end":{"line":31,"column":11}},"14":{"start":{"line":24,"column":12},"end":{"line":26,"column":13}},"15":{"start":{"line":25,"column":16},"end":{"line":25,"column":34}},"16":{"start":{"line":27,"column":12},"end":{"line":29,"column":13}},"17":{"start":{"line":28,"column":16},"end":{"line":28,"column":36}},"18":{"start":{"line":30,"column":12},"end":{"line":30,"column":27}},"19":{"start":{"line":35,"column":21},"end":{"line":49,"column":1}},"20":{"start":{"line":36,"column":4},"end":{"line":48,"column":7}},"21":{"start":{"line":38,"column":22},"end":{"line":38,"column":197}},"22":{"start":{"line":39,"column":8},"end":{"line":47,"column":11}},"23":{"start":{"line":40,"column":12},"end":{"line":42,"column":13}},"24":{"start":{"line":41,"column":16},"end":{"line":41,"column":34}},"25":{"start":{"line":43,"column":12},"end":{"line":45,"column":13}},"26":{"start":{"line":44,"column":16},"end":{"line":44,"column":36}},"27":{"start":{"line":46,"column":12},"end":{"line":46,"column":27}},"28":{"start":{"line":50,"column":26},"end":{"line":63,"column":1}},"29":{"start":{"line":51,"column":4},"end":{"line":62,"column":7}},"30":{"start":{"line":52,"column":22},"end":{"line":52,"column":166}},"31":{"start":{"line":53,"column":8},"end":{"line":61,"column":11}},"32":{"start":{"line":54,"column":12},"end":{"line":56,"column":13}},"33":{"start":{"line":55,"column":16},"end":{"line":55,"column":34}},"34":{"start":{"line":57,"column":12},"end":{"line":59,"column":13}},"35":{"start":{"line":58,"column":16},"end":{"line":58,"column":36}},"36":{"start":{"line":60,"column":12},"end":{"line":60,"column":27}},"37":{"start":{"line":65,"column":19},"end":{"line":67,"column":1}},"38":{"start":{"line":66,"column":4},"end":{"line":66,"column":51}},"39":{"start":{"line":69,"column":30},"end":{"line":82,"column":1}},"40":{"start":{"line":70,"column":4},"end":{"line":81,"column":7}},"41":{"start":{"line":71,"column":22},"end":{"line":71,"column":199}},"42":{"start":{"line":72,"column":8},"end":{"line":80,"column":11}},"43":{"start":{"line":73,"column":12},"end":{"line":75,"column":13}},"44":{"start":{"line":74,"column":16},"end":{"line":74,"column":34}},"45":{"start":{"line":76,"column":12},"end":{"line":78,"column":13}},"46":{"start":{"line":77,"column":16},"end":{"line":77,"column":36}},"47":{"start":{"line":79,"column":12},"end":{"line":79,"column":27}},"48":{"start":{"line":84,"column":26},"end":{"line":96,"column":1}},"49":{"start":{"line":85,"column":4},"end":{"line":95,"column":5}},"50":{"start":{"line":86,"column":23},"end":{"line":89,"column":9}},"51":{"start":{"line":90,"column":8},"end":{"line":90,"column":47}},"52":{"start":{"line":91,"column":8},"end":{"line":91,"column":20}},"53":{"start":{"line":93,"column":8},"end":{"line":93,"column":65}},"54":{"start":{"line":94,"column":8},"end":{"line":94,"column":20}},"55":{"start":{"line":99,"column":0},"end":{"line":107,"column":2}}},"fnMap":{"0":{"name":"(anonymous_0)","decl":{"start":{"line":5,"column":18},"end":{"line":5,"column":19}},"loc":{"start":{"line":5,"column":93},"end":{"line":18,"column":1}},"line":5},"1":{"name":"(anonymous_1)","decl":{"start":{"line":6,"column":23},"end":{"line":6,"column":24}},"loc":{"start":{"line":6,"column":44},"end":{"line":17,"column":5}},"line":6},"2":{"name":"(anonymous_2)","decl":{"start":{"line":8,"column":91},"end":{"line":8,"column":92}},"loc":{"start":{"line":8,"column":108},"end":{"line":16,"column":9}},"line":8},"3":{"name":"(anonymous_3)","decl":{"start":{"line":20,"column":28},"end":{"line":20,"column":29}},"loc":{"start":{"line":20,"column":42},"end":{"line":33,"column":1}},"line":20},"4":{"name":"(anonymous_4)","decl":{"start":{"line":21,"column":23},"end":{"line":21,"column":24}},"loc":{"start":{"line":21,"column":44},"end":{"line":32,"column":5}},"line":21},"5":{"name":"(anonymous_5)","decl":{"start":{"line":23,"column":30},"end":{"line":23,"column":31}},"loc":{"start":{"line":23,"column":47},"end":{"line":31,"column":9}},"line":23},"6":{"name":"(anonymous_6)","decl":{"start":{"line":35,"column":21},"end":{"line":35,"column":22}},"loc":{"start":{"line":35,"column":35},"end":{"line":49,"column":1}},"line":35},"7":{"name":"(anonymous_7)","decl":{"start":{"line":36,"column":23},"end":{"line":36,"column":24}},"loc":{"start":{"line":36,"column":44},"end":{"line":48,"column":5}},"line":36},"8":{"name":"(anonymous_8)","decl":{"start":{"line":39,"column":30},"end":{"line":39,"column":31}},"loc":{"start":{"line":39,"column":47},"end":{"line":47,"column":9}},"line":39},"9":{"name":"(anonymous_9)","decl":{"start":{"line":50,"column":26},"end":{"line":50,"column":27}},"loc":{"start":{"line":50,"column":40},"end":{"line":63,"column":1}},"line":50},"10":{"name":"(anonymous_10)","decl":{"start":{"line":51,"column":23},"end":{"line":51,"column":24}},"loc":{"start":{"line":51,"column":44},"end":{"line":62,"column":5}},"line":51},"11":{"name":"(anonymous_11)","decl":{"start":{"line":53,"column":30},"end":{"line":53,"column":31}},"loc":{"start":{"line":53,"column":47},"end":{"line":61,"column":9}},"line":53},"12":{"name":"(anonymous_12)","decl":{"start":{"line":65,"column":19},"end":{"line":65,"column":20}},"loc":{"start":{"line":65,"column":25},"end":{"line":67,"column":1}},"line":65},"13":{"name":"(anonymous_13)","decl":{"start":{"line":69,"column":30},"end":{"line":69,"column":31}},"loc":{"start":{"line":69,"column":44},"end":{"line":82,"column":1}},"line":69},"14":{"name":"(anonymous_14)","decl":{"start":{"line":70,"column":23},"end":{"line":70,"column":24}},"loc":{"start":{"line":70,"column":44},"end":{"line":81,"column":5}},"line":70},"15":{"name":"(anonymous_15)","decl":{"start":{"line":72,"column":30},"end":{"line":72,"column":31}},"loc":{"start":{"line":72,"column":47},"end":{"line":80,"column":9}},"line":72},"16":{"name":"(anonymous_16)","decl":{"start":{"line":84,"column":26},"end":{"line":84,"column":27}},"loc":{"start":{"line":84,"column":44},"end":{"line":96,"column":1}},"line":84}},"branchMap":{"0":{"loc":{"start":{"line":9,"column":12},"end":{"line":11,"column":13}},"type":"if","locations":[{"start":{"line":9,"column":12},"end":{"line":11,"column":13}},{"start":{},"end":{}}],"line":9},"1":{"loc":{"start":{"line":12,"column":12},"end":{"line":14,"column":13}},"type":"if","locations":[{"start":{"line":12,"column":12},"end":{"line":14,"column":13}},{"start":{},"end":{}}],"line":12},"2":{"loc":{"start":{"line":24,"column":12},"end":{"line":26,"column":13}},"type":"if","locations":[{"start":{"line":24,"column":12},"end":{"line":26,"column":13}},{"start":{},"end":{}}],"line":24},"3":{"loc":{"start":{"line":27,"column":12},"end":{"line":29,"column":13}},"type":"if","locations":[{"start":{"line":27,"column":12},"end":{"line":29,"column":13}},{"start":{},"end":{}}],"line":27},"4":{"loc":{"start":{"line":40,"column":12},"end":{"line":42,"column":13}},"type":"if","locations":[{"start":{"line":40,"column":12},"end":{"line":42,"column":13}},{"start":{},"end":{}}],"line":40},"5":{"loc":{"start":{"line":43,"column":12},"end":{"line":45,"column":13}},"type":"if","locations":[{"start":{"line":43,"column":12},"end":{"line":45,"column":13}},{"start":{},"end":{}}],"line":43},"6":{"loc":{"start":{"line":54,"column":12},"end":{"line":56,"column":13}},"type":"if","locations":[{"start":{"line":54,"column":12},"end":{"line":56,"column":13}},{"start":{},"end":{}}],"line":54},"7":{"loc":{"start":{"line":57,"column":12},"end":{"line":59,"column":13}},"type":"if","locations":[{"start":{"line":57,"column":12},"end":{"line":59,"column":13}},{"start":{},"end":{}}],"line":57},"8":{"loc":{"start":{"line":73,"column":12},"end":{"line":75,"column":13}},"type":"if","locations":[{"start":{"line":73,"column":12},"end":{"line":75,"column":13}},{"start":{},"end":{}}],"line":73},"9":{"loc":{"start":{"line":76,"column":12},"end":{"line":78,"column":13}},"type":"if","locations":[{"start":{"line":76,"column":12},"end":{"line":78,"column":13}},{"start":{},"end":{}}],"line":76}},"s":{"0":5,"1":5,"2":0,"3":0,"4":0,"5":0,"6":0,"7":0,"8":0,"9":0,"10":5,"11":2,"12":2,"13":2,"14":2,"15":0,"16":2,"17":1,"18":1,"19":5,"20":2,"21":2,"22":2,"23":2,"24":0,"25":2,"26":0,"27":2,"28":5,"29":3,"30":3,"31":3,"32":3,"33":0,"34":3,"35":0,"36":3,"37":5,"38":2,"39":5,"40":2,"41":2,"42":2,"43":2,"44":0,"45":2,"46":0,"47":2,"48":5,"49":2,"50":2,"51":2,"52":2,"53":0,"54":0,"55":5},"f":{"0":0,"1":0,"2":0,"3":2,"4":2,"5":2,"6":2,"7":2,"8":2,"9":3,"10":3,"11":3,"12":2,"13":2,"14":2,"15":2,"16":2},"b":{"0":[0,0],"1":[0,0],"2":[0,2],"3":[1,1],"4":[0,2],"5":[0,2],"6":[0,3],"7":[0,3],"8":[0,2],"9":[0,2]},"_coverageSchema":"1a1c01bbd47fc00a2c39e90264f33305004495a9","hash":"018ebca90be4186f483eee0049e6f3b3003e097d"}
,"C:\\GitHub\\aj2425_team406\\src\\backend\\models\\adminModel.js": {"path":"C:\\GitHub\\aj2425_team406\\src\\backend\\models\\adminModel.js","statementMap":{"0":{"start":{"line":6,"column":11},"end":{"line":6,"column":34}},"1":{"start":{"line":13,"column":21},"end":{"line":39,"column":1}},"2":{"start":{"line":14,"column":4},"end":{"line":38,"column":7}},"3":{"start":{"line":15,"column":8},"end":{"line":37,"column":9}},"4":{"start":{"line":16,"column":12},"end":{"line":18,"column":13}},"5":{"start":{"line":17,"column":16},"end":{"line":17,"column":64}},"6":{"start":{"line":20,"column":26},"end":{"line":20,"column":72}},"7":{"start":{"line":22,"column":12},"end":{"line":33,"column":15}},"8":{"start":{"line":23,"column":16},"end":{"line":26,"column":17}},"9":{"start":{"line":25,"column":20},"end":{"line":25,"column":39}},"10":{"start":{"line":28,"column":16},"end":{"line":30,"column":17}},"11":{"start":{"line":29,"column":20},"end":{"line":29,"column":89}},"12":{"start":{"line":32,"column":16},"end":{"line":32,"column":45}},"13":{"start":{"line":36,"column":12},"end":{"line":36,"column":26}},"14":{"start":{"line":45,"column":30},"end":{"line":58,"column":1}},"15":{"start":{"line":46,"column":4},"end":{"line":57,"column":7}},"16":{"start":{"line":47,"column":22},"end":{"line":47,"column":218}},"17":{"start":{"line":48,"column":8},"end":{"line":56,"column":11}},"18":{"start":{"line":49,"column":12},"end":{"line":51,"column":13}},"19":{"start":{"line":50,"column":16},"end":{"line":50,"column":34}},"20":{"start":{"line":52,"column":12},"end":{"line":54,"column":13}},"21":{"start":{"line":53,"column":16},"end":{"line":53,"column":36}},"22":{"start":{"line":55,"column":12},"end":{"line":55,"column":27}},"23":{"start":{"line":63,"column":26},"end":{"line":76,"column":1}},"24":{"start":{"line":64,"column":4},"end":{"line":75,"column":7}},"25":{"start":{"line":65,"column":22},"end":{"line":65,"column":185}},"26":{"start":{"line":66,"column":8},"end":{"line":74,"column":11}},"27":{"start":{"line":67,"column":12},"end":{"line":69,"column":13}},"28":{"start":{"line":68,"column":16},"end":{"line":68,"column":34}},"29":{"start":{"line":70,"column":12},"end":{"line":72,"column":13}},"30":{"start":{"line":71,"column":16},"end":{"line":71,"column":36}},"31":{"start":{"line":73,"column":12},"end":{"line":73,"column":27}},"32":{"start":{"line":81,"column":29},"end":{"line":94,"column":1}},"33":{"start":{"line":82,"column":4},"end":{"line":93,"column":6}},"34":{"start":{"line":83,"column":22},"end":{"line":83,"column":52}},"35":{"start":{"line":84,"column":8},"end":{"line":92,"column":10}},"36":{"start":{"line":85,"column":12},"end":{"line":87,"column":13}},"37":{"start":{"line":86,"column":16},"end":{"line":86,"column":34}},"38":{"start":{"line":88,"column":12},"end":{"line":90,"column":13}},"39":{"start":{"line":89,"column":16},"end":{"line":89,"column":36}},"40":{"start":{"line":91,"column":12},"end":{"line":91,"column":27}},"41":{"start":{"line":102,"column":33},"end":{"line":114,"column":1}},"42":{"start":{"line":103,"column":19},"end":{"line":103,"column":29}},"43":{"start":{"line":104,"column":23},"end":{"line":104,"column":31}},"44":{"start":{"line":105,"column":4},"end":{"line":113,"column":5}},"45":{"start":{"line":106,"column":23},"end":{"line":106,"column":126}},"46":{"start":{"line":107,"column":8},"end":{"line":109,"column":9}},"47":{"start":{"line":108,"column":12},"end":{"line":108,"column":77}},"48":{"start":{"line":110,"column":8},"end":{"line":110,"column":59}},"49":{"start":{"line":112,"column":8},"end":{"line":112,"column":77}},"50":{"start":{"line":119,"column":34},"end":{"line":136,"column":1}},"51":{"start":{"line":120,"column":4},"end":{"line":135,"column":7}},"52":{"start":{"line":121,"column":8},"end":{"line":134,"column":9}},"53":{"start":{"line":122,"column":26},"end":{"line":122,"column":65}},"54":{"start":{"line":123,"column":12},"end":{"line":131,"column":15}},"55":{"start":{"line":124,"column":16},"end":{"line":126,"column":17}},"56":{"start":{"line":125,"column":20},"end":{"line":125,"column":39}},"57":{"start":{"line":127,"column":16},"end":{"line":129,"column":17}},"58":{"start":{"line":128,"column":20},"end":{"line":128,"column":41}},"59":{"start":{"line":130,"column":16},"end":{"line":130,"column":32}},"60":{"start":{"line":133,"column":12},"end":{"line":133,"column":26}},"61":{"start":{"line":144,"column":23},"end":{"line":183,"column":1}},"62":{"start":{"line":145,"column":4},"end":{"line":182,"column":5}},"63":{"start":{"line":146,"column":66},"end":{"line":146,"column":74}},"64":{"start":{"line":147,"column":8},"end":{"line":147,"column":30}},"65":{"start":{"line":149,"column":8},"end":{"line":154,"column":9}},"66":{"start":{"line":150,"column":12},"end":{"line":153,"column":15}},"67":{"start":{"line":156,"column":22},"end":{"line":156,"column":117}},"68":{"start":{"line":157,"column":23},"end":{"line":157,"column":70}},"69":{"start":{"line":159,"column":8},"end":{"line":174,"column":11}},"70":{"start":{"line":160,"column":12},"end":{"line":167,"column":13}},"71":{"start":{"line":161,"column":16},"end":{"line":161,"column":65}},"72":{"start":{"line":162,"column":16},"end":{"line":166,"column":19}},"73":{"start":{"line":169,"column":12},"end":{"line":173,"column":15}},"74":{"start":{"line":176,"column":8},"end":{"line":176,"column":61}},"75":{"start":{"line":177,"column":8},"end":{"line":181,"column":11}},"76":{"start":{"line":186,"column":0},"end":{"line":194,"column":2}}},"fnMap":{"0":{"name":"(anonymous_0)","decl":{"start":{"line":13,"column":21},"end":{"line":13,"column":22}},"loc":{"start":{"line":13,"column":35},"end":{"line":39,"column":1}},"line":13},"1":{"name":"(anonymous_1)","decl":{"start":{"line":14,"column":23},"end":{"line":14,"column":24}},"loc":{"start":{"line":14,"column":44},"end":{"line":38,"column":5}},"line":14},"2":{"name":"(anonymous_2)","decl":{"start":{"line":22,"column":34},"end":{"line":22,"column":35}},"loc":{"start":{"line":22,"column":52},"end":{"line":33,"column":13}},"line":22},"3":{"name":"(anonymous_3)","decl":{"start":{"line":45,"column":30},"end":{"line":45,"column":31}},"loc":{"start":{"line":45,"column":36},"end":{"line":58,"column":1}},"line":45},"4":{"name":"(anonymous_4)","decl":{"start":{"line":46,"column":23},"end":{"line":46,"column":24}},"loc":{"start":{"line":46,"column":44},"end":{"line":57,"column":5}},"line":46},"5":{"name":"(anonymous_5)","decl":{"start":{"line":48,"column":24},"end":{"line":48,"column":25}},"loc":{"start":{"line":48,"column":41},"end":{"line":56,"column":9}},"line":48},"6":{"name":"(anonymous_6)","decl":{"start":{"line":63,"column":26},"end":{"line":63,"column":27}},"loc":{"start":{"line":63,"column":33},"end":{"line":76,"column":1}},"line":63},"7":{"name":"(anonymous_7)","decl":{"start":{"line":64,"column":23},"end":{"line":64,"column":24}},"loc":{"start":{"line":64,"column":44},"end":{"line":75,"column":5}},"line":64},"8":{"name":"(anonymous_8)","decl":{"start":{"line":66,"column":24},"end":{"line":66,"column":25}},"loc":{"start":{"line":66,"column":41},"end":{"line":74,"column":9}},"line":66},"9":{"name":"(anonymous_9)","decl":{"start":{"line":81,"column":29},"end":{"line":81,"column":30}},"loc":{"start":{"line":81,"column":36},"end":{"line":94,"column":1}},"line":81},"10":{"name":"(anonymous_10)","decl":{"start":{"line":82,"column":23},"end":{"line":82,"column":24}},"loc":{"start":{"line":82,"column":44},"end":{"line":93,"column":5}},"line":82},"11":{"name":"(anonymous_11)","decl":{"start":{"line":84,"column":24},"end":{"line":84,"column":25}},"loc":{"start":{"line":84,"column":41},"end":{"line":92,"column":9}},"line":84},"12":{"name":"(anonymous_12)","decl":{"start":{"line":102,"column":33},"end":{"line":102,"column":34}},"loc":{"start":{"line":102,"column":53},"end":{"line":114,"column":1}},"line":102},"13":{"name":"(anonymous_13)","decl":{"start":{"line":119,"column":34},"end":{"line":119,"column":35}},"loc":{"start":{"line":119,"column":40},"end":{"line":136,"column":1}},"line":119},"14":{"name":"(anonymous_14)","decl":{"start":{"line":120,"column":23},"end":{"line":120,"column":24}},"loc":{"start":{"line":120,"column":44},"end":{"line":135,"column":5}},"line":120},"15":{"name":"(anonymous_15)","decl":{"start":{"line":123,"column":28},"end":{"line":123,"column":29}},"loc":{"start":{"line":123,"column":45},"end":{"line":131,"column":13}},"line":123},"16":{"name":"(anonymous_16)","decl":{"start":{"line":144,"column":23},"end":{"line":144,"column":24}},"loc":{"start":{"line":144,"column":43},"end":{"line":183,"column":1}},"line":144},"17":{"name":"(anonymous_17)","decl":{"start":{"line":159,"column":32},"end":{"line":159,"column":33}},"loc":{"start":{"line":159,"column":49},"end":{"line":174,"column":9}},"line":159}},"branchMap":{"0":{"loc":{"start":{"line":16,"column":12},"end":{"line":18,"column":13}},"type":"if","locations":[{"start":{"line":16,"column":12},"end":{"line":18,"column":13}},{"start":{},"end":{}}],"line":16},"1":{"loc":{"start":{"line":23,"column":16},"end":{"line":26,"column":17}},"type":"if","locations":[{"start":{"line":23,"column":16},"end":{"line":26,"column":17}},{"start":{},"end":{}}],"line":23},"2":{"loc":{"start":{"line":28,"column":16},"end":{"line":30,"column":17}},"type":"if","locations":[{"start":{"line":28,"column":16},"end":{"line":30,"column":17}},{"start":{},"end":{}}],"line":28},"3":{"loc":{"start":{"line":49,"column":12},"end":{"line":51,"column":13}},"type":"if","locations":[{"start":{"line":49,"column":12},"end":{"line":51,"column":13}},{"start":{},"end":{}}],"line":49},"4":{"loc":{"start":{"line":52,"column":12},"end":{"line":54,"column":13}},"type":"if","locations":[{"start":{"line":52,"column":12},"end":{"line":54,"column":13}},{"start":{},"end":{}}],"line":52},"5":{"loc":{"start":{"line":67,"column":12},"end":{"line":69,"column":13}},"type":"if","locations":[{"start":{"line":67,"column":12},"end":{"line":69,"column":13}},{"start":{},"end":{}}],"line":67},"6":{"loc":{"start":{"line":70,"column":12},"end":{"line":72,"column":13}},"type":"if","locations":[{"start":{"line":70,"column":12},"end":{"line":72,"column":13}},{"start":{},"end":{}}],"line":70},"7":{"loc":{"start":{"line":85,"column":12},"end":{"line":87,"column":13}},"type":"if","locations":[{"start":{"line":85,"column":12},"end":{"line":87,"column":13}},{"start":{},"end":{}}],"line":85},"8":{"loc":{"start":{"line":88,"column":12},"end":{"line":90,"column":13}},"type":"if","locations":[{"start":{"line":88,"column":12},"end":{"line":90,"column":13}},{"start":{},"end":{}}],"line":88},"9":{"loc":{"start":{"line":107,"column":8},"end":{"line":109,"column":9}},"type":"if","locations":[{"start":{"line":107,"column":8},"end":{"line":109,"column":9}},{"start":{},"end":{}}],"line":107},"10":{"loc":{"start":{"line":124,"column":16},"end":{"line":126,"column":17}},"type":"if","locations":[{"start":{"line":124,"column":16},"end":{"line":126,"column":17}},{"start":{},"end":{}}],"line":124},"11":{"loc":{"start":{"line":127,"column":16},"end":{"line":129,"column":17}},"type":"if","locations":[{"start":{"line":127,"column":16},"end":{"line":129,"column":17}},{"start":{},"end":{}}],"line":127},"12":{"loc":{"start":{"line":149,"column":8},"end":{"line":154,"column":9}},"type":"if","locations":[{"start":{"line":149,"column":8},"end":{"line":154,"column":9}},{"start":{},"end":{}}],"line":149},"13":{"loc":{"start":{"line":149,"column":12},"end":{"line":149,"column":56}},"type":"binary-expr","locations":[{"start":{"line":149,"column":12},"end":{"line":149,"column":21}},{"start":{"line":149,"column":25},"end":{"line":149,"column":37}},{"start":{"line":149,"column":41},"end":{"line":149,"column":56}}],"line":149},"14":{"loc":{"start":{"line":160,"column":12},"end":{"line":167,"column":13}},"type":"if","locations":[{"start":{"line":160,"column":12},"end":{"line":167,"column":13}},{"start":{},"end":{}}],"line":160}},"s":{"0":5,"1":5,"2":2,"3":2,"4":2,"5":0,"6":2,"7":2,"8":2,"9":0,"10":2,"11":0,"12":2,"13":0,"14":5,"15":2,"16":2,"17":2,"18":2,"19":0,"20":2,"21":0,"22":2,"23":5,"24":2,"25":2,"26":2,"27":2,"28":0,"29":2,"30":0,"31":2,"32":5,"33":2,"34":2,"35":2,"36":2,"37":0,"38":2,"39":0,"40":2,"41":5,"42":1,"43":1,"44":1,"45":1,"46":1,"47":0,"48":1,"49":0,"50":5,"51":2,"52":2,"53":2,"54":2,"55":2,"56":0,"57":2,"58":0,"59":2,"60":0,"61":5,"62":0,"63":0,"64":0,"65":0,"66":0,"67":0,"68":0,"69":0,"70":0,"71":0,"72":0,"73":0,"74":0,"75":0,"76":5},"f":{"0":2,"1":2,"2":2,"3":2,"4":2,"5":2,"6":2,"7":2,"8":2,"9":2,"10":2,"11":2,"12":1,"13":2,"14":2,"15":2,"16":0,"17":0},"b":{"0":[0,2],"1":[0,2],"2":[0,2],"3":[0,2],"4":[0,2],"5":[0,2],"6":[0,2],"7":[0,2],"8":[0,2],"9":[0,1],"10":[0,2],"11":[0,2],"12":[0,0],"13":[0,0,0],"14":[0,0]},"_coverageSchema":"1a1c01bbd47fc00a2c39e90264f33305004495a9","hash":"f1893267aef314069289849b49b465a038fdcec5"}
,"C:\\GitHub\\aj2425_team406\\src\\backend\\models\\opportunityModel.js": {"path":"C:\\GitHub\\aj2425_team406\\src\\backend\\models\\opportunityModel.js","statementMap":{"0":{"start":{"line":1,"column":11},"end":{"line":1,"column":34}},"1":{"start":{"line":3,"column":24},"end":{"line":20,"column":1}},"2":{"start":{"line":4,"column":21},"end":{"line":18,"column":5}},"3":{"start":{"line":19,"column":4},"end":{"line":19,"column":27}},"4":{"start":{"line":22,"column":28},"end":{"line":24,"column":1}},"5":{"start":{"line":23,"column":4},"end":{"line":23,"column":74}},"6":{"start":{"line":26,"column":0},"end":{"line":26,"column":56}}},"fnMap":{"0":{"name":"(anonymous_0)","decl":{"start":{"line":3,"column":24},"end":{"line":3,"column":25}},"loc":{"start":{"line":3,"column":51},"end":{"line":20,"column":1}},"line":3},"1":{"name":"(anonymous_1)","decl":{"start":{"line":22,"column":28},"end":{"line":22,"column":29}},"loc":{"start":{"line":22,"column":34},"end":{"line":24,"column":1}},"line":22}},"branchMap":{},"s":{"0":5,"1":5,"2":1,"3":1,"4":5,"5":2,"6":5},"f":{"0":1,"1":2},"b":{},"_coverageSchema":"1a1c01bbd47fc00a2c39e90264f33305004495a9","hash":"5ad090e2508de98aeb5fd1a7bd3262ebb3edeb85"}
,"C:\\GitHub\\aj2425_team406\\src\\backend\\models\\tagModel.js": {"path":"C:\\GitHub\\aj2425_team406\\src\\backend\\models\\tagModel.js","statementMap":{"0":{"start":{"line":1,"column":11},"end":{"line":1,"column":34}},"1":{"start":{"line":3,"column":19},"end":{"line":5,"column":1}},"2":{"start":{"line":4,"column":4},"end":{"line":4,"column":58}},"3":{"start":{"line":7,"column":23},"end":{"line":9,"column":1}},"4":{"start":{"line":8,"column":4},"end":{"line":8,"column":56}},"5":{"start":{"line":11,"column":31},"end":{"line":13,"column":1}},"6":{"start":{"line":12,"column":4},"end":{"line":12,"column":65}},"7":{"start":{"line":21,"column":15},"end":{"line":55,"column":1}},"8":{"start":{"line":22,"column":20},"end":{"line":22,"column":28}},"9":{"start":{"line":23,"column":4},"end":{"line":23,"column":21}},"10":{"start":{"line":25,"column":4},"end":{"line":54,"column":5}},"11":{"start":{"line":26,"column":25},"end":{"line":29,"column":9}},"12":{"start":{"line":32,"column":8},"end":{"line":36,"column":11}},"13":{"start":{"line":39,"column":8},"end":{"line":45,"column":9}},"14":{"start":{"line":40,"column":12},"end":{"line":44,"column":15}},"15":{"start":{"line":48,"column":8},"end":{"line":48,"column":48}},"16":{"start":{"line":49,"column":8},"end":{"line":53,"column":11}},"17":{"start":{"line":57,"column":18},"end":{"line":110,"column":1}},"18":{"start":{"line":58,"column":23},"end":{"line":58,"column":31}},"19":{"start":{"line":61,"column":4},"end":{"line":67,"column":5}},"20":{"start":{"line":62,"column":8},"end":{"line":66,"column":11}},"21":{"start":{"line":69,"column":4},"end":{"line":109,"column":5}},"22":{"start":{"line":71,"column":27},"end":{"line":74,"column":9}},"23":{"start":{"line":76,"column":8},"end":{"line":82,"column":9}},"24":{"start":{"line":77,"column":12},"end":{"line":81,"column":15}},"25":{"start":{"line":85,"column":25},"end":{"line":88,"column":9}},"26":{"start":{"line":90,"column":8},"end":{"line":96,"column":9}},"27":{"start":{"line":91,"column":12},"end":{"line":95,"column":15}},"28":{"start":{"line":98,"column":8},"end":{"line":101,"column":11}},"29":{"start":{"line":103,"column":8},"end":{"line":103,"column":48}},"30":{"start":{"line":104,"column":8},"end":{"line":108,"column":11}},"31":{"start":{"line":115,"column":0},"end":{"line":115,"column":89}}},"fnMap":{"0":{"name":"(anonymous_0)","decl":{"start":{"line":3,"column":19},"end":{"line":3,"column":20}},"loc":{"start":{"line":3,"column":25},"end":{"line":5,"column":1}},"line":3},"1":{"name":"(anonymous_1)","decl":{"start":{"line":7,"column":23},"end":{"line":7,"column":24}},"loc":{"start":{"line":7,"column":29},"end":{"line":9,"column":1}},"line":7},"2":{"name":"(anonymous_2)","decl":{"start":{"line":11,"column":31},"end":{"line":11,"column":32}},"loc":{"start":{"line":11,"column":37},"end":{"line":13,"column":1}},"line":11},"3":{"name":"(anonymous_3)","decl":{"start":{"line":21,"column":15},"end":{"line":21,"column":16}},"loc":{"start":{"line":21,"column":35},"end":{"line":55,"column":1}},"line":21},"4":{"name":"(anonymous_4)","decl":{"start":{"line":57,"column":18},"end":{"line":57,"column":19}},"loc":{"start":{"line":57,"column":38},"end":{"line":110,"column":1}},"line":57}},"branchMap":{"0":{"loc":{"start":{"line":39,"column":8},"end":{"line":45,"column":9}},"type":"if","locations":[{"start":{"line":39,"column":8},"end":{"line":45,"column":9}},{"start":{},"end":{}}],"line":39},"1":{"loc":{"start":{"line":61,"column":4},"end":{"line":67,"column":5}},"type":"if","locations":[{"start":{"line":61,"column":4},"end":{"line":67,"column":5}},{"start":{},"end":{}}],"line":61},"2":{"loc":{"start":{"line":61,"column":8},"end":{"line":61,"column":42}},"type":"binary-expr","locations":[{"start":{"line":61,"column":8},"end":{"line":61,"column":15}},{"start":{"line":61,"column":19},"end":{"line":61,"column":42}}],"line":61},"3":{"loc":{"start":{"line":76,"column":8},"end":{"line":82,"column":9}},"type":"if","locations":[{"start":{"line":76,"column":8},"end":{"line":82,"column":9}},{"start":{},"end":{}}],"line":76},"4":{"loc":{"start":{"line":90,"column":8},"end":{"line":96,"column":9}},"type":"if","locations":[{"start":{"line":90,"column":8},"end":{"line":96,"column":9}},{"start":{},"end":{}}],"line":90}},"s":{"0":5,"1":5,"2":7,"3":5,"4":3,"5":5,"6":2,"7":5,"8":2,"9":2,"10":2,"11":2,"12":1,"13":1,"14":1,"15":0,"16":0,"17":5,"18":0,"19":0,"20":0,"21":0,"22":0,"23":0,"24":0,"25":0,"26":0,"27":0,"28":0,"29":0,"30":0,"31":5},"f":{"0":7,"1":3,"2":2,"3":2,"4":0},"b":{"0":[1,0],"1":[0,0],"2":[0,0],"3":[0,0],"4":[0,0]},"_coverageSchema":"1a1c01bbd47fc00a2c39e90264f33305004495a9","hash":"aa32ebcd39bbb2b7b7721ef590112e205d09ce59"}
,"C:\\GitHub\\aj2425_team406\\src\\backend\\models\\userModel.js": {"path":"C:\\GitHub\\aj2425_team406\\src\\backend\\models\\userModel.js","statementMap":{"0":{"start":{"line":3,"column":11},"end":{"line":3,"column":34}},"1":{"start":{"line":4,"column":15},"end":{"line":4,"column":34}},"2":{"start":{"line":7,"column":19},"end":{"line":21,"column":1}},"3":{"start":{"line":8,"column":4},"end":{"line":20,"column":5}},"4":{"start":{"line":9,"column":25},"end":{"line":9,"column":47}},"5":{"start":{"line":10,"column":31},"end":{"line":10,"column":62}},"6":{"start":{"line":11,"column":8},"end":{"line":17,"column":11}},"7":{"start":{"line":12,"column":24},"end":{"line":12,"column":96}},"8":{"start":{"line":13,"column":12},"end":{"line":16,"column":15}},"9":{"start":{"line":14,"column":16},"end":{"line":14,"column":44}},"10":{"start":{"line":14,"column":25},"end":{"line":14,"column":44}},"11":{"start":{"line":15,"column":16},"end":{"line":15,"column":32}},"12":{"start":{"line":19,"column":8},"end":{"line":19,"column":31}},"13":{"start":{"line":24,"column":24},"end":{"line":37,"column":1}},"14":{"start":{"line":25,"column":4},"end":{"line":36,"column":7}},"15":{"start":{"line":26,"column":22},"end":{"line":26,"column":97}},"16":{"start":{"line":27,"column":8},"end":{"line":35,"column":11}},"17":{"start":{"line":28,"column":12},"end":{"line":30,"column":13}},"18":{"start":{"line":29,"column":16},"end":{"line":29,"column":35}},"19":{"start":{"line":31,"column":12},"end":{"line":33,"column":13}},"20":{"start":{"line":32,"column":16},"end":{"line":32,"column":37}},"21":{"start":{"line":34,"column":12},"end":{"line":34,"column":32}},"22":{"start":{"line":40,"column":21},"end":{"line":53,"column":1}},"23":{"start":{"line":41,"column":4},"end":{"line":52,"column":7}},"24":{"start":{"line":42,"column":22},"end":{"line":42,"column":81}},"25":{"start":{"line":43,"column":8},"end":{"line":51,"column":11}},"26":{"start":{"line":44,"column":12},"end":{"line":46,"column":13}},"27":{"start":{"line":45,"column":16},"end":{"line":45,"column":35}},"28":{"start":{"line":47,"column":12},"end":{"line":49,"column":13}},"29":{"start":{"line":48,"column":16},"end":{"line":48,"column":37}},"30":{"start":{"line":50,"column":12},"end":{"line":50,"column":32}},"31":{"start":{"line":56,"column":20},"end":{"line":87,"column":1}},"32":{"start":{"line":57,"column":4},"end":{"line":59,"column":5}},"33":{"start":{"line":58,"column":8},"end":{"line":58,"column":57}},"34":{"start":{"line":61,"column":4},"end":{"line":86,"column":5}},"35":{"start":{"line":63,"column":21},"end":{"line":71,"column":10}},"36":{"start":{"line":64,"column":26},"end":{"line":64,"column":163}},"37":{"start":{"line":65,"column":12},"end":{"line":70,"column":15}},"38":{"start":{"line":66,"column":16},"end":{"line":68,"column":17}},"39":{"start":{"line":67,"column":20},"end":{"line":67,"column":39}},"40":{"start":{"line":69,"column":16},"end":{"line":69,"column":33}},"41":{"start":{"line":73,"column":8},"end":{"line":75,"column":9}},"42":{"start":{"line":74,"column":12},"end":{"line":74,"column":68}},"43":{"start":{"line":78,"column":8},"end":{"line":82,"column":10}},"44":{"start":{"line":84,"column":8},"end":{"line":84,"column":61}},"45":{"start":{"line":85,"column":8},"end":{"line":85,"column":51}},"46":{"start":{"line":90,"column":23},"end":{"line":111,"column":1}},"47":{"start":{"line":91,"column":4},"end":{"line":110,"column":5}},"48":{"start":{"line":94,"column":31},"end":{"line":94,"column":62}},"49":{"start":{"line":95,"column":8},"end":{"line":107,"column":11}},"50":{"start":{"line":96,"column":24},"end":{"line":96,"column":72}},"51":{"start":{"line":97,"column":12},"end":{"line":106,"column":15}},"52":{"start":{"line":98,"column":16},"end":{"line":98,"column":44}},"53":{"start":{"line":98,"column":25},"end":{"line":98,"column":44}},"54":{"start":{"line":101,"column":16},"end":{"line":105,"column":17}},"55":{"start":{"line":102,"column":20},"end":{"line":102,"column":85}},"56":{"start":{"line":103,"column":20},"end":{"line":103,"column":42}},"57":{"start":{"line":109,"column":8},"end":{"line":109,"column":31}},"58":{"start":{"line":113,"column":21},"end":{"line":121,"column":1}},"59":{"start":{"line":114,"column":4},"end":{"line":120,"column":5}},"60":{"start":{"line":115,"column":22},"end":{"line":115,"column":78}},"61":{"start":{"line":116,"column":8},"end":{"line":116,"column":50}},"62":{"start":{"line":118,"column":8},"end":{"line":118,"column":55}},"63":{"start":{"line":119,"column":8},"end":{"line":119,"column":20}},"64":{"start":{"line":123,"column":24},"end":{"line":131,"column":1}},"65":{"start":{"line":124,"column":18},"end":{"line":124,"column":86}},"66":{"start":{"line":125,"column":4},"end":{"line":130,"column":5}},"67":{"start":{"line":126,"column":8},"end":{"line":126,"column":65}},"68":{"start":{"line":128,"column":8},"end":{"line":128,"column":59}},"69":{"start":{"line":129,"column":8},"end":{"line":129,"column":20}},"70":{"start":{"line":133,"column":27},"end":{"line":146,"column":1}},"71":{"start":{"line":134,"column":4},"end":{"line":145,"column":7}},"72":{"start":{"line":135,"column":22},"end":{"line":135,"column":144}},"73":{"start":{"line":136,"column":8},"end":{"line":144,"column":11}},"74":{"start":{"line":137,"column":12},"end":{"line":139,"column":13}},"75":{"start":{"line":138,"column":16},"end":{"line":138,"column":34}},"76":{"start":{"line":140,"column":12},"end":{"line":142,"column":13}},"77":{"start":{"line":141,"column":16},"end":{"line":141,"column":36}},"78":{"start":{"line":143,"column":12},"end":{"line":143,"column":27}},"79":{"start":{"line":148,"column":30},"end":{"line":161,"column":1}},"80":{"start":{"line":149,"column":4},"end":{"line":160,"column":7}},"81":{"start":{"line":150,"column":22},"end":{"line":150,"column":162}},"82":{"start":{"line":151,"column":8},"end":{"line":159,"column":11}},"83":{"start":{"line":152,"column":12},"end":{"line":154,"column":13}},"84":{"start":{"line":153,"column":16},"end":{"line":153,"column":34}},"85":{"start":{"line":155,"column":12},"end":{"line":157,"column":13}},"86":{"start":{"line":156,"column":16},"end":{"line":156,"column":36}},"87":{"start":{"line":158,"column":12},"end":{"line":158,"column":27}},"88":{"start":{"line":162,"column":26},"end":{"line":175,"column":1}},"89":{"start":{"line":163,"column":4},"end":{"line":174,"column":7}},"90":{"start":{"line":164,"column":22},"end":{"line":164,"column":137}},"91":{"start":{"line":165,"column":8},"end":{"line":173,"column":11}},"92":{"start":{"line":166,"column":12},"end":{"line":168,"column":13}},"93":{"start":{"line":167,"column":16},"end":{"line":167,"column":34}},"94":{"start":{"line":169,"column":12},"end":{"line":171,"column":13}},"95":{"start":{"line":170,"column":16},"end":{"line":170,"column":36}},"96":{"start":{"line":172,"column":12},"end":{"line":172,"column":27}},"97":{"start":{"line":177,"column":23},"end":{"line":188,"column":1}},"98":{"start":{"line":178,"column":4},"end":{"line":187,"column":7}},"99":{"start":{"line":179,"column":22},"end":{"line":179,"column":125}},"100":{"start":{"line":181,"column":8},"end":{"line":186,"column":11}},
[...]
,"C:\\GitHub\\aj2425_team406\\src\\components\\search\\SearchCards.js": {"path":"C:\\GitHub\\aj2425_team406\\src\\components\\search\\SearchCards.js","statementMap":{"0":{"start":{"line":5,"column":13},"end":{"line":10,"column":6}},"1":{"start":{"line":6,"column":4},"end":{"line":10,"column":6}},"2":{"start":{"line":7,"column":8},"end":{"line":9,"column":11}},"3":{"start":{"line":12,"column":23},"end":{"line":38,"column":1}},"4":{"start":{"line":13,"column":48},"end":{"line":13,"column":51}},"5":{"start":{"line":15,"column":21},"end":{"line":15,"column":34}},"6":{"start":{"line":16,"column":20},"end":{"line":18,"column":5}},"7":{"start":{"line":17,"column":8},"end":{"line":17,"column":36}},"8":{"start":{"line":20,"column":4},"end":{"line":37,"column":6}},"9":{"start":{"line":40,"column":31},"end":{"line":60,"column":1}},"10":{"start":{"line":41,"column":49},"end":{"line":41,"column":52}},"11":{"start":{"line":43,"column":4},"end":{"line":59,"column":6}},"12":{"start":{"line":57,"column":60},"end":{"line":57,"column":76}}},"fnMap":{"0":{"name":"(anonymous_0)","decl":{"start":{"line":5,"column":13},"end":{"line":5,"column":14}},"loc":{"start":{"line":6,"column":4},"end":{"line":10,"column":6}},"line":6},"1":{"name":"(anonymous_1)","decl":{"start":{"line":6,"column":13},"end":{"line":6,"column":14}},"loc":{"start":{"line":7,"column":8},"end":{"line":9,"column":11}},"line":7},"2":{"name":"(anonymous_2)","decl":{"start":{"line":12,"column":23},"end":{"line":12,"column":24}},"loc":{"start":{"line":12,"column":34},"end":{"line":38,"column":1}},"line":12},"3":{"name":"(anonymous_3)","decl":{"start":{"line":16,"column":20},"end":{"line":16,"column":21}},"loc":{"start":{"line":16,"column":26},"end":{"line":18,"column":5}},"line":16},"4":{"name":"(anonymous_4)","decl":{"start":{"line":40,"column":31},"end":{"line":40,"column":32}},"loc":{"start":{"line":40,"column":56},"end":{"line":60,"column":1}},"line":40},"5":{"name":"(anonymous_5)","decl":{"start":{"line":57,"column":54},"end":{"line":57,"column":55}},"loc":{"start":{"line":57,"column":60},"end":{"line":57,"column":76}},"line":57}},"branchMap":{},"s":{"0":1,"1":6,"2":8,"3":1,"4":3,"5":3,"6":3,"7":1,"8":3,"9":1,"10":3,"11":3,"12":1},"f":{"0":6,"1":8,"2":3,"3":1,"4":3,"5":1},"b":{},"_coverageSchema":"1a1c01bbd47fc00a2c39e90264f33305004495a9","hash":"c0e4f3b6fa3be091e88d772f9bc9feb7cd45d69c"}
,"C:\\GitHub\\aj2425_team406\\src\\components\\signup\\Signup.js": {"path":"C:\\GitHub\\aj2425_team406\\src\\components\\signup\\Signup.js","statementMap":{"0":{"start":{"line":8,"column":36},"end":{"line":8,"column":48}},"1":{"start":{"line":9,"column":30},"end":{"line":9,"column":42}},"2":{"start":{"line":10,"column":36},"end":{"line":10,"column":48}},"3":{"start":{"line":11,"column":43},"end":{"line":11,"column":55}},"4":{"start":{"line":12,"column":30},"end":{"line":12,"column":45}},"5":{"start":{"line":13,"column":34},"end":{"line":13,"column":46}},"6":{"start":{"line":14,"column":36},"end":{"line":14,"column":48}},"7":{"start":{"line":15,"column":40},"end":{"line":15,"column":52}},"8":{"start":{"line":16,"column":36},"end":{"line":16,"column":48}},"9":{"start":{"line":17,"column":48},"end":{"line":17,"column":60}},"10":{"start":{"line":18,"column":34},"end":{"line":18,"column":46}},"11":{"start":{"line":20,"column":25},"end":{"line":55,"column":5}},"12":{"start":{"line":21,"column":8},"end":{"line":21,"column":27}},"13":{"start":{"line":22,"column":8},"end":{"line":22,"column":36}},"14":{"start":{"line":24,"column":8},"end":{"line":54,"column":9}},"15":{"start":{"line":25,"column":12},"end":{"line":25,"column":48}},"16":{"start":{"line":27,"column":29},"end":{"line":31,"column":14}},"17":{"start":{"line":33,"column":12},"end":{"line":33,"column":61}},"18":{"start":{"line":34,"column":12},"end":{"line":34,"column":53}},"19":{"start":{"line":35,"column":25},"end":{"line":35,"column":46}},"20":{"start":{"line":37,"column":12},"end":{"line":44,"column":13}},"21":{"start":{"line":38,"column":16},"end":{"line":38,"column":52}},"22":{"start":{"line":39,"column":16},"end":{"line":39,"column":57}},"23":{"start":{"line":42,"column":16},"end":{"line":42,"column":52}},"24":{"start":{"line":43,"column":16},"end":{"line":43,"column":83}},"25":{"start":{"line":47,"column":12},"end":{"line":47,"column":52}},"26":{"start":{"line":48,"column":12},"end":{"line":48,"column":52}},"27":{"start":{"line":50,"column":12},"end":{"line":52,"column":18}},"28":{"start":{"line":51,"column":16},"end":{"line":51,"column":56}},"29":{"start":{"line":53,"column":12},"end":{"line":53,"column":45}},"30":{"start":{"line":58,"column":4},"end":{"line":179,"column":5}},"31":{"start":{"line":70,"column":57},"end":{"line":70,"column":83}},"32":{"start":{"line":84,"column":47},"end":{"line":84,"column":74}},"33":{"start":{"line":93,"column":47},"end":{"line":93,"column":71}},"34":{"start":{"line":102,"column":47},"end":{"line":102,"column":74}},"35":{"start":{"line":111,"column":47},"end":{"line":111,"column":77}},"36":{"start":{"line":124,"column":56},"end":{"line":124,"column":82}},"37":{"start":{"line":133,"column":56},"end":{"line":133,"column":83}},"38":{"start":{"line":142,"column":56},"end":{"line":142,"column":85}},"39":{"start":{"line":151,"column":56},"end":{"line":151,"column":83}},"40":{"start":{"line":160,"column":44},"end":{"line":160,"column":78}},"41":{"start":{"line":161,"column":44},"end":{"line":161,"column":75}},"42":{"start":{"line":162,"column":44},"end":{"line":162,"column":97}},"43":{"start":{"line":167,"column":56},"end":{"line":167,"column":89}}},"fnMap":{"0":{"name":"Signup","decl":{"start":{"line":7,"column":9},"end":{"line":7,"column":15}},"loc":{"start":{"line":7,"column":17},"end":{"line":180,"column":1}},"line":7},"1":{"name":"(anonymous_1)","decl":{"start":{"line":20,"column":25},"end":{"line":20,"column":26}},"loc":{"start":{"line":20,"column":38},"end":{"line":55,"column":5}},"line":20},"2":{"name":"(anonymous_2)","decl":{"start":{"line":50,"column":23},"end":{"line":50,"column":24}},"loc":{"start":{"line":50,"column":29},"end":{"line":52,"column":13}},"line":50},"3":{"name":"(anonymous_3)","decl":{"start":{"line":70,"column":50},"end":{"line":70,"column":51}},"loc":{"start":{"line":70,"column":57},"end":{"line":70,"column":83}},"line":70},"4":{"name":"(anonymous_4)","decl":{"start":{"line":84,"column":42},"end":{"line":84,"column":43}},"loc":{"start":{"line":84,"column":47},"end":{"line":84,"column":74}},"line":84},"5":{"name":"(anonymous_5)","decl":{"start":{"line":93,"column":42},"end":{"line":93,"column":43}},"loc":{"start":{"line":93,"column":47},"end":{"line":93,"column":71}},"line":93},"6":{"name":"(anonymous_6)","decl":{"start":{"line":102,"column":42},"end":{"line":102,"column":43}},"loc":{"start":{"line":102,"column":47},"end":{"line":102,"column":74}},"line":102},"7":{"name":"(anonymous_7)","decl":{"start":{"line":111,"column":42},"end":{"line":111,"column":43}},"loc":{"start":{"line":111,"column":47},"end":{"line":111,"column":77}},"line":111},"8":{"name":"(anonymous_8)","decl":{"start":{"line":124,"column":49},"end":{"line":124,"column":50}},"loc":{"start":{"line":124,"column":56},"end":{"line":124,"column":82}},"line":124},"9":{"name":"(anonymous_9)","decl":{"start":{"line":133,"column":49},"end":{"line":133,"column":50}},"loc":{"start":{"line":133,"column":56},"end":{"line":133,"column":83}},"line":133},"10":{"name":"(anonymous_10)","decl":{"start":{"line":142,"column":49},"end":{"line":142,"column":50}},"loc":{"start":{"line":142,"column":56},"end":{"line":142,"column":85}},"line":142},"11":{"name":"(anonymous_11)","decl":{"start":{"line":151,"column":49},"end":{"line":151,"column":50}},"loc":{"start":{"line":151,"column":56},"end":{"line":151,"column":83}},"line":151},"12":{"name":"(anonymous_12)","decl":{"start":{"line":159,"column":50},"end":{"line":159,"column":51}},"loc":{"start":{"line":159,"column":57},"end":{"line":163,"column":41}},"line":159},"13":{"name":"(anonymous_13)","decl":{"start":{"line":167,"column":49},"end":{"line":167,"column":50}},"loc":{"start":{"line":167,"column":56},"end":{"line":167,"column":89}},"line":167}},"branchMap":{"0":{"loc":{"start":{"line":37,"column":12},"end":{"line":44,"column":13}},"type":"if","locations":[{"start":{"line":37,"column":12},"end":{"line":44,"column":13}},{"start":{"line":41,"column":19},"end":{"line":44,"column":13}}],"line":37},"1":{"loc":{"start":{"line":43,"column":39},"end":{"line":43,"column":79}},"type":"binary-expr","locations":[{"start":{"line":43,"column":39},"end":{"line":43,"column":51}},{"start":{"line":43,"column":55},"end":{"line":43,"column":79}}],"line":43},"2":{"loc":{"start":{"line":115,"column":29},"end":{"line":171,"column":29}},"type":"binary-expr","locations":[{"start":{"line":115,"column":29},"end":{"line":115,"column":34}},{"start":{"line":116,"column":32},"end":{"line":169,"column":35}}],"line":115},"3":{"loc":{"start":{"line":175,"column":25},"end":{"line":175,"column":52}},"type":"binary-expr","locations":[{"start":{"line":175,"column":25},"end":{"line":175,"column":32}},{"start":{"line":175,"column":36},"end":{"line":175,"column":52}}],"line":175}},"s":{"0":76,"1":76,"2":76,"3":76,"4":76,"5":76,"6":76,"7":76,"8":76,"9":76,"10":76,"11":76,"12":3,"13":3,"14":3,"15":3,"16":3,"17":2,"18":2,"19":2,"20":2,"21":1,"22":1,"23":1,"24":1,"25":1,"26":1,"27":1,"28":1,"29":1,"30":76,"31":1,"32":5,"33":28,"34":15,"35":15,"36":0,"37":0,"38":0,"39":0,"40":0,"41":0,"42":0,"43":0},"f":{"0":76,"1":3,"2":1,"3":1,"4":5,"5":28,"6":15,"7":15,"8":0,"9":0,"10":0,"11":0,"12":0,"13":0},"b":{"0":[1,1],"1":[1,0],"2":[76,1],"3":[76,6]},"_coverageSchema":"1a1c01bbd47fc00a2c39e90264f33305004495a9","hash":"88d9ae7a08d386a330f9ad03e7dd7a56d2d42030"}
,"C:\\GitHub\\aj2425_team406\\src\\components\\verify\\VerifyNGOs.js": {"path":"C:\\GitHub\\aj2425_team406\\src\\components\\verify\\VerifyNGOs.js","statementMap":{"0":{"start":{"line":7,"column":28},"end":{"line":7,"column":40}},"1":{"start":{"line":8,"column":46},"end":{"line":8,"column":60}},"2":{"start":{"line":10,"column":4},"end":{"line":15,"column":11}},"3":{"start":{"line":11,"column":8},"end":{"line":14,"column":70}},"4":{"start":{"line":12,"column":25},"end":{"line":12,"column":35}},"5":{"start":{"line":13,"column":26},"end":{"line":13,"column":39}},"6":{"start":{"line":14,"column":26},"end":{"line":14,"column":68}},"7":{"start":{"line":17,"column":26},"end":{"line":21,"column":5}},"8":{"start":{"line":18,"column":8},"end":{"line":20,"column":70}},"9":{"start":{"line":19,"column":24},"end":{"line":19,"column":70}},"10":{"start":{"line":19,"column":40},"end":{"line":19,"column":69}},"11":{"start":{"line":19,"column":57},"end":{"line":19,"column":68}},"12":{"start":{"line":20,"column":26},"end":{"line":20,"column":68}},"13":{"start":{"line":23,"column":25},"end":{"line":27,"column":5}},"14":{"start":{"line":24,"column":8},"end":{"line":26,"column":70}},"15":{"start":{"line":25,"column":24},"end":{"line":25,"column":70}},"16":{"start":{"line":25,"column":40},"end":{"line":25,"column":69}},"17":{"start":{"line":25,"column":57},"end":{"line":25,"column":68}},"18":{"start":{"line":26,"column":26},"end":{"line":26,"column":68}},"19":{"start":{"line":29,"column":26},"end":{"line":31,"column":5}},"20":{"start":{"line":30,"column":8},"end":{"line":30,"column":59}},"21":{"start":{"line":33,"column":4},"end":{"line":120,"column":6}},"22":{"start":{"line":69,"column":28},"end":{"line":113,"column":45}},"23":{"start":{"line":77,"column":59},"end":{"line":77,"column":80}},"24":{"start":{"line":85,"column":59},"end":{"line":85,"column":80}},"25":{"start":{"line":91,"column":59},"end":{"line":91,"column":79}}},"fnMap":{"0":{"name":"VerifyNGOs","decl":{"start":{"line":6,"column":9},"end":{"line":6,"column":19}},"loc":{"start":{"line":6,"column":22},"end":{"line":121,"column":1}},"line":6},"1":{"name":"(anonymous_1)","decl":{"start":{"line":10,"column":14},"end":{"line":10,"column":15}},"loc":{"start":{"line":10,"column":20},"end":{"line":15,"column":5}},"line":10},"2":{"name":"(anonymous_2)","decl":{"start":{"line":12,"column":18},"end":{"line":12,"column":19}},"loc":{"start":{"line":12,"column":25},"end":{"line":12,"column":35}},"line":12},"3":{"name":"(anonymous_3)","decl":{"start":{"line":13,"column":18},"end":{"line":13,"column":19}},"loc":{"start":{"line":13,"column":26},"end":{"line":13,"column":39}},"line":13},"4":{"name":"(anonymous_4)","decl":{"start":{"line":14,"column":19},"end":{"line":14,"column":20}},"loc":{"start":{"line":14,"column":26},"end":{"line":14,"column":68}},"line":14},"5":{"name":"(anonymous_5)","decl":{"start":{"line":17,"column":26},"end":{"line":17,"column":27}},"loc":{"start":{"line":17,"column":32},"end":{"line":21,"column":5}},"line":17},"6":{"name":"(anonymous_6)","decl":{"start":{"line":19,"column":18},"end":{"line":19,"column":19}},"loc":{"start":{"line":19,"column":24},"end":{"line":19,"column":70}},"line":19},"7":{"name":"(anonymous_7)","decl":{"start":{"line":19,"column":32},"end":{"line":19,"column":33}},"loc":{"start":{"line":19,"column":40},"end":{"line":19,"column":69}},"line":19},"8":{"name":"(anonymous_8)","decl":{"start":{"line":19,"column":52},"end":{"line":19,"column":53}},"loc":{"start":{"line":19,"column":57},"end":{"line":19,"column":68}},"line":19},"9":{"name":"(anonymous_9)","decl":{"start":{"line":20,"column":19},"end":{"line":20,"column":20}},"loc":{"start":{"line":20,"column":26},"end":{"line":20,"column":68}},"line":20},"10":{"name":"(anonymous_10)","decl":{"start":{"line":23,"column":25},"end":{"line":23,"column":26}},"loc":{"start":{"line":23,"column":31},"end":{"line":27,"column":5}},"line":23},"11":{"name":"(anonymous_11)","decl":{"start":{"line":25,"column":18},"end":{"line":25,"column":19}},"loc":{"start":{"line":25,"column":24},"end":{"line":25,"column":70}},"line":25},"12":{"name":"(anonymous_12)","decl":{"start":{"line":25,"column":32},"end":{"line":25,"column":33}},"loc":{"start":{"line":25,"column":40},"end":{"line":25,"column":69}},"line":25},"13":{"name":"(anonymous_13)","decl":{"start":{"line":25,"column":52},"end":{"line":25,"column":53}},"loc":{"start":{"line":25,"column":57},"end":{"line":25,"column":68}},"line":25},"14":{"name":"(anonymous_14)","decl":{"start":{"line":26,"column":19},"end":{"line":26,"column":20}},"loc":{"start":{"line":26,"column":26},"end":{"line":26,"column":68}},"line":26},"15":{"name":"(anonymous_15)","decl":{"start":{"line":29,"column":26},"end":{"line":29,"column":27}},"loc":{"start":{"line":29,"column":32},"end":{"line":31,"column":5}},"line":29},"16":{"name":"(anonymous_16)","decl":{"start":{"line":68,"column":34},"end":{"line":68,"column":35}},"loc":{"start":{"line":69,"column":28},"end":{"line":113,"column":45}},"line":69},"17":{"name":"(anonymous_17)","decl":{"start":{"line":77,"column":53},"end":{"line":77,"column":54}},"loc":{"start":{"line":77,"column":59},"end":{"line":77,"column":80}},"line":77},"18":{"name":"(anonymous_18)","decl":{"start":{"line":85,"column":53},"end":{"line":85,"column":54}},"loc":{"start":{"line":85,"column":59},"end":{"line":85,"column":80}},"line":85},"19":{"name":"(anonymous_19)","decl":{"start":{"line":91,"column":53},"end":{"line":91,"column":54}},"loc":{"start":{"line":91,"column":59},"end":{"line":91,"column":79}},"line":91}},"branchMap":{"0":{"loc":{"start":{"line":30,"column":25},"end":{"line":30,"column":57}},"type":"cond-expr","locations":[{"start":{"line":30,"column":48},"end":{"line":30,"column":52}},{"start":{"line":30,"column":55},"end":{"line":30,"column":57}}],"line":30},"1":{"loc":{"start":{"line":54,"column":17},"end":{"line":117,"column":17}},"type":"cond-expr","locations":[{"start":{"line":55,"column":20},"end":{"line":55,"column":56}},{"start":{"line":57,"column":20},"end":{"line":116,"column":28}}],"line":54},"2":{"loc":{"start":{"line":79,"column":45},"end":{"line":79,"column":107}},"type":"cond-expr","locations":[{"start":{"line":79,"column":72},"end":{"line":79,"column":88}},{"start":{"line":79,"column":91},"end":{"line":79,"column":107}}],"line":79},"3":{"loc":{"start":{"line":98,"column":33},"end":{"line":112,"column":33}},"type":"binary-expr","locations":[{"start":{"line":98,"column":33},"end":{"line":98,"column":57}},{"start":{"line":99,"column":36},"end":{"line":111,"column":41}}],"line":98},"4":{"loc":{"start":{"line":102,"column":93},"end":{"line":102,"column":242}},"type":"cond-expr","locations":[{"start":{"line":102,"column":128},"end":{"line":102,"column":230}},{"start":{"line":102,"column":233},"end":{"line":102,"column":242}}],"line":102},"5":{"loc":{"start":{"line":103,"column":89},"end":{"line":103,"column":146}},"type":"cond-expr","locations":[{"start":{"line":103,"column":113},"end":{"line":103,"column":134}},{"start":{"line":103,"column":137},"end":{"line":103,"column":146}}],"line":103},"6":{"loc":{"start":{"line":104,"column":101},"end":{"line":104,"column":210}},"type":"cond-expr","locations":[{"start":{"line":104,"column":119},"end":{"line":104,"column":198}},{"start":{"line":104,"column":201},"end":{"line":104,"column":210}}],"line":104},"7":{"loc":{"start":{"line":105,"column":86},"end":{"line":105,"column":215}},"type":"cond-expr","locations":[{"start":{"line":105,"column":110},"end":{"line":105,"column":203}},{"start":{"line":105,"column":206},"end":{"line":105,"column":215}}],"line":105},"8":{"loc":{"start":{"line":106,"column":84},"end":{"line":106,"column":141}},"type":"cond-expr","locations":[{"start":{"line":106,"column":108},"end":{"line":106,"column":129}},{"start":{"line":106,"column":132},"end":{"line":106,"column":141}}],"line":106},"9":{"loc":{"start":{"line":107,"column":87},"end":{"line":107,"column":179}},"type":"cond-expr","locations":[{"start":{"line":107,"column":139},"end":{"line":107,"column":167}},{"start":{"line":107,"column":170},"end":{"line":107,"column":179}}],"line":107},"10":{"loc":{"start":{"line":107,"column":87},"end":{"line":107,"column":136}},"type":"binary-expr","locations":[{"start":{"line":107,"column":87},"end":{"line":107,"column":104}},{"start":{"line":107,"column":108},"end":{"line":107,"column":136}}],"line":107},"11":{"loc":{"start":{"line":108,"column":93},"end":{"line":108,"column":160}},"type":"cond-expr","locations":[{"start":{"line":108,"column":119},"end":{"line":108,"column":142}},{"start":{"line":108,"column":145},"end":{"line":108,"column":160}}],"line":108}},"s":{"0":0,"1":0,"2":0,"3":0,"4":0,"5":0,"6":0,"7":0,"8":0,"9":0,"10":0,"11":0,"12":0,"13":0,"14":0,"15":0,"16":0,"17":0,"18":0,"19":0,"20":0,"21":0,"22":0,"23":0,"24":0,"25":0},"f":{"0":0,"1":0,"2":0,"3":0,"4":0,"5":0,"6":0,"7":0,"8":0,"9":0,"10":0,"11":0,"12":0,"13":0,"14":0,"15":0,"16":0,"17":0,"18":0,"19":0},"b":{"0":[0,0],"1":[0,0],"2":[0,0],"3":[0,0],"4":[0,0],"5":[0,0],"6":[0,0],"7":[0,0],"8":[0,0],"9":[0,0],"10":[0,0],"11":[0,0]}}
,"C:\\GitHub\\aj2425_team406\\src\\components\\volunteer\\Volunteer.js": {"path":"C:\\GitHub\\aj2425_team406\\src\\components\\volunteer\\Volunteer.js","statementMap":{"0":{"start":{"line":7,"column":46},"end":{"line":7,"column":58}},"1":{"start":{"line":9,"column":4},"end":{"line":16,"column":11}},"2":{"start":{"line":11,"column":8},"end":{"line":15,"column":11}},"3":{"start":{"line":18,"column":4},"end":{"line":40,"column":6}},"4":{"start":{"line":28,"column":24},"end":{"line":33,"column":30}}},"fnMap":{"0":{"name":"Volunteer","decl":{"start":{"line":6,"column":9},"end":{"line":6,"column":18}},"loc":{"start":{"line":6,"column":21},"end":{"line":41,"column":1}},"line":6},"1":{"name":"(anonymous_1)","decl":{"start":{"line":9,"column":14},"end":{"line":9,"column":15}},"loc":{"start":{"line":9,"column":20},"end":{"line":16,"column":5}},"line":9},"2":{"name":"(anonymous_2)","decl":{"start":{"line":27,"column":39},"end":{"line":27,"column":40}},"loc":{"start":{"line":28,"column":24},"end":{"line":33,"column":30}},"line":28}},"branchMap":{},"s":{"0":0,"1":0,"2":0,"3":0,"4":0},"f":{"0":0,"1":0,"2":0},"b":{}}
}
