TN:
SF:src\backend\jest.setup.js
FNF:0
FNH:0
DA:5,0
LF:1
LH:0
BRF:0
BRH:0
end_of_record
TN:
SF:src\backend\server.js
FN:62,(anonymous_0)
FN:76,(anonymous_1)
FN:82,(anonymous_2)
FN:97,(anonymous_3)
FNF:4
FNH:1
FNDA:36,(anonymous_0)
FNDA:0,(anonymous_1)
FNDA:0,(anonymous_2)
FNDA:0,(anonymous_3)
DA:8,5
DA:10,5
DA:12,5
DA:13,5
DA:14,5
DA:15,5
DA:16,5
DA:19,5
DA:20,5
DA:22,5
DA:23,0
DA:26,5
DA:28,5
DA:31,5
DA:48,5
DA:58,5
DA:59,5
DA:62,5
DA:63,36
DA:64,36
DA:68,5
DA:69,5
DA:70,5
DA:71,5
DA:72,5
DA:73,5
DA:76,5
DA:77,0
DA:78,0
DA:82,5
DA:83,0
DA:85,0
DA:87,0
DA:95,5
DA:96,0
DA:97,0
DA:101,5
LF:37
LH:29
BRDA:22,0,0,0
BRDA:22,0,1,5
BRDA:95,1,0,0
BRDA:95,1,1,5
BRDA:96,2,0,0
BRDA:96,2,1,0
BRF:6
BRH:2
end_of_record
TN:
SF:src\backend\controllers\authController.js
FN:23,(anonymous_0)
FN:59,(anonymous_1)
FN:99,(anonymous_2)
FN:105,(anonymous_3)
FN:116,(anonymous_4)
FN:155,(anonymous_5)
FN:179,(anonymous_6)
FNF:7
FNH:4
FNDA:2,(anonymous_0)
FNDA:6,(anonymous_1)
FNDA:0,(anonymous_2)
FNDA:0,(anonymous_3)
FNDA:2,(anonymous_4)
FNDA:0,(anonymous_5)
FNDA:1,(anonymous_6)
DA:15,5
DA:16,5
DA:17,5
DA:18,5
DA:19,5
DA:23,5
DA:24,2
DA:26,2
DA:27,0
DA:29,2
DA:30,0
DA:33,2
DA:35,2
DA:38,1
DA:39,0
DA:42,1
DA:47,1
DA:48,1
DA:50,0
DA:51,0
DA:59,5
DA:60,6
DA:62,6
DA:63,0
DA:66,6
DA:67,6
DA:68,6
DA:69,0
DA:73,6
DA:74,6
DA:75,1
DA:79,5
DA:89,5
DA:94,0
DA:99,5
DA:100,0
DA:101,0
DA:105,5
DA:106,0
DA:108,0
DA:109,0
DA:111,0
DA:116,5
DA:117,2
DA:118,2
DA:120,2
DA:121,2
DA:123,2
DA:124,0
DA:127,2
DA:128,2
DA:130,2
DA:132,2
DA:135,2
DA:141,2
DA:142,0
DA:145,2
DA:147,0
DA:148,0
DA:155,5
DA:156,0
DA:158,0
DA:159,0
DA:161,0
DA:162,0
DA:165,0
DA:170,0
DA:171,0
DA:179,5
DA:180,1
DA:182,1
DA:183,0
DA:185,1
DA:186,0
DA:188,1
DA:189,1
DA:192,1
DA:193,0
DA:195,1
DA:197,0
DA:198,0
DA:210,5
LF:82
LH:51
BRDA:26,0,0,0
BRDA:26,0,1,2
BRDA:26,1,0,2
BRDA:26,1,1,2
BRDA:26,1,2,2
BRDA:29,2,0,0
BRDA:29,2,1,2
BRDA:38,3,0,0
BRDA:38,3,1,1
BRDA:43,4,0,0
BRDA:43,4,1,1
BRDA:47,5,0,1
BRDA:47,5,1,0
BRDA:62,6,0,0
BRDA:62,6,1,6
BRDA:62,7,0,6
BRDA:62,7,1,6
BRDA:68,8,0,0
BRDA:68,8,1,6
BRDA:74,9,0,1
BRDA:74,9,1,5
BRDA:106,10,0,0
BRDA:106,10,1,0
BRDA:106,11,0,0
BRDA:106,11,1,0
BRDA:118,12,0,0
BRDA:118,12,1,2
BRDA:123,13,0,0
BRDA:123,13,1,2
BRDA:141,14,0,0
BRDA:141,14,1,2
BRDA:161,15,0,0
BRDA:161,15,1,0
BRDA:182,16,0,0
BRDA:182,16,1,1
BRDA:182,17,0,1
BRDA:182,17,1,1
BRDA:185,18,0,0
BRDA:185,18,1,1
BRDA:192,19,0,0
BRDA:192,19,1,1
BRF:41
BRH:22
end_of_record
TN:
SF:src\backend\controllers\contactController.js
FN:12,(anonymous_0)
FN:37,(anonymous_1)
FNF:2
FNH:1
FNDA:2,(anonymous_0)
FNDA:0,(anonymous_1)
DA:4,5
DA:12,5
DA:13,2
DA:14,2
DA:22,2
DA:29,2
DA:31,0
DA:32,0
DA:37,5
DA:38,0
DA:41,0
DA:42,0
DA:45,0
DA:46,0
DA:49,0
DA:51,0
DA:60,0
DA:67,0
DA:69,0
DA:70,0
DA:74,5
LF:21
LH:8
BRDA:41,0,0,0
BRDA:41,0,1,0
BRDA:45,1,0,0
BRDA:45,1,1,0
BRDA:63,2,0,0
BRDA:63,2,1,0
BRF:6
BRH:0
end_of_record
TN:
SF:src\backend\controllers\opportunityController.js
FN:7,(anonymous_0)
FN:50,(anonymous_1)
FNF:2
FNH:1
FNDA:3,(anonymous_0)
FNDA:0,(anonymous_1)
DA:4,5
DA:5,5
DA:7,5
DA:8,3
DA:9,3
DA:10,1
DA:13,2
DA:14,0
DA:18,2
DA:19,2
DA:21,2
DA:23,2
DA:24,0
DA:27,2
DA:34,2
DA:35,1
DA:38,1
DA:40,1
DA:45,0
DA:46,0
DA:50,5
DA:51,0
DA:52,0
DA:53,0
DA:55,0
DA:56,0
LF:26
LH:17
BRDA:9,0,0,1
BRDA:9,0,1,2
BRDA:13,1,0,0
BRDA:13,1,1,2
BRDA:23,2,0,0
BRDA:23,2,1,2
BRDA:23,3,0,2
BRDA:23,3,1,2
BRDA:34,4,0,1
BRDA:34,4,1,1
BRDA:34,5,0,2
BRDA:34,5,1,1
BRF:12
BRH:10
end_of_record
TN:
SF:src\backend\controllers\profileController.js
FN:28,(anonymous_0)
FN:83,(anonymous_1)
FN:118,(anonymous_2)
FN:134,(anonymous_3)
FN:152,(anonymous_4)
FNF:5
FNH:4
FNDA:8,(anonymous_0)
FNDA:1,(anonymous_1)
FNDA:2,(anonymous_2)
FNDA:0,(anonymous_3)
FNDA:1,(anonymous_4)
DA:7,5
DA:19,5
DA:24,5
DA:25,5
DA:28,5
DA:30,8
DA:31,8
DA:32,1
DA:34,7
DA:35,7
DA:37,7
DA:39,7
DA:40,7
DA:41,7
DA:42,0
DA:46,7
DA:47,7
DA:48,7
DA:49,3
DA:50,3
DA:53,7
DA:54,3
DA:55,3
DA:56,3
DA:57,3
DA:59,4
DA:61,2
DA:62,2
DA:63,2
DA:64,2
DA:65,2
DA:66,2
DA:67,2
DA:71,2
DA:72,2
DA:73,2
DA:74,2
DA:75,2
DA:76,2
DA:79,0
DA:83,5
DA:85,1
DA:86,1
DA:87,0
DA:89,1
DA:93,1
DA:94,1
DA:95,1
DA:96,0
DA:97,0
DA:99,0
DA:103,1
DA:104,1
DA:105,1
DA:110,0
DA:111,0
DA:118,5
DA:120,2
DA:121,2
DA:122,2
DA:123,0
DA:125,2
DA:126,2
DA:127,2
DA:129,0
DA:130,0
DA:134,5
DA:136,0
DA:137,0
DA:139,0
DA:140,0
DA:143,0
DA:144,0
DA:145,0
DA:147,0
DA:152,5
DA:154,1
DA:155,1
DA:156,1
DA:157,0
DA:160,1
DA:161,1
DA:162,1
DA:164,0
DA:165,0
DA:172,5
LF:86
LH:64
BRDA:31,0,0,1
BRDA:31,0,1,7
BRDA:41,1,0,0
BRDA:41,1,1,7
BRDA:48,2,0,3
BRDA:48,2,1,4
BRDA:53,3,0,3
BRDA:53,3,1,4
BRDA:59,4,0,2
BRDA:59,4,1,2
BRDA:86,5,0,0
BRDA:86,5,1,1
BRDA:93,6,0,1
BRDA:93,6,1,0
BRDA:96,7,0,0
BRDA:96,7,1,0
BRDA:96,8,0,0
BRDA:96,8,1,0
BRDA:122,9,0,0
BRDA:122,9,1,2
BRDA:139,10,0,0
BRDA:139,10,1,0
BRDA:156,11,0,0
BRDA:156,11,1,1
BRF:24
BRH:13
end_of_record
TN:
SF:src\backend\controllers\searchController.js
FN:5,(anonymous_0)
FN:11,(anonymous_1)
FN:13,(anonymous_2)
FN:15,(anonymous_3)
FN:16,(anonymous_4)
FN:19,(anonymous_5)
FN:33,(anonymous_6)
FN:40,(anonymous_7)
FN:46,(anonymous_8)
FN:48,(anonymous_9)
FN:50,(anonymous_10)
FN:51,(anonymous_11)
FN:54,(anonymous_12)
FN:63,(anonymous_13)
FN:70,(anonymous_14)
FN:124,(anonymous_15)
FN:125,(anonymous_16)
FN:127,(anonymous_17)
FN:128,(anonymous_18)
FNF:19
FNH:18
FNDA:6,(anonymous_0)
FNDA:61,(anonymous_1)
FNDA:44,(anonymous_2)
FNDA:609,(anonymous_3)
FNDA:33,(anonymous_4)
FNDA:33,(anonymous_5)
FNDA:61,(anonymous_6)
FNDA:5,(anonymous_7)
FNDA:61,(anonymous_8)
FNDA:89,(anonymous_9)
FNDA:3105,(anonymous_10)
FNDA:75,(anonymous_11)
FNDA:75,(anonymous_12)
FNDA:61,(anonymous_13)
FNDA:3,(anonymous_14)
FNDA:1,(anonymous_15)
FNDA:2,(anonymous_16)
FNDA:2,(anonymous_17)
FNDA:0,(anonymous_18)
DA:1,6
DA:2,6
DA:3,6
DA:5,6
DA:6,6
DA:7,6
DA:8,5
DA:9,5
DA:11,61
DA:13,5
DA:14,44
DA:15,609
DA:16,33
DA:18,44
DA:19,33
DA:22,44
DA:31,5
DA:33,61
DA:36,1
DA:40,6
DA:41,5
DA:42,5
DA:43,5
DA:44,4
DA:46,61
DA:48,4
DA:49,89
DA:50,3105
DA:51,75
DA:53,89
DA:54,75
DA:57,89
DA:61,4
DA:63,61
DA:66,1
DA:70,6
DA:71,3
DA:72,3
DA:74,3
DA:75,3
DA:77,3
DA:79,3
DA:80,1
DA:81,1
DA:85,2
DA:86,2
DA:87,2
DA:89,2
DA:90,1
DA:91,1
DA:95,1
DA:96,1
DA:101,1
DA:104,1
DA:109,1
DA:110,1
DA:113,0
DA:114,0
DA:115,0
DA:124,6
DA:125,2
DA:126,1
DA:127,2
DA:128,0
LF:64
LH:60
BRDA:79,0,0,1
BRDA:79,0,1,2
BRDA:89,1,0,1
BRDA:89,1,1,1
BRDA:89,2,0,2
BRDA:89,2,1,1
BRF:6
BRH:6
end_of_record
TN:
SF:src\backend\models\NGOModel.js
FN:5,(anonymous_0)
FN:6,(anonymous_1)
FN:8,(anonymous_2)
FN:20,(anonymous_3)
FN:21,(anonymous_4)
FN:23,(anonymous_5)
FN:35,(anonymous_6)
FN:36,(anonymous_7)
FN:39,(anonymous_8)
FN:50,(anonymous_9)
FN:51,(anonymous_10)
FN:53,(anonymous_11)
FN:65,(anonymous_12)
FN:69,(anonymous_13)
FN:70,(anonymous_14)
FN:72,(anonymous_15)
FN:84,(anonymous_16)
FNF:17
FNH:14
FNDA:0,(anonymous_0)
FNDA:0,(anonymous_1)
FNDA:0,(anonymous_2)
FNDA:2,(anonymous_3)
FNDA:2,(anonymous_4)
FNDA:2,(anonymous_5)
FNDA:2,(anonymous_6)
FNDA:2,(anonymous_7)
FNDA:2,(anonymous_8)
FNDA:3,(anonymous_9)
FNDA:3,(anonymous_10)
FNDA:3,(anonymous_11)
FNDA:2,(anonymous_12)
FNDA:2,(anonymous_13)
FNDA:2,(anonymous_14)
FNDA:2,(anonymous_15)
FNDA:2,(anonymous_16)
DA:1,5
DA:5,5
DA:6,0
DA:7,0
DA:8,0
DA:9,0
DA:10,0
DA:12,0
DA:13,0
DA:15,0
DA:20,5
DA:21,2
DA:22,2
DA:23,2
DA:24,2
DA:25,0
DA:27,2
DA:28,1
DA:30,1
DA:35,5
DA:36,2
DA:38,2
DA:39,2
DA:40,2
DA:41,0
DA:43,2
DA:44,0
DA:46,2
DA:50,5
DA:51,3
DA:52,3
DA:53,3
DA:54,3
DA:55,0
DA:57,3
DA:58,0
DA:60,3
DA:65,5
DA:66,2
DA:69,5
DA:70,2
DA:71,2
DA:72,2
DA:73,2
DA:74,0
DA:76,2
DA:77,0
DA:79,2
DA:84,5
DA:85,2
DA:86,2
DA:90,2
DA:91,2
DA:93,0
DA:94,0
DA:99,5
LF:56
LH:39
BRDA:9,0,0,0
BRDA:9,0,1,0
BRDA:12,1,0,0
BRDA:12,1,1,0
BRDA:24,2,0,0
BRDA:24,2,1,2
BRDA:27,3,0,1
BRDA:27,3,1,1
BRDA:40,4,0,0
BRDA:40,4,1,2
BRDA:43,5,0,0
BRDA:43,5,1,2
BRDA:54,6,0,0
BRDA:54,6,1,3
BRDA:57,7,0,0
BRDA:57,7,1,3
BRDA:73,8,0,0
BRDA:73,8,1,2
BRDA:76,9,0,0
BRDA:76,9,1,2
BRF:20
BRH:9
end_of_record
TN:
SF:src\backend\models\adminModel.js
FN:13,(anonymous_0)
FN:14,(anonymous_1)
FN:22,(anonymous_2)
FN:45,(anonymous_3)
FN:46,(anonymous_4)
FN:48,(anonymous_5)
FN:63,(anonymous_6)
FN:64,(anonymous_7)
FN:66,(anonymous_8)
FN:81,(anonymous_9)
FN:82,(anonymous_10)
FN:84,(anonymous_11)
FN:102,(anonymous_12)
FN:119,(anonymous_13)
FN:120,(anonymous_14)
FN:123,(anonymous_15)
FN:144,(anonymous_16)
FN:159,(anonymous_17)
FNF:18
FNH:16
FNDA:2,(anonymous_0)
FNDA:2,(anonymous_1)
FNDA:2,(anonymous_2)
FNDA:2,(anonymous_3)
FNDA:2,(anonymous_4)
FNDA:2,(anonymous_5)
FNDA:2,(anonymous_6)
FNDA:2,(anonymous_7)
FNDA:2,(anonymous_8)
FNDA:2,(anonymous_9)
FNDA:2,(anonymous_10)
FNDA:2,(anonymous_11)
FNDA:1,(anonymous_12)
FNDA:2,(anonymous_13)
FNDA:2,(anonymous_14)
FNDA:2,(anonymous_15)
FNDA:0,(anonymous_16)
FNDA:0,(anonymous_17)
DA:6,5
DA:13,5
DA:14,2
DA:15,2
DA:16,2
DA:17,0
DA:20,2
DA:22,2
DA:23,2
DA:25,0
DA:28,2
DA:29,0
DA:32,2
DA:36,0
DA:45,5
DA:46,2
DA:47,2
DA:48,2
DA:49,2
DA:50,0
DA:52,2
DA:53,0
DA:55,2
DA:63,5
DA:64,2
DA:65,2
DA:66,2
DA:67,2
DA:68,0
DA:70,2
DA:71,0
DA:73,2
DA:81,5
DA:82,2
DA:83,2
DA:84,2
DA:85,2
DA:86,0
DA:88,2
DA:89,0
DA:91,2
DA:102,5
DA:103,1
DA:104,1
DA:105,1
DA:106,1
DA:107,1
DA:108,0
DA:110,1
DA:112,0
DA:119,5
DA:120,2
DA:121,2
DA:122,2
DA:123,2
DA:124,2
DA:125,0
DA:127,2
DA:128,0
DA:130,2
DA:133,0
DA:144,5
DA:145,0
DA:146,0
DA:147,0
DA:149,0
DA:150,0
DA:156,0
DA:157,0
DA:159,0
DA:160,0
DA:161,0
DA:162,0
DA:169,0
DA:176,0
DA:177,0
DA:186,5
LF:77
LH:48
BRDA:16,0,0,0
BRDA:16,0,1,2
BRDA:23,1,0,0
BRDA:23,1,1,2
BRDA:28,2,0,0
BRDA:28,2,1,2
BRDA:49,3,0,0
BRDA:49,3,1,2
BRDA:52,4,0,0
BRDA:52,4,1,2
BRDA:67,5,0,0
BRDA:67,5,1,2
BRDA:70,6,0,0
BRDA:70,6,1,2
BRDA:85,7,0,0
BRDA:85,7,1,2
BRDA:88,8,0,0
BRDA:88,8,1,2
BRDA:107,9,0,0
BRDA:107,9,1,1
BRDA:124,10,0,0
BRDA:124,10,1,2
BRDA:127,11,0,0
BRDA:127,11,1,2
BRDA:149,12,0,0
BRDA:149,12,1,0
BRDA:149,13,0,0
BRDA:149,13,1,0
BRDA:149,13,2,0
BRDA:160,14,0,0
BRDA:160,14,1,0
BRF:31
BRH:12
end_of_record
TN:
SF:src\backend\models\opportunityModel.js
FN:3,(anonymous_0)
FN:22,(anonymous_1)
FNF:2
FNH:2
FNDA:1,(anonymous_0)
FNDA:2,(anonymous_1)
DA:1,5
DA:3,5
DA:4,1
DA:19,1
DA:22,5
DA:23,2
DA:26,5
LF:7
LH:7
BRF:0
BRH:0
end_of_record
TN:
SF:src\backend\models\tagModel.js
FN:3,(anonymous_0)
FN:7,(anonymous_1)
FN:11,(anonymous_2)
FN:21,(anonymous_3)
FN:57,(anonymous_4)
FNF:5
FNH:4
FNDA:7,(anonymous_0)
FNDA:3,(anonymous_1)
FNDA:2,(anonymous_2)
FNDA:2,(anonymous_3)
FNDA:0,(anonymous_4)
DA:1,5
DA:3,5
DA:4,7
DA:7,5
DA:8,3
DA:11,5
DA:12,2
DA:21,5
DA:22,2
DA:23,2
DA:25,2
DA:26,2
DA:32,1
DA:39,1
DA:40,1
DA:48,0
DA:49,0
DA:57,5
DA:58,0
DA:61,0
DA:62,0
DA:69,0
DA:71,0
DA:76,0
DA:77,0
DA:85,0
DA:90,0
DA:91,0
DA:98,0
DA:103,0
DA:104,0
DA:115,5
LF:32
LH:17
BRDA:39,0,0,1
BRDA:39,0,1,0
BRDA:61,1,0,0
BRDA:61,1,1,0
BRDA:61,2,0,0
BRDA:61,2,1,0
BRDA:76,3,0,0
BRDA:76,3,1,0
BRDA:90,4,0,0
BRDA:90,4,1,0
BRF:10
BRH:1
end_of_record
TN:
SF:src\backend\models\userModel.js
FN:7,(anonymous_0)
FN:11,(anonymous_1)
FN:13,(anonymous_2)
FN:24,(anonymous_3)
FN:25,(anonymous_4)
FN:27,(anonymous_5)
FN:40,(anonymous_6)
FN:41,(anonymous_7)
FN:43,(anonymous_8)
FN:56,(anonymous_9)
FN:63,(anonymous_10)
FN:65,(anonymous_11)
FN:90,(anonymous_12)
FN:95,(anonymous_13)
FN:97,(anonymous_14)
FN:113,(anonymous_15)
FN:123,(anonymous_16)
FN:133,(anonymous_17)
FN:134,(anonymous_18)
FN:136,(anonymous_19)
FN:148,(anonymous_20)
FN:149,(anonymous_21)
FN:151,(anonymous_22)
FN:162,(anonymous_23)
FN:163,(anonymous_24)
FN:165,(anonymous_25)
FN:177,(anonymous_26)
FN:178,(anonymous_27)
FN:181,(anonymous_28)
FN:190,(anonymous_29)
FN:191,(anonymous_30)
FN:194,(anonymous_31)
FN:206,(anonymous_32)
FN:216,(anonymous_33)
FN:226,(anonymous_34)
FN:236,(anonymous_35)
FN:237,(anonymous_36)
FN:239,(anonymous_37)
FNF:38
FNH:34
FNDA:2,(anonymous_0)
FNDA:2,(anonymous_1)
FNDA:2,(anonymous_2)
FNDA:8,(anonymous_3)
FNDA:8,(anonymous_4)
FNDA:8,(anonymous_5)
FNDA:7,(anonymous_6)
FNDA:7,(anonymous_7)
FNDA:7,(anonymous_8)
FNDA:0,(anonymous_9)
FNDA:0,(anonymous_10)
FNDA:0,(anonymous_11)
FNDA:1,(anonymous_12)
FNDA:1,(anonymous_13)
FNDA:1,(anonymous_14)
FNDA:1,(anonymous_15)
FNDA:2,(anonymous_16)
FNDA:5,(anonymous_17)
FNDA:5,(anonymous_18)
FNDA:5,(anonymous_19)
FNDA:3,(anonymous_20)
FNDA:3,(anonymous_21)
FNDA:3,(anonymous_22)
FNDA:3,(anonymous_23)
FNDA:3,(anonymous_24)
FNDA:3,(anonymous_25)
FNDA:1,(anonymous_26)
FNDA:1,(anonymous_27)
FNDA:1,(anonymous_28)
FNDA:7,(anonymous_29)
FNDA:7,(anonymous_30)
FNDA:7,(anonymous_31)
FNDA:2,(anonymous_32)
FNDA:1,(anonymous_33)
FNDA:0,(anonymous_34)
FNDA:2,(anonymous_35)
FNDA:2,(anonymous_36)
FNDA:2,(anonymous_37)
DA:3,5
DA:4,5
DA:7,5
DA:8,2
DA:9,2
DA:10,2
DA:11,2
DA:12,2
DA:13,2
DA:14,2
DA:15,1
DA:19,0
DA:24,5
DA:25,8
DA:26,8
DA:27,8
DA:28,8
DA:29,0
DA:31,8
DA:32,0
DA:34,8
DA:40,5
DA:41,7
DA:42,7
DA:43,7
DA:44,7
DA:45,0
DA:47,7
DA:48,0
DA:50,7
DA:56,5
DA:57,0
DA:58,0
DA:61,0
DA:63,0
DA:64,0
DA:65,0
DA:66,0
DA:67,0
DA:69,0
DA:73,0
DA:74,0
DA:78,0
DA:84,0
DA:85,0
DA:90,5
DA:91,1
DA:94,1
DA:95,1
DA:96,1
DA:97,1
DA:98,1
DA:101,1
DA:102,1
DA:103,1
DA:109,0
DA:113,5
DA:114,1
DA:115,1
DA:116,1
DA:118,0
DA:119,0
DA:123,5
DA:124,2
DA:125,2
DA:126,2
DA:128,0
DA:129,0
DA:133,5
DA:134,5
DA:135,5
DA:136,5
DA:137,5
DA:138,0
DA:140,5
DA:141,0
DA:143,5
DA:148,5
DA:149,3
DA:150,3
DA:151,3
DA:152,3
DA:153,0
DA:155,3
DA:156,0
DA:158,3
DA:162,5
DA:163,3
DA:164,3
DA:165,3
DA:166,3
DA:167,0
DA:169,3
DA:170,0
DA:172,3
DA:177,5
DA:178,1
DA:179,1
DA:181,1
DA:182,1
DA:183,0
DA:185,1
DA:190,5
DA:191,7
DA:192,7
DA:194,7
DA:195,7
DA:196,0
DA:198,7
DA:199,4
DA:201,3
DA:206,5
DA:207,2
DA:208,2
DA:209,2
DA:210,2
DA:212,0
DA:216,5
DA:217,1
DA:218,1
DA:219,1
DA:220,1
DA:222,0
DA:226,5
DA:227,0
DA:228,0
DA:229,0
DA:230,0
DA:232,0
DA:236,5
DA:237,2
DA:238,2
DA:239,2
DA:240,2
DA:241,0
DA:243,2
DA:244,0
DA:246,2
DA:252,5
LF:139
LH:98
BRDA:9,0,0,0
BRDA:9,0,1,2
BRDA:14,1,0,1
BRDA:14,1,1,1
BRDA:28,2,0,0
BRDA:28,2,1,8
BRDA:31,3,0,0
BRDA:31,3,1,8
BRDA:44,4,0,0
BRDA:44,4,1,7
BRDA:47,5,0,0
BRDA:47,5,1,7
BRDA:57,6,0,0
BRDA:57,6,1,0
BRDA:66,7,0,0
BRDA:66,7,1,0
BRDA:73,8,0,0
BRDA:73,8,1,0
BRDA:98,9,0,0
BRDA:98,9,1,1
BRDA:101,10,0,1
BRDA:101,10,1,0
BRDA:137,11,0,0
BRDA:137,11,1,5
BRDA:140,12,0,0
BRDA:140,12,1,5
BRDA:152,13,0,0
BRDA:152,13,1,3
BRDA:155,14,0,0
BRDA:155,14,1,3
BRDA:166,15,0,0
BRDA:166,15,1,3
BRDA:169,16,0,0
BRDA:169,16,1,3
BRDA:182,17,0,0
BRDA:182,17,1,1
BRDA:195,18,0,0
BRDA:195,18,1,7
BRDA:198,19,0,4
BRDA:198,19,1,3
BRDA:240,20,0,0
BRDA:240,20,1,2
BRDA:243,21,0,0
BRDA:243,21,1,2
BRF:44
BRH:21
end_of_record
TN:
SF:src\backend\routes\adminRoutes.js
FNF:0
FNH:0
DA:10,5
DA:12,5
DA:13,5
DA:15,5
DA:18,5
DA:20,5
DA:22,5
DA:24,5
DA:26,5
LF:9
LH:9
BRF:0
BRH:0
end_of_record
TN:
SF:src\backend\routes\authRoutes.js
FNF:0
FNH:0
DA:10,5
DA:12,5
DA:14,5
DA:17,5
DA:19,5
DA:21,5
DA:23,5
DA:25,5
DA:27,5
DA:29,5
DA:31,5
LF:11
LH:11
BRF:0
BRH:0
end_of_record
TN:
SF:src\backend\routes\contactRoutes.js
FNF:0
FNH:0
DA:10,5
DA:12,5
DA:14,5
DA:17,5
DA:19,5
LF:5
LH:5
BRF:0
BRH:0
end_of_record
TN:
SF:src\backend\routes\opportunityRoutes.js
FNF:0
FNH:0
DA:2,5
DA:3,5
DA:7,5
DA:11,5
DA:14,5
DA:16,5
LF:6
LH:6
BRF:0
BRH:0
end_of_record
TN:
SF:src\backend\routes\profileRoutes.js
FN:13,(anonymous_0)
FNF:1
FNH:0
FNDA:0,(anonymous_0)
DA:1,5
DA:8,5
DA:9,5
DA:10,5
DA:13,5
DA:14,0
DA:15,0
DA:16,0
DA:19,0
DA:21,0
DA:22,0
DA:25,0
DA:32,0
DA:33,0
DA:36,5
DA:37,5
DA:38,5
DA:39,5
DA:40,5
DA:41,5
LF:20
LH:11
BRDA:15,0,0,0
BRDA:15,0,1,0
BRDA:15,1,0,0
BRDA:15,1,1,0
BRDA:21,2,0,0
BRDA:21,2,1,0
BRF:6
BRH:0
end_of_record
TN:
SF:src\backend\routes\searchRoutes.js
FNF:0
FNH:0
DA:1,5
DA:2,5
DA:3,5
DA:5,5
DA:6,5
DA:7,5
DA:9,5
LF:7
LH:7
BRF:0
BRH:0
end_of_record
TN:
SF:src\components\account\Admin.js
FN:14,Admin
FN:20,(anonymous_1)
FN:21,(anonymous_2)
FN:40,(anonymous_3)
FN:44,(anonymous_4)
FN:52,(anonymous_5)
FN:64,(anonymous_6)
FN:71,(anonymous_7)
FN:84,(anonymous_8)
FN:85,(anonymous_9)
FN:87,(anonymous_10)
FN:93,(anonymous_11)
FN:108,(anonymous_12)
FN:122,(anonymous_13)
FN:124,(anonymous_14)
FN:232,(anonymous_15)
FN:254,(anonymous_16)
FN:256,(anonymous_17)
FN:263,(anonymous_18)
FN:304,(anonymous_19)
FN:309,(anonymous_20)
FN:332,(anonymous_21)
FN:384,(anonymous_22)
FN:435,(anonymous_23)
FN:438,(anonymous_24)
FN:470,(anonymous_25)
FN:486,(anonymous_26)
FN:486,(anonymous_27)
FN:494,(anonymous_28)
FN:496,(anonymous_29)
FN:497,(anonymous_30)
FN:507,(anonymous_31)
FN:515,(anonymous_32)
FN:520,(anonymous_33)
FN:527,(anonymous_34)
FN:544,(anonymous_35)
FN:544,(anonymous_36)
FN:552,(anonymous_37)
FN:554,(anonymous_38)
FN:555,(anonymous_39)
FN:565,(anonymous_40)
FN:572,(anonymous_41)
FN:577,(anonymous_42)
FN:583,(anonymous_43)
FN:591,(anonymous_44)
FN:595,(anonymous_45)
FN:607,(anonymous_46)
FN:613,(anonymous_47)
FN:621,(anonymous_48)
FN:629,(anonymous_49)
FN:648,(anonymous_50)
FN:648,(anonymous_51)
FN:658,(anonymous_52)
FN:658,(anonymous_53)
FN:667,(anonymous_54)
FN:674,(anonymous_55)
FN:681,(anonymous_56)
FN:688,(anonymous_57)
FN:696,(anonymous_58)
FN:708,(anonymous_59)
FN:725,(anonymous_60)
FN:727,(anonymous_61)
FN:755,(anonymous_62)
FN:755,(anonymous_63)
FN:763,(anonymous_64)
FN:765,(anonymous_65)
FN:766,(anonymous_66)
FN:776,(anonymous_67)
FN:784,(anonymous_68)
FN:789,(anonymous_69)
FN:796,(anonymous_70)
FN:813,(anonymous_71)
FN:813,(anonymous_72)
FN:821,(anonymous_73)
FN:823,(anonymous_74)
FN:824,(anonymous_75)
FN:834,(anonymous_76)
FN:841,(anonymous_77)
FN:846,(anonymous_78)
FN:852,(anonymous_79)
FN:860,(anonymous_80)
FN:864,(anonymous_81)
FN:876,(anonymous_82)
FN:882,(anonymous_83)
FN:890,(anonymous_84)
FN:898,(anonymous_85)
FN:917,(anonymous_86)
FN:917,(anonymous_87)
FN:927,(anonymous_88)
FN:927,(anonymous_89)
FN:936,(anonymous_90)
FN:943,(anonymous_91)
FN:950,(anonymous_92)
FN:957,(anonymous_93)
FN:965,(anonymous_94)
FN:977,(anonymous_95)
FN:994,(anonymous_96)
FN:996,(anonymous_97)
FN:1031,(anonymous_98)
FN:1057,(anonymous_99)
FN:1057,(anonymous_100)
FN:1065,(anonymous_101)
FN:1067,(anonymous_102)
FN:1068,(anonymous_103)
FN:1078,(anonymous_104)
FN:1086,(anonymous_105)
FN:1091,(anonymous_106)
FN:1098,(anonymous_107)
FN:1119,(anonymous_108)
FN:1119,(anonymous_109)
FN:1129,(anonymous_110)
FN:1129,(anonymous_111)
FN:1138,(anonymous_112)
FN:1145,(anonymous_113)
FN:1152,(anonymous_114)
FN:1163,(anonymous_115)
FN:1175,(anonymous_116)
FN:1192,(anonymous_117)
FN:1194,(anonymous_118)
FN:1251,(anonymous_119)
FN:1264,(anonymous_120)
FN:1273,(anonymous_121)
FN:1305,(anonymous_122)
FN:1313,(anonymous_123)
FN:1321,(anonymous_124)
FN:1329,(anonymous_125)
FNF:126
FNH:35
FNDA:71,Admin
FNDA:10,(anonymous_1)
FNDA:10,(anonymous_2)
FNDA:1,(anonymous_3)
FNDA:1,(anonymous_4)
FNDA:1,(anonymous_5)
FNDA:0,(anonymous_6)
FNDA:1,(anonymous_7)
FNDA:24,(anonymous_8)
FNDA:24,(anonymous_9)
FNDA:9,(anonymous_10)
FNDA:1,(anonymous_11)
FNDA:1,(anonymous_12)
FNDA:1,(anonymous_13)
FNDA:0,(anonymous_14)
FNDA:2,(anonymous_15)
FNDA:1,(anonymous_16)
FNDA:1,(anonymous_17)
FNDA:0,(anonymous_18)
FNDA:0,(anonymous_19)
FNDA:0,(anonymous_20)
FNDA:2,(anonymous_21)
FNDA:1,(anonymous_22)
FNDA:0,(anonymous_23)
FNDA:0,(anonymous_24)
FNDA:61,(anonymous_25)
FNDA:0,(anonymous_26)
FNDA:0,(anonymous_27)
FNDA:5,(anonymous_28)
FNDA:0,(anonymous_29)
FNDA:5,(anonymous_30)
FNDA:0,(anonymous_31)
FNDA:0,(anonymous_32)
FNDA:0,(anonymous_33)
FNDA:0,(anonymous_34)
FNDA:0,(anonymous_35)
FNDA:0,(anonymous_36)
FNDA:5,(anonymous_37)
FNDA:0,(anonymous_38)
FNDA:5,(anonymous_39)
FNDA:0,(anonymous_40)
FNDA:0,(anonymous_41)
FNDA:0,(anonymous_42)
FNDA:0,(anonymous_43)
FNDA:0,(anonymous_44)
FNDA:0,(anonymous_45)
FNDA:0,(anonymous_46)
FNDA:0,(anonymous_47)
FNDA:0,(anonymous_48)
FNDA:0,(anonymous_49)
FNDA:0,(anonymous_50)
FNDA:0,(anonymous_51)
FNDA:0,(anonymous_52)
FNDA:0,(anonymous_53)
FNDA:0,(anonymous_54)
FNDA:0,(anonymous_55)
FNDA:0,(anonymous_56)
FNDA:0,(anonymous_57)
FNDA:0,(anonymous_58)
FNDA:0,(anonymous_59)
FNDA:0,(anonymous_60)
FNDA:0,(anonymous_61)
FNDA:0,(anonymous_62)
FNDA:0,(anonymous_63)
FNDA:2,(anonymous_64)
FNDA:0,(anonymous_65)
FNDA:2,(anonymous_66)
FNDA:0,(anonymous_67)
FNDA:0,(anonymous_68)
FNDA:0,(anonymous_69)
FNDA:0,(anonymous_70)
FNDA:0,(anonymous_71)
FNDA:0,(anonymous_72)
FNDA:2,(anonymous_73)
FNDA:0,(anonymous_74)
FNDA:2,(anonymous_75)
FNDA:0,(anonymous_76)
FNDA:0,(anonymous_77)
FNDA:0,(anonymous_78)
FNDA:0,(anonymous_79)
FNDA:0,(anonymous_80)
FNDA:0,(anonymous_81)
FNDA:0,(anonymous_82)
FNDA:0,(anonymous_83)
FNDA:0,(anonymous_84)
FNDA:0,(anonymous_85)
FNDA:0,(anonymous_86)
FNDA:0,(anonymous_87)
FNDA:0,(anonymous_88)
FNDA:0,(anonymous_89)
FNDA:0,(anonymous_90)
FNDA:0,(anonymous_91)
FNDA:0,(anonymous_92)
FNDA:0,(anonymous_93)
FNDA:0,(anonymous_94)
FNDA:0,(anonymous_95)
FNDA:0,(anonymous_96)
FNDA:0,(anonymous_97)
FNDA:23,(anonymous_98)
FNDA:0,(anonymous_99)
FNDA:0,(anonymous_100)
FNDA:1,(anonymous_101)
FNDA:0,(anonymous_102)
FNDA:1,(anonymous_103)
FNDA:0,(anonymous_104)
FNDA:0,(anonymous_105)
FNDA:0,(anonymous_106)
FNDA:0,(anonymous_107)
FNDA:0,(anonymous_108)
FNDA:0,(anonymous_109)
FNDA:0,(anonymous_110)
FNDA:0,(anonymous_111)
FNDA:0,(anonymous_112)
FNDA:0,(anonymous_113)
FNDA:0,(anonymous_114)
FNDA:0,(anonymous_115)
FNDA:0,(anonymous_116)
FNDA:0,(anonymous_117)
FNDA:0,(anonymous_118)
FNDA:305,(anonymous_119)
FNDA:24,(anonymous_120)
FNDA:305,(anonymous_121)
FNDA:2,(anonymous_122)
FNDA:0,(anonymous_123)
FNDA:0,(anonymous_124)
FNDA:2,(anonymous_125)
DA:15,71
DA:16,71
DA:17,71
DA:18,71
DA:20,71
DA:21,10
DA:22,10
DA:23,10
DA:30,10
DA:31,10
DA:32,10
DA:34,0
DA:37,10
DA:40,71
DA:41,1
DA:44,71
DA:45,1
DA:46,1
DA:47,0
DA:51,1
DA:52,1
DA:53,1
DA:55,1
DA:56,1
DA:63,1
DA:64,0
DA:65,0
DA:68,1
DA:69,1
DA:70,1
DA:71,1
DA:76,0
DA:77,0
DA:81,1
DA:84,71
DA:85,24
DA:86,24
DA:87,9
DA:93,71
DA:94,1
DA:95,1
DA:97,1
DA:103,1
DA:105,1
DA:108,1
DA:116,1
DA:119,1
DA:122,1
DA:124,1
DA:127,1
DA:131,1
DA:134,1
DA:145,1
DA:146,0
DA:149,1
DA:154,0
DA:155,0
DA:157,0
DA:162,0
DA:163,0
DA:232,71
DA:233,2
DA:236,2
DA:241,2
DA:242,1
DA:245,1
DA:246,1
DA:252,1
DA:254,1
DA:256,1
DA:257,1
DA:261,1
DA:262,1
DA:263,0
DA:264,0
DA:268,1
DA:276,1
DA:277,1
DA:288,1
DA:289,0
DA:292,1
DA:296,0
DA:299,0
DA:300,0
DA:304,71
DA:309,71
DA:310,0
DA:312,0
DA:313,0
DA:314,0
DA:316,0
DA:317,0
DA:318,0
DA:319,0
DA:321,0
DA:322,0
DA:323,0
DA:325,0
DA:326,0
DA:332,71
DA:334,2
DA:339,2
DA:340,1
DA:343,1
DA:344,1
DA:350,1
DA:352,1
DA:380,1
DA:383,1
DA:384,1
DA:386,1
DA:387,1
DA:391,1
DA:394,1
DA:399,1
DA:402,1
DA:406,1
DA:409,1
DA:410,1
DA:424,0
DA:429,0
DA:430,0
DA:431,0
DA:432,0
DA:435,0
DA:438,0
DA:442,0
DA:446,0
DA:447,0
DA:453,71
DA:454,10
DA:462,61
DA:463,61
DA:464,61
DA:465,61
DA:466,61
DA:467,61
DA:468,61
DA:470,61
DA:471,61
DA:486,0
DA:494,5
DA:496,0
DA:498,5
DA:509,0
DA:510,0
DA:512,0
DA:514,0
DA:515,0
DA:518,0
DA:520,0
DA:527,0
DA:544,0
DA:552,5
DA:554,0
DA:556,5
DA:567,0
DA:569,0
DA:571,0
DA:572,0
DA:576,0
DA:577,0
DA:578,0
DA:582,0
DA:583,0
DA:584,0
DA:589,0
DA:590,0
DA:591,0
DA:595,0
DA:603,0
DA:606,0
DA:607,0
DA:608,0
DA:612,0
DA:613,0
DA:614,0
DA:619,0
DA:620,0
DA:621,0
DA:625,0
DA:629,0
DA:648,0
DA:658,0
DA:669,0
DA:672,0
DA:673,0
DA:674,0
DA:679,0
DA:680,0
DA:681,0
DA:686,0
DA:687,0
DA:688,0
DA:689,0
DA:694,0
DA:695,0
DA:696,0
DA:697,0
DA:702,0
DA:708,0
DA:727,0
DA:755,0
DA:763,2
DA:765,0
DA:767,2
DA:778,0
DA:779,0
DA:781,0
DA:783,0
DA:784,0
DA:787,0
DA:789,0
DA:796,0
DA:813,0
DA:821,2
DA:823,0
DA:825,2
DA:836,0
DA:838,0
DA:840,0
DA:841,0
DA:845,0
DA:846,0
DA:847,0
DA:851,0
DA:852,0
DA:853,0
DA:858,0
DA:859,0
DA:860,0
DA:864,0
DA:872,0
DA:875,0
DA:876,0
DA:877,0
DA:881,0
DA:882,0
DA:883,0
DA:888,0
DA:889,0
DA:890,0
DA:894,0
DA:898,0
DA:917,0
DA:927,0
DA:938,0
DA:941,0
DA:942,0
DA:943,0
DA:948,0
DA:949,0
DA:950,0
DA:955,0
DA:956,0
DA:957,0
DA:958,0
DA:963,0
DA:964,0
DA:965,0
DA:966,0
DA:971,0
DA:977,0
DA:996,0
DA:1031,23
DA:1057,0
DA:1065,1
DA:1067,0
DA:1069,1
DA:1080,0
DA:1081,0
DA:1083,0
DA:1085,0
DA:1086,0
DA:1089,0
DA:1091,0
DA:1098,0
DA:1119,0
DA:1129,0
DA:1140,0
DA:1143,0
DA:1144,0
DA:1145,0
DA:1150,0
DA:1151,0
DA:1152,0
DA:1153,0
DA:1154,0
DA:1159,0
DA:1160,0
DA:1162,0
DA:1163,0
DA:1164,0
DA:1165,0
DA:1170,0
DA:1175,0
DA:1194,0
DA:1216,61
DA:1252,305
DA:1254,305
DA:1255,305
DA:1256,305
DA:1257,305
DA:1258,305
DA:1260,305
DA:1264,24
DA:1274,305
DA:1305,2
DA:1313,0
DA:1321,0
DA:1329,2
LF:311
LH:122
BRDA:46,0,0,0
BRDA:46,0,1,1
BRDA:63,1,0,0
BRDA:63,1,1,1
BRDA:65,2,0,0
BRDA:65,2,1,0
BRDA:86,3,0,9
BRDA:86,3,1,15
BRDA:94,4,0,1
BRDA:94,4,1,0
BRDA:105,5,0,1
BRDA:105,5,1,0
BRDA:145,6,0,0
BRDA:145,6,1,0
BRDA:154,7,0,0
BRDA:154,7,1,0
BRDA:157,8,0,0
BRDA:157,8,1,0
BRDA:233,9,0,2
BRDA:233,9,1,0
BRDA:241,10,0,1
BRDA:241,10,1,1
BRDA:252,11,0,1
BRDA:252,11,1,0
BRDA:257,12,0,1
BRDA:257,12,1,0
BRDA:262,13,0,0
BRDA:262,13,1,1
BRDA:262,14,0,1
BRDA:262,14,1,0
BRDA:264,15,0,0
BRDA:264,15,1,0
BRDA:288,16,0,0
BRDA:288,16,1,0
BRDA:339,17,0,1
BRDA:339,17,1,1
BRDA:352,18,0,1
BRDA:352,18,1,0
BRDA:383,19,0,1
BRDA:383,19,1,0
BRDA:386,20,0,1
BRDA:386,20,1,1
BRDA:386,20,2,1
BRDA:429,21,0,0
BRDA:429,21,1,0
BRDA:431,22,0,0
BRDA:431,22,1,0
BRDA:442,23,0,0
BRDA:442,23,1,0
BRDA:453,24,0,10
BRDA:453,24,1,61
BRDA:462,25,0,61
BRDA:462,25,1,0
BRDA:464,26,0,61
BRDA:464,26,1,0
BRDA:465,27,0,61
BRDA:465,27,1,0
BRDA:466,28,0,61
BRDA:466,28,1,0
BRDA:467,29,0,61
BRDA:467,29,1,0
BRDA:468,30,0,61
BRDA:468,30,1,0
BRDA:473,31,0,61
BRDA:473,31,1,0
BRDA:474,32,0,61
BRDA:474,32,1,0
BRDA:478,33,0,61
BRDA:478,33,1,5
BRDA:485,34,0,5
BRDA:485,34,1,5
BRDA:512,35,0,0
BRDA:512,35,1,0
BRDA:543,36,0,5
BRDA:543,36,1,5
BRDA:569,37,0,0
BRDA:569,37,1,0
BRDA:576,38,0,0
BRDA:576,38,1,0
BRDA:582,39,0,0
BRDA:582,39,1,0
BRDA:589,40,0,0
BRDA:589,40,1,0
BRDA:606,41,0,0
BRDA:606,41,1,0
BRDA:612,42,0,0
BRDA:612,42,1,0
BRDA:619,43,0,0
BRDA:619,43,1,0
BRDA:625,44,0,0
BRDA:625,44,1,0
BRDA:625,44,2,0
BRDA:631,45,0,0
BRDA:631,45,1,0
BRDA:647,46,0,5
BRDA:647,46,1,5
BRDA:657,47,0,5
BRDA:657,47,1,5
BRDA:672,48,0,0
BRDA:672,48,1,0
BRDA:679,49,0,0
BRDA:679,49,1,0
BRDA:686,50,0,0
BRDA:686,50,1,0
BRDA:694,51,0,0
BRDA:694,51,1,0
BRDA:702,52,0,0
BRDA:702,52,1,0
BRDA:702,52,2,0
BRDA:702,52,3,0
BRDA:710,53,0,0
BRDA:710,53,1,0
BRDA:712,54,0,0
BRDA:712,54,1,0
BRDA:747,55,0,61
BRDA:747,55,1,2
BRDA:754,56,0,2
BRDA:754,56,1,2
BRDA:781,57,0,0
BRDA:781,57,1,0
BRDA:812,58,0,2
BRDA:812,58,1,2
BRDA:838,59,0,0
BRDA:838,59,1,0
BRDA:845,60,0,0
BRDA:845,60,1,0
BRDA:851,61,0,0
BRDA:851,61,1,0
BRDA:858,62,0,0
BRDA:858,62,1,0
BRDA:875,63,0,0
BRDA:875,63,1,0
BRDA:881,64,0,0
BRDA:881,64,1,0
BRDA:888,65,0,0
BRDA:888,65,1,0
BRDA:894,66,0,0
BRDA:894,66,1,0
BRDA:894,66,2,0
BRDA:900,67,0,0
BRDA:900,67,1,0
BRDA:916,68,0,2
BRDA:916,68,1,2
BRDA:926,69,0,2
BRDA:926,69,1,2
BRDA:941,70,0,0
BRDA:941,70,1,0
BRDA:948,71,0,0
BRDA:948,71,1,0
BRDA:955,72,0,0
BRDA:955,72,1,0
BRDA:963,73,0,0
BRDA:963,73,1,0
BRDA:971,74,0,0
BRDA:971,74,1,0
BRDA:971,74,2,0
BRDA:971,74,3,0
BRDA:979,75,0,0
BRDA:979,75,1,0
BRDA:981,76,0,0
BRDA:981,76,1,0
BRDA:1016,77,0,61
BRDA:1016,77,1,2
BRDA:1025,78,0,61
BRDA:1025,78,1,31
BRDA:1049,79,0,61
BRDA:1049,79,1,1
BRDA:1056,80,0,1
BRDA:1056,80,1,1
BRDA:1083,81,0,0
BRDA:1083,81,1,0
BRDA:1118,82,0,1
BRDA:1118,82,1,1
BRDA:1128,83,0,1
BRDA:1128,83,1,1
BRDA:1143,84,0,0
BRDA:1143,84,1,0
BRDA:1150,85,0,0
BRDA:1150,85,1,0
BRDA:1159,86,0,0
BRDA:1159,86,1,0
BRDA:1170,87,0,0
BRDA:1170,87,1,0
BRDA:1170,87,2,0
BRDA:1177,88,0,0
BRDA:1177,88,1,0
BRDA:1179,89,0,0
BRDA:1179,89,1,0
BRDA:1224,90,0,61
BRDA:1224,90,1,60
BRDA:1254,91,0,61
BRDA:1254,91,1,244
BRDA:1254,92,0,0
BRDA:1254,92,1,61
BRDA:1255,93,0,61
BRDA:1255,93,1,244
BRDA:1255,94,0,0
BRDA:1255,94,1,61
BRDA:1256,95,0,61
BRDA:1256,95,1,244
BRDA:1257,96,0,61
BRDA:1257,96,1,244
BRDA:1258,97,0,61
BRDA:1258,97,1,244
BRDA:1258,98,0,0
BRDA:1258,98,1,61
BRDA:1269,99,0,41
BRDA:1269,99,1,264
BRDA:1272,100,0,304
BRDA:1272,100,1,1
BRDA:1276,101,0,305
BRDA:1276,101,1,183
BRDA:1276,101,2,183
BRDA:1276,101,3,122
BRDA:1276,101,4,61
BRDA:1276,101,5,0
BRDA:1277,102,0,305
BRDA:1277,102,1,61
BRDA:1283,103,0,60
BRDA:1283,103,1,245
BRDA:1286,104,0,305
BRDA:1286,104,1,122
BRDA:1290,105,0,61
BRDA:1290,105,1,244
BRDA:1291,106,0,305
BRDA:1291,106,1,61
BRDA:1303,107,0,305
BRDA:1303,107,1,61
BRDA:1307,108,0,60
BRDA:1307,108,1,1
BRDA:1311,109,0,305
BRDA:1311,109,1,61
BRDA:1319,110,0,305
BRDA:1319,110,1,61
BRDA:1327,111,0,305
BRDA:1327,111,1,61
BRF:236
BRH:106
end_of_record
TN:
SF:src\components\contact\Contact.js
FN:5,Contact
FN:12,(anonymous_1)
FN:14,(anonymous_2)
FN:17,(anonymous_3)
FNF:4
FNH:4
FNDA:77,Contact
FNDA:71,(anonymous_1)
FNDA:71,(anonymous_2)
FNDA:2,(anonymous_3)
DA:6,77
DA:12,77
DA:13,71
DA:14,71
DA:17,77
DA:18,2
DA:19,2
DA:21,2
DA:22,2
DA:33,1
DA:39,77
LF:11
LH:11
BRF:0
BRH:0
end_of_record
TN:
SF:src\components\donate\donate.js
FN:6,(anonymous_0)
FN:13,(anonymous_1)
FN:65,(anonymous_2)
FN:85,(anonymous_3)
FN:104,(anonymous_4)
FN:118,(anonymous_5)
FN:135,(anonymous_6)
FNF:7
FNH:7
FNDA:111,(anonymous_0)
FNDA:4,(anonymous_1)
FNDA:64,(anonymous_2)
FNDA:19,(anonymous_3)
FNDA:9,(anonymous_4)
FNDA:8,(anonymous_5)
FNDA:3,(anonymous_6)
DA:6,1
DA:7,111
DA:8,111
DA:9,111
DA:10,111
DA:11,111
DA:12,111
DA:13,111
DA:15,4
DA:16,4
DA:22,1
DA:23,1
DA:26,3
DA:27,3
DA:39,2
DA:40,2
DA:41,2
DA:43,2
DA:44,1
DA:46,1
DA:49,1
DA:50,1
DA:54,111
DA:66,64
DA:67,64
DA:68,64
DA:72,64
DA:86,19
DA:87,19
DA:88,19
DA:89,8
DA:91,19
DA:105,9
DA:106,9
DA:119,8
DA:120,8
DA:135,1
DA:136,3
DA:138,3
DA:139,3
DA:140,3
DA:142,3
DA:144,3
DA:145,3
DA:147,3
LF:45
LH:45
BRDA:16,0,0,1
BRDA:16,0,1,3
BRDA:17,1,0,4
BRDA:17,1,1,3
BRDA:17,1,2,3
BRDA:17,1,3,3
BRDA:17,1,4,3
BRDA:17,1,5,3
BRDA:17,1,6,3
BRDA:17,1,7,3
BRDA:43,2,0,1
BRDA:43,2,1,1
BRDA:68,3,0,64
BRDA:68,3,1,0
BRDA:88,4,0,8
BRDA:88,4,1,11
BRDA:129,5,0,111
BRDA:129,5,1,4
BRDA:136,6,0,0
BRDA:136,6,1,3
BRDA:142,7,0,0
BRDA:142,7,1,3
BRDA:142,8,0,3
BRDA:142,8,1,3
BRF:24
BRH:21
end_of_record
TN:
SF:src\components\forgot\ForgotPassword.js
FN:12,(anonymous_0)
FN:16,(anonymous_1)
FN:47,(anonymous_2)
FNF:3
FNH:3
FNDA:62,(anonymous_0)
FNDA:3,(anonymous_1)
FNDA:55,(anonymous_2)
DA:12,1
DA:13,62
DA:14,62
DA:16,62
DA:17,3
DA:19,3
DA:27,3
DA:28,3
DA:29,1
DA:31,2
DA:35,62
DA:47,55
LF:12
LH:12
BRDA:28,0,0,1
BRDA:28,0,1,2
BRDA:31,1,0,2
BRDA:31,1,1,1
BRDA:52,2,0,62
BRDA:52,2,1,3
BRF:6
BRH:6
end_of_record
TN:
SF:src\components\home\Home.js
FN:7,Home
FNF:1
FNH:0
FNDA:0,Home
DA:8,0
LF:1
LH:0
BRF:0
BRH:0
end_of_record
TN:
SF:src\components\home\HomeTile.js
FN:4,HomeTile
FNF:1
FNH:0
FNDA:0,HomeTile
DA:6,0
LF:1
LH:0
BRDA:9,0,0,0
BRDA:9,0,1,0
BRF:2
BRH:0
end_of_record
TN:
SF:src\components\login\Login.js
FN:10,Login
FN:16,(anonymous_1)
FN:57,(anonymous_2)
FN:77,(anonymous_3)
FN:85,(anonymous_4)
FNF:5
FNH:5
FNDA:98,Login
FNDA:3,(anonymous_1)
FNDA:2,(anonymous_2)
FNDA:64,(anonymous_3)
FNDA:23,(anonymous_4)
DA:11,98
DA:12,98
DA:13,98
DA:14,98
DA:16,98
DA:17,3
DA:18,3
DA:19,3
DA:20,3
DA:23,3
DA:25,3
DA:26,3
DA:29,3
DA:40,2
DA:41,2
DA:43,2
DA:45,1
DA:49,1
DA:51,1
DA:53,2
DA:55,2
DA:57,2
DA:58,2
DA:60,2
DA:64,98
DA:77,64
DA:85,23
LF:27
LH:27
BRDA:43,0,0,1
BRDA:43,0,1,1
BRDA:45,1,0,1
BRDA:45,1,1,0
BRF:4
BRH:3
end_of_record
TN:
SF:src\components\ngoInfo\NGOinfo.js
FN:7,NGOinfoPage
FN:16,(anonymous_1)
FN:18,(anonymous_2)
FN:22,(anonymous_3)
FN:24,(anonymous_4)
FN:77,(anonymous_5)
FN:147,(anonymous_6)
FN:211,(anonymous_7)
FNF:8
FNH:7
FNDA:7,NGOinfoPage
FNDA:2,(anonymous_1)
FNDA:4,(anonymous_2)
FNDA:3,(anonymous_3)
FNDA:0,(anonymous_4)
FNDA:4,(anonymous_5)
FNDA:2,(anonymous_6)
FNDA:1,(anonymous_7)
DA:8,7
DA:9,7
DA:10,7
DA:16,7
DA:18,7
DA:19,4
DA:20,4
DA:22,4
DA:23,3
DA:24,3
DA:25,0
DA:28,3
DA:32,3
DA:34,3
DA:35,1
DA:36,1
DA:39,1
DA:41,1
DA:42,0
DA:45,1
DA:57,2
DA:67,4
DA:68,3
DA:70,1
DA:77,4
DA:80,7
DA:81,4
DA:93,3
DA:94,2
DA:112,1
DA:113,0
DA:130,1
DA:148,2
DA:211,1
LF:34
LH:31
BRDA:34,0,0,1
BRDA:34,0,1,1
BRDA:36,1,0,1
BRDA:36,1,1,0
BRDA:41,2,0,0
BRDA:41,2,1,1
BRDA:50,3,0,1
BRDA:50,3,1,1
BRDA:51,4,0,1
BRDA:51,4,1,0
BRDA:52,5,0,1
BRDA:52,5,1,0
BRDA:59,6,0,0
BRDA:59,6,1,2
BRDA:67,7,0,3
BRDA:67,7,1,1
BRDA:67,8,0,4
BRDA:67,8,1,4
BRDA:80,9,0,4
BRDA:80,9,1,3
BRDA:93,10,0,2
BRDA:93,10,1,1
BRDA:112,11,0,0
BRDA:112,11,1,1
BRDA:141,12,0,1
BRDA:141,12,1,1
BRDA:172,13,0,1
BRDA:172,13,1,1
BRF:28
BRH:22
end_of_record
TN:
SF:src\components\post_volunteer\PostVolunteer.js
FN:7,PostVolunteer
FN:23,(anonymous_1)
FN:24,(anonymous_2)
FN:54,(anonymous_3)
FN:65,(anonymous_4)
FN:79,(anonymous_5)
FN:81,(anonymous_6)
FN:90,(anonymous_7)
FN:94,(anonymous_8)
FN:117,(anonymous_9)
FN:125,(anonymous_10)
FNF:11
FNH:9
FNDA:52,PostVolunteer
FNDA:2,(anonymous_1)
FNDA:2,(anonymous_2)
FNDA:1,(anonymous_3)
FNDA:1,(anonymous_4)
FNDA:47,(anonymous_5)
FNDA:47,(anonymous_6)
FNDA:1,(anonymous_7)
FNDA:1,(anonymous_8)
FNDA:0,(anonymous_9)
FNDA:0,(anonymous_10)
DA:8,52
DA:9,52
DA:23,52
DA:24,2
DA:25,2
DA:26,2
DA:35,2
DA:36,1
DA:37,1
DA:41,1
DA:42,1
DA:45,1
DA:46,1
DA:47,1
DA:48,0
DA:49,0
DA:52,1
DA:54,1
DA:64,1
DA:65,1
DA:73,2
DA:79,52
DA:80,47
DA:81,47
DA:90,52
DA:91,1
DA:93,1
DA:94,1
DA:96,1
DA:106,1
DA:108,1
DA:109,0
DA:112,1
DA:117,0
DA:125,52
DA:126,0
DA:129,52
DA:130,3
DA:142,49
DA:143,1
DA:160,48
LF:41
LH:36
BRDA:35,0,0,1
BRDA:35,0,1,1
BRDA:37,1,0,1
BRDA:37,1,1,0
BRDA:46,2,0,1
BRDA:46,2,1,0
BRDA:47,3,0,1
BRDA:47,3,1,0
BRDA:48,4,0,0
BRDA:48,4,1,0
BRDA:48,5,0,0
BRDA:48,5,1,0
BRDA:58,6,0,1
BRDA:58,6,1,0
BRDA:59,7,0,1
BRDA:59,7,1,0
BRDA:60,8,0,1
BRDA:60,8,1,0
BRDA:108,9,0,0
BRDA:108,9,1,1
BRDA:109,10,0,0
BRDA:109,10,1,0
BRDA:129,11,0,3
BRDA:129,11,1,49
BRDA:142,12,0,1
BRDA:142,12,1,48
BRDA:227,13,0,48
BRDA:227,13,1,0
BRDA:228,14,0,48
BRDA:228,14,1,0
BRDA:237,15,0,0
BRDA:237,15,1,48
BRF:32
BRH:16
end_of_record
TN:
SF:src\components\profile\Profile.js
FN:6,(anonymous_0)
FN:15,(anonymous_1)
FN:16,(anonymous_2)
FN:34,(anonymous_3)
FN:39,(anonymous_4)
FN:44,(anonymous_5)
FN:54,(anonymous_6)
FN:60,(anonymous_7)
FN:70,(anonymous_8)
FN:71,(anonymous_9)
FN:73,(anonymous_10)
FN:97,(anonymous_11)
FN:106,(anonymous_12)
FN:108,(anonymous_13)
FN:116,(anonymous_14)
FN:124,(anonymous_15)
FN:126,(anonymous_16)
FN:137,(anonymous_17)
FN:201,(anonymous_18)
FN:215,(anonymous_19)
FN:235,(anonymous_20)
FN:258,(anonymous_21)
FN:266,(anonymous_22)
FNF:23
FNH:18
FNDA:13,(anonymous_0)
FNDA:4,(anonymous_1)
FNDA:4,(anonymous_2)
FNDA:1,(anonymous_3)
FNDA:1,(anonymous_4)
FNDA:1,(anonymous_5)
FNDA:0,(anonymous_6)
FNDA:1,(anonymous_7)
FNDA:3,(anonymous_8)
FNDA:3,(anonymous_9)
FNDA:1,(anonymous_10)
FNDA:1,(anonymous_11)
FNDA:1,(anonymous_12)
FNDA:1,(anonymous_13)
FNDA:0,(anonymous_14)
FNDA:0,(anonymous_15)
FNDA:0,(anonymous_16)
FNDA:9,(anonymous_17)
FNDA:27,(anonymous_18)
FNDA:3,(anonymous_19)
FNDA:26,(anonymous_20)
FNDA:1,(anonymous_21)
FNDA:0,(anonymous_22)
DA:6,1
DA:8,13
DA:10,13
DA:12,13
DA:15,13
DA:16,4
DA:17,4
DA:18,4
DA:23,4
DA:24,4
DA:25,4
DA:27,0
DA:30,4
DA:34,13
DA:35,1
DA:39,13
DA:40,1
DA:41,1
DA:43,1
DA:44,1
DA:45,1
DA:46,1
DA:47,1
DA:53,1
DA:54,0
DA:55,0
DA:57,1
DA:58,1
DA:60,1
DA:62,0
DA:63,0
DA:66,1
DA:70,13
DA:71,3
DA:72,3
DA:73,1
DA:79,13
DA:80,4
DA:89,9
DA:90,9
DA:91,9
DA:93,9
DA:97,9
DA:98,1
DA:99,1
DA:105,1
DA:106,1
DA:108,1
DA:110,1
DA:112,0
DA:116,9
DA:117,0
DA:118,0
DA:124,0
DA:127,0
DA:130,0
DA:132,0
DA:137,9
DA:138,9
DA:139,9
DA:148,0
DA:149,0
DA:167,9
DA:203,27
DA:204,27
DA:205,27
DA:206,27
DA:207,27
DA:209,27
DA:211,27
DA:215,3
DA:236,26
DA:258,1
DA:266,0
LF:74
LH:59
BRDA:41,0,0,0
BRDA:41,0,1,1
BRDA:53,1,0,0
BRDA:53,1,1,1
BRDA:55,2,0,0
BRDA:55,2,1,0
BRDA:72,3,0,1
BRDA:72,3,1,2
BRDA:79,4,0,4
BRDA:79,4,1,9
BRDA:89,5,0,9
BRDA:89,5,1,0
BRDA:90,6,0,9
BRDA:90,6,1,0
BRDA:93,7,0,9
BRDA:93,7,1,0
BRDA:105,8,0,0
BRDA:105,8,1,1
BRDA:105,9,0,0
BRDA:105,9,1,0
BRDA:108,10,0,1
BRDA:108,10,1,0
BRDA:126,11,0,0
BRDA:126,11,1,0
BRDA:127,12,0,0
BRDA:127,12,1,0
BRDA:138,13,0,9
BRDA:138,13,1,0
BRDA:148,14,0,0
BRDA:148,14,1,0
BRDA:151,15,0,0
BRDA:151,15,1,0
BRDA:152,16,0,0
BRDA:152,16,1,0
BRDA:155,17,0,0
BRDA:155,17,1,0
BRDA:176,18,0,9
BRDA:176,18,1,8
BRDA:204,19,0,9
BRDA:204,19,1,18
BRDA:204,20,0,9
BRDA:204,20,1,0
BRDA:205,21,0,9
BRDA:205,21,1,18
BRDA:205,22,0,9
BRDA:205,22,1,0
BRDA:205,23,0,9
BRDA:205,23,1,0
BRDA:205,24,0,0
BRDA:205,24,1,0
BRDA:206,25,0,9
BRDA:206,25,1,18
BRDA:206,26,0,9
BRDA:206,26,1,0
BRDA:207,27,0,0
BRDA:207,27,1,27
BRDA:207,28,0,0
BRDA:207,28,1,0
BRDA:220,29,0,3
BRDA:220,29,1,24
BRDA:223,30,0,27
BRDA:223,30,1,0
BRDA:234,31,0,26
BRDA:234,31,1,1
BRDA:240,32,0,26
BRDA:240,32,1,9
BRDA:240,32,2,9
BRDA:240,32,3,9
BRDA:246,33,0,26
BRDA:246,33,1,0
BRDA:254,34,0,26
BRDA:254,34,1,9
BRDA:255,35,0,26
BRDA:255,35,1,8
BRDA:263,36,0,26
BRDA:263,36,1,9
BRDA:263,36,2,9
BRDA:263,36,3,9
BRDA:274,37,0,0
BRDA:274,37,1,1
BRF:80
BRH:44
end_of_record
TN:
SF:src\components\profile\displaySections.js
FNF:0
FNH:0
DA:1,2
DA:16,2
DA:38,2
LF:3
LH:3
BRF:0
BRH:0
end_of_record
TN:
SF:src\components\reset\ResetPassword.js
FN:8,ResetPassword
FN:20,(anonymous_1)
FN:50,(anonymous_2)
FN:52,(anonymous_3)
FN:80,(anonymous_4)
FN:110,(anonymous_5)
FN:133,(anonymous_6)
FN:142,(anonymous_7)
FN:151,(anonymous_8)
FNF:9
FNH:8
FNDA:38,ResetPassword
FNDA:5,(anonymous_1)
FNDA:5,(anonymous_2)
FNDA:5,(anonymous_3)
FNDA:3,(anonymous_4)
FNDA:1,(anonymous_5)
FNDA:0,(anonymous_6)
FNDA:11,(anonymous_7)
FNDA:11,(anonymous_8)
DA:9,38
DA:10,38
DA:11,38
DA:12,38
DA:13,38
DA:14,38
DA:15,38
DA:16,38
DA:17,38
DA:18,38
DA:20,38
DA:21,5
DA:22,5
DA:30,5
DA:31,1
DA:32,1
DA:33,0
DA:36,4
DA:38,4
DA:43,1
DA:46,1
DA:50,38
DA:52,5
DA:53,5
DA:54,0
DA:55,0
DA:56,0
DA:59,5
DA:60,5
DA:61,5
DA:62,4
DA:66,4
DA:68,1
DA:69,1
DA:71,5
DA:75,5
DA:80,38
DA:81,3
DA:82,3
DA:84,3
DA:85,3
DA:87,3
DA:93,2
DA:95,2
DA:96,2
DA:98,2
DA:99,1
DA:100,1
DA:102,1
DA:103,1
DA:107,1
DA:108,1
DA:110,1
DA:111,1
DA:113,1
DA:118,38
DA:133,0
DA:142,11
DA:151,11
LF:59
LH:54
BRDA:30,0,0,1
BRDA:30,0,1,4
BRDA:32,1,0,1
BRDA:32,1,1,0
BRDA:53,2,0,0
BRDA:53,2,1,5
BRDA:98,3,0,1
BRDA:98,3,1,1
BRDA:103,4,0,1
BRDA:103,4,1,0
BRDA:156,5,0,38
BRDA:156,5,1,6
BRF:12
BRH:9
end_of_record
TN:
SF:src\components\reusable\Footer.js
FN:5,Footer
FNF:1
FNH:0
FNDA:0,Footer
DA:7,0
DA:11,0
LF:2
LH:0
BRF:0
BRH:0
end_of_record
TN:
SF:src\components\reusable\Header.js
FN:19,Header
FN:27,(anonymous_1)
FN:31,(anonymous_2)
FN:32,(anonymous_3)
FN:33,(anonymous_4)
FN:39,(anonymous_5)
FNF:6
FNH:0
FNDA:0,Header
FNDA:0,(anonymous_1)
FNDA:0,(anonymous_2)
FNDA:0,(anonymous_3)
FNDA:0,(anonymous_4)
FNDA:0,(anonymous_5)
DA:22,0
DA:24,0
DA:27,0
DA:28,0
DA:31,0
DA:32,0
DA:34,0
DA:39,0
DA:40,0
DA:41,0
DA:45,0
DA:47,0
DA:49,0
DA:55,0
DA:56,0
DA:58,0
DA:59,0
DA:60,0
DA:61,0
DA:62,0
DA:66,0
DA:73,0
DA:74,0
DA:80,0
LF:24
LH:0
BRDA:31,0,0,0
BRDA:31,0,1,0
BRDA:55,1,0,0
BRDA:55,1,1,0
BRDA:59,2,0,0
BRDA:59,2,1,0
BRDA:60,3,0,0
BRDA:60,3,1,0
BRDA:61,4,0,0
BRDA:61,4,1,0
BRDA:73,5,0,0
BRDA:73,5,1,0
BRDA:90,6,0,0
BRDA:90,6,1,0
BRDA:92,7,0,0
BRDA:92,7,1,0
BRF:16
BRH:0
end_of_record
TN:
SF:src\components\reusable\ProtectedRoute.js
FN:11,ProtectedRoute
FN:15,(anonymous_1)
FN:19,(anonymous_2)
FN:20,(anonymous_3)
FN:24,(anonymous_4)
FNF:5
FNH:0
FNDA:0,ProtectedRoute
FNDA:0,(anonymous_1)
FNDA:0,(anonymous_2)
FNDA:0,(anonymous_3)
FNDA:0,(anonymous_4)
DA:12,0
DA:13,0
DA:15,0
DA:16,0
DA:19,0
DA:21,0
DA:22,0
DA:25,0
DA:26,0
DA:30,0
DA:32,0
DA:33,0
DA:35,0
DA:36,0
DA:37,0
DA:38,0
DA:41,0
LF:17
LH:0
BRDA:19,0,0,0
BRDA:19,0,1,0
BRDA:30,1,0,0
BRDA:30,1,1,0
BRDA:32,2,0,0
BRDA:32,2,1,0
BRDA:33,3,0,0
BRDA:33,3,1,0
BRDA:35,4,0,0
BRDA:35,4,1,0
BRDA:36,5,0,0
BRDA:36,5,1,0
BRDA:37,6,0,0
BRDA:37,6,1,0
BRF:14
BRH:0
end_of_record
TN:
SF:src\components\reusable\Sidebar.js
FN:12,Sidebar
FN:28,(anonymous_1)
FN:33,(anonymous_2)
FN:42,(anonymous_3)
FNF:4
FNH:0
FNDA:0,Sidebar
FNDA:0,(anonymous_1)
FNDA:0,(anonymous_2)
FNDA:0,(anonymous_3)
DA:25,0
DA:29,0
DA:34,0
DA:35,0
DA:36,0
DA:37,0
DA:38,0
DA:42,0
LF:8
LH:0
BRDA:31,0,0,0
BRDA:31,0,1,0
BRDA:34,1,0,0
BRDA:34,1,1,0
BRDA:37,2,0,0
BRDA:37,2,1,0
BRDA:42,3,0,0
BRDA:42,3,1,0
BRF:8
BRH:0
end_of_record
TN:
SF:src\components\search\Search.js
FN:9,(anonymous_0)
FN:16,OpportunityDetailModal
FN:24,(anonymous_2)
FN:33,(anonymous_3)
FN:35,(anonymous_4)
FN:38,(anonymous_5)
FN:56,(anonymous_6)
FN:125,TileBox
FN:138,(anonymous_8)
FN:154,(anonymous_9)
FN:154,(anonymous_10)
FN:156,(anonymous_11)
FN:167,SearchPage
FN:178,(anonymous_13)
FN:188,(anonymous_14)
FN:196,(anonymous_15)
FN:198,(anonymous_16)
FN:199,(anonymous_17)
FN:203,(anonymous_18)
FN:204,(anonymous_19)
FN:207,(anonymous_20)
FN:212,(anonymous_21)
FN:219,(anonymous_22)
FN:224,(anonymous_23)
FN:225,(anonymous_24)
FN:229,(anonymous_25)
FN:230,(anonymous_26)
FN:236,(anonymous_27)
FN:237,(anonymous_28)
FN:237,(anonymous_29)
FN:255,(anonymous_30)
FN:275,TagSidebar
FN:277,(anonymous_32)
FN:278,(anonymous_33)
FN:285,(anonymous_34)
FN:293,(anonymous_35)
FN:296,(anonymous_36)
FN:302,(anonymous_37)
FN:303,(anonymous_38)
FNF:39
FNH:33
FNDA:70,(anonymous_0)
FNDA:53,OpportunityDetailModal
FNDA:11,(anonymous_2)
FNDA:31,(anonymous_3)
FNDA:31,(anonymous_4)
FNDA:1,(anonymous_5)
FNDA:5,(anonymous_6)
FNDA:20,TileBox
FNDA:40,(anonymous_8)
FNDA:19,(anonymous_9)
FNDA:19,(anonymous_10)
FNDA:0,(anonymous_11)
FNDA:28,SearchPage
FNDA:7,(anonymous_13)
FNDA:13,(anonymous_14)
FNDA:12,(anonymous_15)
FNDA:12,(anonymous_16)
FNDA:12,(anonymous_17)
FNDA:0,(anonymous_18)
FNDA:12,(anonymous_19)
FNDA:2,(anonymous_20)
FNDA:2,(anonymous_21)
FNDA:54,(anonymous_22)
FNDA:5,(anonymous_23)
FNDA:5,(anonymous_24)
FNDA:1,(anonymous_25)
FNDA:1,(anonymous_26)
FNDA:0,(anonymous_27)
FNDA:0,(anonymous_28)
FNDA:0,(anonymous_29)
FNDA:4,(anonymous_30)
FNDA:20,TagSidebar
FNDA:69,(anonymous_32)
FNDA:93,(anonymous_33)
FNDA:4,(anonymous_34)
FNDA:2,(anonymous_35)
FNDA:0,(anonymous_36)
FNDA:67,(anonymous_37)
FNDA:1,(anonymous_38)
DA:9,1
DA:10,70
DA:17,53
DA:22,53
DA:24,53
DA:25,11
DA:26,2
DA:27,2
DA:31,53
DA:33,35
DA:34,31
DA:35,31
DA:38,35
DA:39,1
DA:40,1
DA:43,1
DA:44,1
DA:45,1
DA:46,1
DA:47,1
DA:48,1
DA:49,1
DA:51,1
DA:54,35
DA:56,5
DA:126,20
DA:127,20
DA:128,20
DA:129,20
DA:130,20
DA:132,20
DA:139,40
DA:154,19
DA:155,19
DA:156,0
DA:168,28
DA:169,28
DA:170,28
DA:171,28
DA:172,28
DA:173,28
DA:175,28
DA:176,28
DA:178,28
DA:179,7
DA:180,7
DA:181,1
DA:182,1
DA:183,1
DA:184,1
DA:188,28
DA:189,13
DA:196,28
DA:197,12
DA:198,12
DA:200,12
DA:201,12
DA:203,0
DA:204,12
DA:207,28
DA:208,2
DA:209,2
DA:212,28
DA:213,2
DA:214,2
DA:217,28
DA:219,20
DA:220,54
DA:223,20
DA:225,5
DA:229,20
DA:230,1
DA:231,1
DA:233,1
DA:236,20
DA:237,0
DA:240,20
DA:256,4
DA:257,4
DA:258,4
DA:276,20
DA:277,69
DA:278,93
DA:280,20
DA:285,4
DA:294,2
DA:296,0
DA:303,67
LF:88
LH:84
BRDA:25,0,0,2
BRDA:25,0,1,9
BRDA:31,1,0,18
BRDA:31,1,1,35
BRDA:31,2,0,53
BRDA:31,2,1,35
BRDA:58,3,0,35
BRDA:58,3,1,35
BRDA:61,4,0,35
BRDA:61,4,1,35
BRDA:115,5,0,0
BRDA:115,5,1,35
BRDA:135,6,0,2
BRDA:135,6,1,18
BRDA:139,7,0,20
BRDA:139,7,1,20
BRDA:157,8,0,18
BRDA:157,8,1,1
BRDA:180,9,0,1
BRDA:180,9,1,6
BRDA:182,10,0,1
BRDA:182,10,1,0
BRDA:183,11,0,1
BRDA:183,11,1,0
BRDA:184,12,0,1
BRDA:184,12,1,0
BRDA:200,13,0,12
BRDA:200,13,1,5
BRDA:217,14,0,8
BRDA:217,14,1,20
BRDA:220,15,0,54
BRDA:220,15,1,21
BRDA:223,16,0,2
BRDA:223,16,1,18
BRDA:231,17,0,0
BRDA:231,17,1,1
BRDA:291,18,0,20
BRDA:291,18,1,2
BRF:38
BRH:33
end_of_record
TN:
SF:src\components\search\SearchCards.js
FN:5,(anonymous_0)
FN:6,(anonymous_1)
FN:12,(anonymous_2)
FN:16,(anonymous_3)
FN:40,(anonymous_4)
FN:57,(anonymous_5)
FNF:6
FNH:6
FNDA:6,(anonymous_0)
FNDA:8,(anonymous_1)
FNDA:3,(anonymous_2)
FNDA:1,(anonymous_3)
FNDA:3,(anonymous_4)
FNDA:1,(anonymous_5)
DA:5,1
DA:6,6
DA:7,8
DA:12,1
DA:13,3
DA:15,3
DA:16,3
DA:17,1
DA:20,3
DA:40,1
DA:41,3
DA:43,3
DA:57,1
LF:13
LH:13
BRF:0
BRH:0
end_of_record
TN:
SF:src\components\signup\Signup.js
FN:7,Signup
FN:20,(anonymous_1)
FN:50,(anonymous_2)
FN:70,(anonymous_3)
FN:84,(anonymous_4)
FN:93,(anonymous_5)
FN:102,(anonymous_6)
FN:111,(anonymous_7)
FN:124,(anonymous_8)
FN:133,(anonymous_9)
FN:142,(anonymous_10)
FN:151,(anonymous_11)
FN:159,(anonymous_12)
FN:167,(anonymous_13)
FNF:14
FNH:8
FNDA:76,Signup
FNDA:3,(anonymous_1)
FNDA:1,(anonymous_2)
FNDA:1,(anonymous_3)
FNDA:5,(anonymous_4)
FNDA:28,(anonymous_5)
FNDA:15,(anonymous_6)
FNDA:15,(anonymous_7)
FNDA:0,(anonymous_8)
FNDA:0,(anonymous_9)
FNDA:0,(anonymous_10)
FNDA:0,(anonymous_11)
FNDA:0,(anonymous_12)
FNDA:0,(anonymous_13)
DA:8,76
DA:9,76
DA:10,76
DA:11,76
DA:12,76
DA:13,76
DA:14,76
DA:15,76
DA:16,76
DA:17,76
DA:18,76
DA:20,76
DA:21,3
DA:22,3
DA:24,3
DA:25,3
DA:27,3
DA:33,2
DA:34,2
DA:35,2
DA:37,2
DA:38,1
DA:39,1
DA:42,1
DA:43,1
DA:47,1
DA:48,1
DA:50,1
DA:51,1
DA:53,1
DA:58,76
DA:70,1
DA:84,5
DA:93,28
DA:102,15
DA:111,15
DA:124,0
DA:133,0
DA:142,0
DA:151,0
DA:160,0
DA:161,0
DA:162,0
DA:167,0
LF:44
LH:36
BRDA:37,0,0,1
BRDA:37,0,1,1
BRDA:43,1,0,1
BRDA:43,1,1,0
BRDA:115,2,0,76
BRDA:115,2,1,1
BRDA:175,3,0,76
BRDA:175,3,1,6
BRF:8
BRH:7
end_of_record
TN:
SF:src\components\verify\VerifyNGOs.js
FN:6,VerifyNGOs
FN:10,(anonymous_1)
FN:12,(anonymous_2)
FN:13,(anonymous_3)
FN:14,(anonymous_4)
FN:17,(anonymous_5)
FN:19,(anonymous_6)
FN:19,(anonymous_7)
FN:19,(anonymous_8)
FN:20,(anonymous_9)
FN:23,(anonymous_10)
FN:25,(anonymous_11)
FN:25,(anonymous_12)
FN:25,(anonymous_13)
FN:26,(anonymous_14)
FN:29,(anonymous_15)
FN:68,(anonymous_16)
FN:77,(anonymous_17)
FN:85,(anonymous_18)
FN:91,(anonymous_19)
FNF:20
FNH:0
FNDA:0,VerifyNGOs
FNDA:0,(anonymous_1)
FNDA:0,(anonymous_2)
FNDA:0,(anonymous_3)
FNDA:0,(anonymous_4)
FNDA:0,(anonymous_5)
FNDA:0,(anonymous_6)
FNDA:0,(anonymous_7)
FNDA:0,(anonymous_8)
FNDA:0,(anonymous_9)
FNDA:0,(anonymous_10)
FNDA:0,(anonymous_11)
FNDA:0,(anonymous_12)
FNDA:0,(anonymous_13)
FNDA:0,(anonymous_14)
FNDA:0,(anonymous_15)
FNDA:0,(anonymous_16)
FNDA:0,(anonymous_17)
FNDA:0,(anonymous_18)
FNDA:0,(anonymous_19)
DA:7,0
DA:8,0
DA:10,0
DA:11,0
DA:12,0
DA:13,0
DA:14,0
DA:17,0
DA:18,0
DA:19,0
DA:20,0
DA:23,0
DA:24,0
DA:25,0
DA:26,0
DA:29,0
DA:30,0
DA:33,0
DA:69,0
DA:77,0
DA:85,0
DA:91,0
LF:22
LH:0
BRDA:30,0,0,0
BRDA:30,0,1,0
BRDA:54,1,0,0
BRDA:54,1,1,0
BRDA:79,2,0,0
BRDA:79,2,1,0
BRDA:98,3,0,0
BRDA:98,3,1,0
BRDA:102,4,0,0
BRDA:102,4,1,0
BRDA:103,5,0,0
BRDA:103,5,1,0
BRDA:104,6,0,0
BRDA:104,6,1,0
BRDA:105,7,0,0
BRDA:105,7,1,0
BRDA:106,8,0,0
BRDA:106,8,1,0
BRDA:107,9,0,0
BRDA:107,9,1,0
BRDA:107,10,0,0
BRDA:107,10,1,0
BRDA:108,11,0,0
BRDA:108,11,1,0
BRF:24
BRH:0
end_of_record
TN:
SF:src\components\volunteer\Volunteer.js
FN:6,Volunteer
FN:9,(anonymous_1)
FN:27,(anonymous_2)
FNF:3
FNH:0
FNDA:0,Volunteer
FNDA:0,(anonymous_1)
FNDA:0,(anonymous_2)
DA:7,0
DA:9,0
DA:11,0
DA:18,0
DA:28,0
LF:5
LH:0
BRF:0
BRH:0
end_of_record
